#
# There is insufficient memory for the Java Runtime Environment to continue.
# Native memory allocation (malloc) failed to allocate 258416 bytes for Chunk::new
# Possible reasons:
#   The system is out of physical RAM or swap space
#   The process is running with CompressedOops enabled, and the Java Heap may be blocking the growth of the native heap
# Possible solutions:
#   Reduce memory load on the system
#   Increase physical memory or swap space
#   Check if swap backing store is full
#   Decrease Java heap size (-Xmx/-Xms)
#   Decrease number of Java threads
#   Decrease Java thread stack sizes (-Xss)
#   Set larger code cache with -XX:ReservedCodeCacheSize=
#   JVM is running with Unscaled Compressed Oops mode in which the Java heap is
#     placed in the first 4GB address space. The Java Heap base address is the
#     maximum limit for the native heap growth. Please use -XX:HeapBaseMinAddress
#     to set the Java Heap base and to place the Java Heap above 4GB virtual address.
# This output file may be truncated or incomplete.
#
#  Out of Memory Error (./src/hotspot/share/memory/arena.cpp:197), pid=5668, tid=19480
#
# JRE version: OpenJDK Runtime Environment (11.0.11+9) (build 11.0.11+9-b60-7590822)
# Java VM: OpenJDK 64-Bit Server VM (11.0.11+9-b60-7590822, mixed mode, tiered, compressed oops, g1 gc, windows-amd64)
# No core dump will be written. Minidumps are not enabled by default on client versions of Windows
#

---------------  S U M M A R Y ------------

Command Line: --add-opens=java.base/java.util=ALL-UNNAMED --add-opens=java.base/java.lang=ALL-UNNAMED --add-opens=java.base/java.lang.invoke=ALL-UNNAMED --add-opens=java.base/java.util=ALL-UNNAMED --add-opens=java.prefs/java.util.prefs=ALL-UNNAMED --add-opens=java.prefs/java.util.prefs=ALL-UNNAMED --add-opens=java.base/java.nio.charset=ALL-UNNAMED --add-opens=java.base/java.net=ALL-UNNAMED --add-opens=java.base/java.util.concurrent.atomic=ALL-UNNAMED -Xmx2048m -Dfile.encoding=UTF-8 -Duser.country=IN -Duser.language=en -Duser.variant org.gradle.launcher.daemon.bootstrap.GradleDaemon 7.2

Host: AMD Ryzen 5 3500U with Radeon Vega Mobile Gfx  , 8 cores, 5G,  Windows 10 , 64 bit Build 19041 (10.0.19041.1741)
Time: Sat Jul  9 20:02:20 2022 India Standard Time elapsed time: 8.814320 seconds (0d 0h 0m 8s)

---------------  T H R E A D  ---------------

Current thread (0x000001d54c02e000):  JavaThread "C2 CompilerThread0" daemon [_thread_in_native, id=19480, stack(0x0000008975800000,0x0000008975900000)]


Current CompileTask:
C2:   8814 5659       4       sun.nio.cs.UTF_8$Decoder::decodeArrayLoop (691 bytes)

Stack: [0x0000008975800000,0x0000008975900000]
Native frames: (J=compiled Java code, j=interpreted, Vv=VM code, C=native code)
V  [jvm.dll+0x5f214a]
V  [jvm.dll+0x726fb5]
V  [jvm.dll+0x7285cd]
V  [jvm.dll+0x728c83]
V  [jvm.dll+0x243278]
V  [jvm.dll+0xbc53c]
V  [jvm.dll+0xbca3c]
V  [jvm.dll+0x353e7d]
V  [jvm.dll+0x321893]
V  [jvm.dll+0x320d8a]
V  [jvm.dll+0x1fc1e2]
V  [jvm.dll+0x1fb3d4]
V  [jvm.dll+0x183d6c]
V  [jvm.dll+0x209a57]
V  [jvm.dll+0x2082a1]
V  [jvm.dll+0x6ef58f]
V  [jvm.dll+0x6e80b5]
V  [jvm.dll+0x5f1036]
C  [ucrtbase.dll+0x21bb2]
C  [KERNEL32.DLL+0x17034]
C  [ntdll.dll+0x52651]


---------------  P R O C E S S  ---------------

Threads class SMR info:
_java_thread_list=0x000001d54fdb11b0, length=122, elements={
0x000001d531baf800, 0x000001d54c007000, 0x000001d54c00a800, 0x000001d54c025000,
0x000001d54c026000, 0x000001d54c027800, 0x000001d54c02e000, 0x000001d54c031000,
0x000001d54c043000, 0x000001d54cb03800, 0x000001d54e406000, 0x000001d54cca7800,
0x000001d54e005000, 0x000001d54ddc6000, 0x000001d54ddc4800, 0x000001d54f9e8000,
0x000001d54ef1d000, 0x000001d54ee4d800, 0x000001d54ee4e000, 0x000001d54f6fd800,
0x000001d54ed7e000, 0x000001d54ed78800, 0x000001d54ed7c800, 0x000001d54ed7a000,
0x000001d54ed7b000, 0x000001d54ed7b800, 0x000001d54ed7d000, 0x000001d54ed7f000,
0x000001d54ed79000, 0x000001d5502d3000, 0x000001d5502d8000, 0x000001d5502d4000,
0x000001d5502d4800, 0x000001d5502d2000, 0x000001d5502dc000, 0x000001d5502dd000,
0x000001d5502de800, 0x000001d5502da800, 0x000001d5502d8800, 0x000001d5502db000,
0x000001d5502dd800, 0x000001d5502df000, 0x000001d5502d9800, 0x000001d5502e0000,
0x000001d5502e1000, 0x000001d551ce6800, 0x000001d551ce7000, 0x000001d551ce3000,
0x000001d551ce4000, 0x000001d551ce4800, 0x000001d551ce5800, 0x000001d551ce8000,
0x000001d551ce2000, 0x000001d551ce9800, 0x000001d551ced000, 0x000001d551ced800,
0x000001d551cee800, 0x000001d551ce9000, 0x000001d551cec000, 0x000001d551cef800,
0x000001d551cf0000, 0x000001d551cea800, 0x000001d551cf1000, 0x000001d551ceb000,
0x000001d54e20c800, 0x000001d54e20a800, 0x000001d54e211000, 0x000001d54e20d000,
0x000001d54e20b800, 0x000001d54e212000, 0x000001d54e213000, 0x000001d54e20e000,
0x000001d54e213800, 0x000001d54e214800, 0x000001d54e20f000, 0x000001d54e215800,
0x000001d54e210800, 0x000001d54e20f800, 0x000001d54e216000, 0x000001d54e217000,
0x000001d54e218000, 0x000001d54e218800, 0x000001d54e219800, 0x000001d55275e800,
0x000001d55275a800, 0x000001d55275d800, 0x000001d55275c000, 0x000001d55275b000,
0x000001d552758800, 0x000001d552759800, 0x000001d55275d000, 0x000001d55275f800,
0x000001d552761000, 0x000001d552762800, 0x000001d552765000, 0x000001d552761800,
0x000001d552763800, 0x000001d552764000, 0x000001d552766000, 0x000001d552760000,
0x000001d552767800, 0x000001d552766800, 0x000001d54f3fc000, 0x000001d54f3fd800,
0x000001d54f3fd000, 0x000001d54f3f8000, 0x000001d54f3f9800, 0x000001d54f3fb800,
0x000001d54f3fa800, 0x000001d54f3fe800, 0x000001d54f3f9000, 0x000001d54f402800,
0x000001d54f405000, 0x000001d54f403800, 0x000001d54f402000, 0x000001d54f401000,
0x000001d54f3ff800, 0x000001d54f406000, 0x000001d54f404000, 0x000001d54f400000,
0x000001d54f406800, 0x000001d551aff000
}

Java Threads: ( => current thread )
  0x000001d531baf800 JavaThread "main" [_thread_blocked, id=25928, stack(0x0000008974c00000,0x0000008974d00000)]
  0x000001d54c007000 JavaThread "Reference Handler" daemon [_thread_blocked, id=19704, stack(0x0000008975300000,0x0000008975400000)]
  0x000001d54c00a800 JavaThread "Finalizer" daemon [_thread_blocked, id=7816, stack(0x0000008975400000,0x0000008975500000)]
  0x000001d54c025000 JavaThread "Signal Dispatcher" daemon [_thread_blocked, id=10472, stack(0x0000008975500000,0x0000008975600000)]
  0x000001d54c026000 JavaThread "Attach Listener" daemon [_thread_blocked, id=17068, stack(0x0000008975600000,0x0000008975700000)]
  0x000001d54c027800 JavaThread "Service Thread" daemon [_thread_blocked, id=10384, stack(0x0000008975700000,0x0000008975800000)]
=>0x000001d54c02e000 JavaThread "C2 CompilerThread0" daemon [_thread_in_native, id=19480, stack(0x0000008975800000,0x0000008975900000)]
  0x000001d54c031000 JavaThread "C1 CompilerThread0" daemon [_thread_blocked, id=10352, stack(0x0000008975900000,0x0000008975a00000)]
  0x000001d54c043000 JavaThread "Sweeper thread" daemon [_thread_blocked, id=20540, stack(0x0000008975a00000,0x0000008975b00000)]
  0x000001d54cb03800 JavaThread "Common-Cleaner" daemon [_thread_blocked, id=15600, stack(0x0000008975b00000,0x0000008975c00000)]
  0x000001d54e406000 JavaThread "Daemon health stats" [_thread_blocked, id=26032, stack(0x0000008975f00000,0x0000008976000000)]
  0x000001d54cca7800 JavaThread "Incoming local TCP Connector on port 52779" [_thread_in_native, id=1508, stack(0x0000008975d00000,0x0000008975e00000)]
  0x000001d54e005000 JavaThread "Daemon periodic checks" [_thread_blocked, id=20288, stack(0x0000008976200000,0x0000008976300000)]
  0x000001d54ddc6000 JavaThread "Daemon" [_thread_blocked, id=8712, stack(0x0000008976300000,0x0000008976400000)]
  0x000001d54ddc4800 JavaThread "Handler for socket connection from /127.0.0.1:52779 to /127.0.0.1:52780" [_thread_in_native, id=28500, stack(0x0000008976400000,0x0000008976500000)]
  0x000001d54f9e8000 JavaThread "Cancel handler" [_thread_blocked, id=11132, stack(0x0000008976500000,0x0000008976600000)]
  0x000001d54ef1d000 JavaThread "Daemon worker" [_thread_in_native, id=24944, stack(0x0000008976600000,0x0000008976700000)]
  0x000001d54ee4d800 JavaThread "C2 CompilerThread1" daemon [_thread_in_native, id=13736, stack(0x0000008976700000,0x0000008976800000)]
  0x000001d54ee4e000 JavaThread "Asynchronous log dispatcher for DefaultDaemonConnection: socket connection from /127.0.0.1:52779 to /127.0.0.1:52780" [_thread_blocked, id=6576, stack(0x0000008976800000,0x0000008976900000)]
  0x000001d54f6fd800 JavaThread "Stdin handler" [_thread_blocked, id=6892, stack(0x0000008976900000,0x0000008976a00000)]
  0x000001d54ed7e000 JavaThread "Daemon client event forwarder" [_thread_blocked, id=23420, stack(0x0000008976a00000,0x0000008976b00000)]
  0x000001d54ed78800 JavaThread "Cache worker for journal cache (C:\Users\souvik dey\.gradle\caches\journal-1)" [_thread_blocked, id=19664, stack(0x0000008976b00000,0x0000008976c00000)]
  0x000001d54ed7c800 JavaThread "File lock request listener" [_thread_in_native, id=23672, stack(0x0000008976c00000,0x0000008976d00000)]
  0x000001d54ed7a000 JavaThread "Cache worker for file hash cache (C:\Users\souvik dey\.gradle\caches\7.2\fileHashes)" [_thread_blocked, id=26740, stack(0x0000008976d00000,0x0000008976e00000)]
  0x000001d54ed7b000 JavaThread "Cache worker for file hash cache (E:\my programming\android projects\ProjectKaro\.gradle\7.2\fileHashes)" [_thread_blocked, id=18428, stack(0x0000008977300000,0x0000008977400000)]
  0x000001d54ed7b800 JavaThread "File watcher server" daemon [_thread_in_native, id=9832, stack(0x0000008977400000,0x0000008977500000)]
  0x000001d54ed7d000 JavaThread "File watcher consumer" daemon [_thread_blocked, id=13444, stack(0x0000008977500000,0x0000008977600000)]
  0x000001d54ed7f000 JavaThread "Cache worker for checksums cache (E:\my programming\android projects\ProjectKaro\.gradle\checksums)" [_thread_blocked, id=3108, stack(0x0000008977600000,0x0000008977700000)]
  0x000001d54ed79000 JavaThread "Cache worker for cache directory md-supplier (C:\Users\souvik dey\.gradle\caches\7.2\md-supplier)" [_thread_blocked, id=12492, stack(0x0000008977700000,0x0000008977800000)]
  0x000001d5502d3000 JavaThread "Cache worker for cache directory md-rule (C:\Users\souvik dey\.gradle\caches\7.2\md-rule)" [_thread_blocked, id=21856, stack(0x0000008977800000,0x0000008977900000)]
  0x000001d5502d8000 JavaThread "Cache worker for execution history cache (C:\Users\souvik dey\.gradle\caches\7.2\executionHistory)" [_thread_blocked, id=7676, stack(0x0000008977900000,0x0000008977a00000)]
  0x000001d5502d4000 JavaThread "jar transforms" [_thread_blocked, id=19024, stack(0x0000008977a00000,0x0000008977b00000)]
  0x000001d5502d4800 JavaThread "Cache worker for file content cache (C:\Users\souvik dey\.gradle\caches\7.2\fileContent)" [_thread_blocked, id=8804, stack(0x0000008977b00000,0x0000008977c00000)]
  0x000001d5502d2000 JavaThread "jar transforms Thread 2" [_thread_blocked, id=18736, stack(0x0000008977c00000,0x0000008977d00000)]
  0x000001d5502dc000 JavaThread "Cache worker for dependencies-accessors (E:\my programming\android projects\ProjectKaro\.gradle\7.2\dependencies-accessors)" [_thread_blocked, id=27912, stack(0x0000008977d00000,0x0000008977e00000)]
  0x000001d5502dd000 JavaThread "jar transforms Thread 3" [_thread_blocked, id=18740, stack(0x0000008977e00000,0x0000008977f00000)]
  0x000001d5502de800 JavaThread "Cache worker for Build Output Cleanup Cache (E:\my programming\android projects\ProjectKaro\.gradle\buildOutputCleanup)" [_thread_blocked, id=1384, stack(0x0000008977f00000,0x0000008978000000)]
  0x000001d5502da800 JavaThread "Unconstrained build operations" [_thread_blocked, id=8944, stack(0x0000008978000000,0x0000008978100000)]
  0x000001d5502d8800 JavaThread "Unconstrained build operations Thread 2" [_thread_blocked, id=2560, stack(0x0000008978100000,0x0000008978200000)]
  0x000001d5502db000 JavaThread "Unconstrained build operations Thread 3" [_thread_blocked, id=2424, stack(0x0000008978200000,0x0000008978300000)]
  0x000001d5502dd800 JavaThread "Unconstrained build operations Thread 4" [_thread_blocked, id=10404, stack(0x0000008978300000,0x0000008978400000)]
  0x000001d5502df000 JavaThread "Unconstrained build operations Thread 5" [_thread_blocked, id=16364, stack(0x0000008978400000,0x0000008978500000)]
  0x000001d5502d9800 JavaThread "Unconstrained build operations Thread 6" [_thread_blocked, id=24560, stack(0x0000008978500000,0x0000008978600000)]
  0x000001d5502e0000 JavaThread "Unconstrained build operations Thread 7" [_thread_blocked, id=8640, stack(0x0000008978600000,0x0000008978700000)]
  0x000001d5502e1000 JavaThread "Unconstrained build operations Thread 8" [_thread_blocked, id=19408, stack(0x0000008978700000,0x0000008978800000)]
  0x000001d551ce6800 JavaThread "Unconstrained build operations Thread 9" [_thread_blocked, id=18772, stack(0x0000008978800000,0x0000008978900000)]
  0x000001d551ce7000 JavaThread "Unconstrained build operations Thread 10" [_thread_blocked, id=6328, stack(0x0000008978900000,0x0000008978a00000)]
  0x000001d551ce3000 JavaThread "Unconstrained build operations Thread 11" [_thread_blocked, id=10040, stack(0x0000008978a00000,0x0000008978b00000)]
  0x000001d551ce4000 JavaThread "Unconstrained build operations Thread 12" [_thread_blocked, id=26816, stack(0x0000008978b00000,0x0000008978c00000)]
  0x000001d551ce4800 JavaThread "Unconstrained build operations Thread 13" [_thread_blocked, id=10688, stack(0x0000008978c00000,0x0000008978d00000)]
  0x000001d551ce5800 JavaThread "Unconstrained build operations Thread 14" [_thread_blocked, id=22164, stack(0x0000008978d00000,0x0000008978e00000)]
  0x000001d551ce8000 JavaThread "Unconstrained build operations Thread 15" [_thread_blocked, id=5560, stack(0x0000008978e00000,0x0000008978f00000)]
  0x000001d551ce2000 JavaThread "Unconstrained build operations Thread 16" [_thread_blocked, id=16764, stack(0x0000008978f00000,0x0000008979000000)]
  0x000001d551ce9800 JavaThread "Unconstrained build operations Thread 17" [_thread_blocked, id=2892, stack(0x0000008979000000,0x0000008979100000)]
  0x000001d551ced000 JavaThread "Unconstrained build operations Thread 18" [_thread_blocked, id=16944, stack(0x0000008979100000,0x0000008979200000)]
  0x000001d551ced800 JavaThread "Unconstrained build operations Thread 19" [_thread_blocked, id=2736, stack(0x0000008979200000,0x0000008979300000)]
  0x000001d551cee800 JavaThread "Unconstrained build operations Thread 20" [_thread_blocked, id=15904, stack(0x0000008979300000,0x0000008979400000)]
  0x000001d551ce9000 JavaThread "Unconstrained build operations Thread 21" [_thread_blocked, id=7288, stack(0x0000008979400000,0x0000008979500000)]
  0x000001d551cec000 JavaThread "Unconstrained build operations Thread 22" [_thread_blocked, id=2652, stack(0x0000008979500000,0x0000008979600000)]
  0x000001d551cef800 JavaThread "Unconstrained build operations Thread 23" [_thread_blocked, id=15668, stack(0x0000008979600000,0x0000008979700000)]
  0x000001d551cf0000 JavaThread "Unconstrained build operations Thread 24" [_thread_blocked, id=23556, stack(0x0000008979700000,0x0000008979800000)]
  0x000001d551cea800 JavaThread "Unconstrained build operations Thread 25" [_thread_blocked, id=13252, stack(0x0000008979800000,0x0000008979900000)]
  0x000001d551cf1000 JavaThread "Unconstrained build operations Thread 26" [_thread_blocked, id=22436, stack(0x0000008979900000,0x0000008979a00000)]
  0x000001d551ceb000 JavaThread "Unconstrained build operations Thread 27" [_thread_blocked, id=10056, stack(0x0000008979a00000,0x0000008979b00000)]
  0x000001d54e20c800 JavaThread "Unconstrained build operations Thread 28" [_thread_blocked, id=13624, stack(0x0000008979b00000,0x0000008979c00000)]
  0x000001d54e20a800 JavaThread "Unconstrained build operations Thread 29" [_thread_blocked, id=26848, stack(0x0000008979c00000,0x0000008979d00000)]
  0x000001d54e211000 JavaThread "Unconstrained build operations Thread 30" [_thread_blocked, id=5872, stack(0x0000008979d00000,0x0000008979e00000)]
  0x000001d54e20d000 JavaThread "Unconstrained build operations Thread 31" [_thread_blocked, id=23088, stack(0x0000008979e00000,0x0000008979f00000)]
  0x000001d54e20b800 JavaThread "Unconstrained build operations Thread 32" [_thread_blocked, id=27188, stack(0x0000008979f00000,0x000000897a000000)]
  0x000001d54e212000 JavaThread "Unconstrained build operations Thread 33" [_thread_blocked, id=18508, stack(0x000000897a000000,0x000000897a100000)]
  0x000001d54e213000 JavaThread "Unconstrained build operations Thread 34" [_thread_blocked, id=17748, stack(0x000000897a100000,0x000000897a200000)]
  0x000001d54e20e000 JavaThread "Unconstrained build operations Thread 35" [_thread_blocked, id=16528, stack(0x000000897a200000,0x000000897a300000)]
  0x000001d54e213800 JavaThread "Unconstrained build operations Thread 36" [_thread_blocked, id=27832, stack(0x000000897a300000,0x000000897a400000)]
  0x000001d54e214800 JavaThread "Unconstrained build operations Thread 37" [_thread_blocked, id=9392, stack(0x000000897a400000,0x000000897a500000)]
  0x000001d54e20f000 JavaThread "Unconstrained build operations Thread 38" [_thread_blocked, id=13684, stack(0x000000897a500000,0x000000897a600000)]
  0x000001d54e215800 JavaThread "Unconstrained build operations Thread 39" [_thread_blocked, id=9352, stack(0x000000897a600000,0x000000897a700000)]
  0x000001d54e210800 JavaThread "Unconstrained build operations Thread 40" [_thread_blocked, id=27152, stack(0x000000897a700000,0x000000897a800000)]
  0x000001d54e20f800 JavaThread "Unconstrained build operations Thread 41" [_thread_blocked, id=8952, stack(0x000000897a800000,0x000000897a900000)]
  0x000001d54e216000 JavaThread "Unconstrained build operations Thread 42" [_thread_blocked, id=24244, stack(0x000000897a900000,0x000000897aa00000)]
  0x000001d54e217000 JavaThread "Unconstrained build operations Thread 43" [_thread_blocked, id=6712, stack(0x000000897aa00000,0x000000897ab00000)]
  0x000001d54e218000 JavaThread "Unconstrained build operations Thread 44" [_thread_blocked, id=7884, stack(0x000000897ab00000,0x000000897ac00000)]
  0x000001d54e218800 JavaThread "Unconstrained build operations Thread 45" [_thread_blocked, id=17852, stack(0x000000897ac00000,0x000000897ad00000)]
  0x000001d54e219800 JavaThread "Unconstrained build operations Thread 46" [_thread_blocked, id=3148, stack(0x000000897ad00000,0x000000897ae00000)]
  0x000001d55275e800 JavaThread "Unconstrained build operations Thread 47" [_thread_blocked, id=23116, stack(0x000000897ae00000,0x000000897af00000)]
  0x000001d55275a800 JavaThread "Unconstrained build operations Thread 48" [_thread_blocked, id=18232, stack(0x000000897af00000,0x000000897b000000)]
  0x000001d55275d800 JavaThread "Unconstrained build operations Thread 49" [_thread_blocked, id=26964, stack(0x000000897b000000,0x000000897b100000)]
  0x000001d55275c000 JavaThread "Unconstrained build operations Thread 50" [_thread_blocked, id=26060, stack(0x000000897b100000,0x000000897b200000)]
  0x000001d55275b000 JavaThread "Unconstrained build operations Thread 51" [_thread_blocked, id=16708, stack(0x000000897b200000,0x000000897b300000)]
  0x000001d552758800 JavaThread "Unconstrained build operations Thread 52" [_thread_blocked, id=25652, stack(0x000000897b300000,0x000000897b400000)]
  0x000001d552759800 JavaThread "Unconstrained build operations Thread 53" [_thread_blocked, id=28556, stack(0x000000897b400000,0x000000897b500000)]
  0x000001d55275d000 JavaThread "Unconstrained build operations Thread 54" [_thread_blocked, id=18696, stack(0x000000897b500000,0x000000897b600000)]
  0x000001d55275f800 JavaThread "Unconstrained build operations Thread 55" [_thread_blocked, id=736, stack(0x000000897b600000,0x000000897b700000)]
  0x000001d552761000 JavaThread "Unconstrained build operations Thread 56" [_thread_blocked, id=19420, stack(0x000000897b700000,0x000000897b800000)]
  0x000001d552762800 JavaThread "Unconstrained build operations Thread 57" [_thread_blocked, id=1480, stack(0x000000897b800000,0x000000897b900000)]
  0x000001d552765000 JavaThread "Unconstrained build operations Thread 58" [_thread_blocked, id=1160, stack(0x000000897b900000,0x000000897ba00000)]
  0x000001d552761800 JavaThread "Unconstrained build operations Thread 59" [_thread_blocked, id=11740, stack(0x000000897ba00000,0x000000897bb00000)]
  0x000001d552763800 JavaThread "Unconstrained build operations Thread 60" [_thread_blocked, id=8012, stack(0x000000897bb00000,0x000000897bc00000)]
  0x000001d552764000 JavaThread "Unconstrained build operations Thread 61" [_thread_blocked, id=22956, stack(0x000000897bc00000,0x000000897bd00000)]
  0x000001d552766000 JavaThread "Unconstrained build operations Thread 62" [_thread_blocked, id=9008, stack(0x000000897bd00000,0x000000897be00000)]
  0x000001d552760000 JavaThread "Unconstrained build operations Thread 63" [_thread_blocked, id=11364, stack(0x000000897be00000,0x000000897bf00000)]
  0x000001d552767800 JavaThread "Unconstrained build operations Thread 64" [_thread_blocked, id=15844, stack(0x000000897bf00000,0x000000897c000000)]
  0x000001d552766800 JavaThread "Unconstrained build operations Thread 65" [_thread_blocked, id=11656, stack(0x000000897c000000,0x000000897c100000)]
  0x000001d54f3fc000 JavaThread "Unconstrained build operations Thread 66" [_thread_blocked, id=25064, stack(0x000000897c100000,0x000000897c200000)]
  0x000001d54f3fd800 JavaThread "Unconstrained build operations Thread 67" [_thread_blocked, id=23040, stack(0x000000897c200000,0x000000897c300000)]
  0x000001d54f3fd000 JavaThread "Unconstrained build operations Thread 68" [_thread_blocked, id=9920, stack(0x000000897c300000,0x000000897c400000)]
  0x000001d54f3f8000 JavaThread "Unconstrained build operations Thread 69" [_thread_blocked, id=13552, stack(0x000000897c400000,0x000000897c500000)]
  0x000001d54f3f9800 JavaThread "Unconstrained build operations Thread 70" [_thread_blocked, id=12656, stack(0x000000897c500000,0x000000897c600000)]
  0x000001d54f3fb800 JavaThread "Unconstrained build operations Thread 71" [_thread_blocked, id=22952, stack(0x000000897c600000,0x000000897c700000)]
  0x000001d54f3fa800 JavaThread "Unconstrained build operations Thread 72" [_thread_blocked, id=21136, stack(0x000000897c700000,0x000000897c800000)]
  0x000001d54f3fe800 JavaThread "Unconstrained build operations Thread 73" [_thread_blocked, id=14712, stack(0x000000897c800000,0x000000897c900000)]
  0x000001d54f3f9000 JavaThread "Unconstrained build operations Thread 74" [_thread_blocked, id=19136, stack(0x000000897c900000,0x000000897ca00000)]
  0x000001d54f402800 JavaThread "Unconstrained build operations Thread 75" [_thread_blocked, id=28540, stack(0x000000897ca00000,0x000000897cb00000)]
  0x000001d54f405000 JavaThread "Unconstrained build operations Thread 76" [_thread_blocked, id=12044, stack(0x000000897cb00000,0x000000897cc00000)]
  0x000001d54f403800 JavaThread "Unconstrained build operations Thread 77" [_thread_blocked, id=20244, stack(0x000000897cc00000,0x000000897cd00000)]
  0x000001d54f402000 JavaThread "Unconstrained build operations Thread 78" [_thread_blocked, id=18708, stack(0x000000897cd00000,0x000000897ce00000)]
  0x000001d54f401000 JavaThread "Unconstrained build operations Thread 79" [_thread_blocked, id=28592, stack(0x000000897ce00000,0x000000897cf00000)]
  0x000001d54f3ff800 JavaThread "Unconstrained build operations Thread 80" [_thread_blocked, id=3332, stack(0x000000897cf00000,0x000000897d000000)]
  0x000001d54f406000 JavaThread "jar transforms Thread 4" [_thread_blocked, id=9952, stack(0x000000897d000000,0x000000897d100000)]
  0x000001d54f404000 JavaThread "jar transforms Thread 5" [_thread_blocked, id=9168, stack(0x000000897d100000,0x000000897d200000)]
  0x000001d54f400000 JavaThread "jar transforms Thread 6" [_thread_blocked, id=23064, stack(0x000000897d200000,0x000000897d300000)]
  0x000001d54f406800 JavaThread "jar transforms Thread 7" [_thread_blocked, id=28372, stack(0x000000897d300000,0x000000897d400000)]
  0x000001d551aff000 JavaThread "jar transforms Thread 8" [_thread_blocked, id=18872, stack(0x000000897d400000,0x000000897d500000)]

Other Threads:
  0x000001d54c005800 VMThread "VM Thread" [stack: 0x0000008975200000,0x0000008975300000] [id=13328]
  0x000001d54cb09800 WatcherThread [stack: 0x0000008975c00000,0x0000008975d00000] [id=8072]
  0x000001d531bc3800 GCTaskThread "GC Thread#0" [stack: 0x0000008974d00000,0x0000008974e00000] [id=19376]
  0x000001d54d68d000 GCTaskThread "GC Thread#1" [stack: 0x0000008975e00000,0x0000008975f00000] [id=9336]
  0x000001d54d68c000 GCTaskThread "GC Thread#2" [stack: 0x0000008976000000,0x0000008976100000] [id=17756]
  0x000001d54d690800 GCTaskThread "GC Thread#3" [stack: 0x0000008976100000,0x0000008976200000] [id=2436]
  0x000001d54d68d800 GCTaskThread "GC Thread#4" [stack: 0x0000008976e00000,0x0000008976f00000] [id=24128]
  0x000001d54d691000 GCTaskThread "GC Thread#5" [stack: 0x0000008976f00000,0x0000008977000000] [id=25112]
  0x000001d54d68a800 GCTaskThread "GC Thread#6" [stack: 0x0000008977000000,0x0000008977100000] [id=26636]
  0x000001d54d68e800 GCTaskThread "GC Thread#7" [stack: 0x0000008977100000,0x0000008977200000] [id=20208]
  0x000001d531bf6000 ConcurrentGCThread "G1 Main Marker" [stack: 0x0000008974e00000,0x0000008974f00000] [id=24460]
  0x000001d531bf7800 ConcurrentGCThread "G1 Conc#0" [stack: 0x0000008974f00000,0x0000008975000000] [id=27480]
  0x000001d54d68f000 ConcurrentGCThread "G1 Conc#1" [stack: 0x0000008977200000,0x0000008977300000] [id=26744]
  0x000001d531c7c000 ConcurrentGCThread "G1 Refine#0" [stack: 0x0000008975000000,0x0000008975100000] [id=19616]
  0x000001d531c7d000 ConcurrentGCThread "G1 Young RemSet Sampling" [stack: 0x0000008975100000,0x0000008975200000] [id=15972]

Threads with active compile tasks:
C2 CompilerThread0   8848 5659       4       sun.nio.cs.UTF_8$Decoder::decodeArrayLoop (691 bytes)
C2 CompilerThread1   8849 5769       4       org.gradle.internal.service.DefaultServiceRegistry$OwnServices::getService (309 bytes)

VM state:not at safepoint (normal execution)

VM Mutex/Monitor currently owned by a thread: None

Heap address: 0x0000000080000000, size: 2048 MB, Compressed Oops mode: 32-bit
Narrow klass base: 0x0000000000000000, Narrow klass shift: 3
Compressed class space size: 1073741824 Address: 0x0000000100000000

Heap:
 garbage-first heap   total 143360K, used 58932K [0x0000000080000000, 0x0000000100000000)
  region size 1024K, 9 young (9216K), 2 survivors (2048K)
 Metaspace       used 54494K, capacity 55930K, committed 56140K, reserved 1101824K
  class space    used 6948K, capacity 7485K, committed 7500K, reserved 1048576K
Heap Regions: E=young(eden), S=young(survivor), O=old, HS=humongous(starts), HC=humongous(continues), CS=collection set, F=free, A=archive, TAMS=top-at-mark-start (previous, next)
|   0|0x0000000080000000, 0x0000000080100000, 0x0000000080100000|100%| O|  |TAMS 0x0000000080100000, 0x0000000080000000| Untracked 
|   1|0x0000000080100000, 0x0000000080200000, 0x0000000080200000|100%| O|  |TAMS 0x0000000080200000, 0x0000000080100000| Untracked 
|   2|0x0000000080200000, 0x0000000080300000, 0x0000000080300000|100%| O|  |TAMS 0x0000000080300000, 0x0000000080200000| Untracked 
|   3|0x0000000080300000, 0x0000000080400000, 0x0000000080400000|100%|HS|  |TAMS 0x0000000080400000, 0x0000000080300000| Complete 
|   4|0x0000000080400000, 0x0000000080500000, 0x0000000080500000|100%|HC|  |TAMS 0x0000000080500000, 0x0000000080400000| Complete 
|   5|0x0000000080500000, 0x0000000080600000, 0x0000000080600000|100%|HC|  |TAMS 0x0000000080600000, 0x0000000080500000| Complete 
|   6|0x0000000080600000, 0x0000000080700000, 0x0000000080700000|100%| O|  |TAMS 0x0000000080700000, 0x0000000080600000| Untracked 
|   7|0x0000000080700000, 0x0000000080800000, 0x0000000080800000|100%| O|  |TAMS 0x0000000080800000, 0x0000000080700000| Untracked 
|   8|0x0000000080800000, 0x0000000080900000, 0x0000000080900000|100%| O|  |TAMS 0x0000000080900000, 0x0000000080800000| Untracked 
|   9|0x0000000080900000, 0x0000000080a00000, 0x0000000080a00000|100%| O|  |TAMS 0x0000000080a00000, 0x0000000080900000| Untracked 
|  10|0x0000000080a00000, 0x0000000080b00000, 0x0000000080b00000|100%| O|  |TAMS 0x0000000080b00000, 0x0000000080a00000| Untracked 
|  11|0x0000000080b00000, 0x0000000080c00000, 0x0000000080c00000|100%| O|  |TAMS 0x0000000080c00000, 0x0000000080b00000| Untracked 
|  12|0x0000000080c00000, 0x0000000080d00000, 0x0000000080d00000|100%| O|  |TAMS 0x0000000080d00000, 0x0000000080c00000| Untracked 
|  13|0x0000000080d00000, 0x0000000080e00000, 0x0000000080e00000|100%| O|  |TAMS 0x0000000080e00000, 0x0000000080d00000| Untracked 
|  14|0x0000000080e00000, 0x0000000080f00000, 0x0000000080f00000|100%| O|  |TAMS 0x0000000080f00000, 0x0000000080e00000| Untracked 
|  15|0x0000000080f00000, 0x0000000081000000, 0x0000000081000000|100%| O|  |TAMS 0x0000000081000000, 0x0000000080f00000| Untracked 
|  16|0x0000000081000000, 0x0000000081100000, 0x0000000081100000|100%| O|  |TAMS 0x0000000081047a00, 0x0000000081000000| Untracked 
|  17|0x0000000081100000, 0x0000000081200000, 0x0000000081200000|100%| O|  |TAMS 0x0000000081100000, 0x0000000081100000| Untracked 
|  18|0x0000000081200000, 0x0000000081300000, 0x0000000081300000|100%| O|  |TAMS 0x0000000081200000, 0x0000000081200000| Untracked 
|  19|0x0000000081300000, 0x0000000081400000, 0x0000000081400000|100%| O|  |TAMS 0x0000000081300000, 0x0000000081300000| Untracked 
|  20|0x0000000081400000, 0x0000000081500000, 0x0000000081500000|100%| O|  |TAMS 0x0000000081400000, 0x0000000081400000| Untracked 
|  21|0x0000000081500000, 0x0000000081600000, 0x0000000081600000|100%| O|  |TAMS 0x0000000081500000, 0x0000000081500000| Untracked 
|  22|0x0000000081600000, 0x0000000081700000, 0x0000000081700000|100%| O|  |TAMS 0x0000000081600000, 0x0000000081600000| Untracked 
|  23|0x0000000081700000, 0x0000000081800000, 0x0000000081800000|100%| O|  |TAMS 0x0000000081700000, 0x0000000081700000| Untracked 
|  24|0x0000000081800000, 0x0000000081900000, 0x0000000081900000|100%| O|  |TAMS 0x0000000081800000, 0x0000000081800000| Untracked 
|  25|0x0000000081900000, 0x0000000081a00000, 0x0000000081a00000|100%| O|  |TAMS 0x0000000081900000, 0x0000000081900000| Untracked 
|  26|0x0000000081a00000, 0x0000000081b00000, 0x0000000081b00000|100%|HS|  |TAMS 0x0000000081a00000, 0x0000000081a00000| Complete 
|  27|0x0000000081b00000, 0x0000000081c00000, 0x0000000081c00000|100%|HS|  |TAMS 0x0000000081b00000, 0x0000000081b00000| Complete 
|  28|0x0000000081c00000, 0x0000000081d00000, 0x0000000081d00000|100%|HS|  |TAMS 0x0000000081c00000, 0x0000000081c00000| Complete 
|  29|0x0000000081d00000, 0x0000000081e00000, 0x0000000081e00000|100%|HS|  |TAMS 0x0000000081d00000, 0x0000000081d00000| Complete 
|  30|0x0000000081e00000, 0x0000000081f00000, 0x0000000081f00000|100%|HS|  |TAMS 0x0000000081e00000, 0x0000000081e00000| Complete 
|  31|0x0000000081f00000, 0x0000000082000000, 0x0000000082000000|100%|HC|  |TAMS 0x0000000081f00000, 0x0000000081f00000| Complete 
|  32|0x0000000082000000, 0x0000000082100000, 0x0000000082100000|100%|HC|  |TAMS 0x0000000082000000, 0x0000000082000000| Complete 
|  33|0x0000000082100000, 0x0000000082200000, 0x0000000082200000|100%|HS|  |TAMS 0x0000000082100000, 0x0000000082100000| Complete 
|  34|0x0000000082200000, 0x0000000082300000, 0x0000000082300000|100%|HC|  |TAMS 0x0000000082200000, 0x0000000082200000| Complete 
|  35|0x0000000082300000, 0x0000000082400000, 0x0000000082400000|100%| O|  |TAMS 0x0000000082300000, 0x0000000082300000| Untracked 
|  36|0x0000000082400000, 0x0000000082500000, 0x0000000082500000|100%| O|  |TAMS 0x0000000082400000, 0x0000000082400000| Untracked 
|  37|0x0000000082500000, 0x0000000082600000, 0x0000000082600000|100%| O|  |TAMS 0x0000000082500000, 0x0000000082500000| Untracked 
|  38|0x0000000082600000, 0x0000000082700000, 0x0000000082700000|100%| O|  |TAMS 0x0000000082600000, 0x0000000082600000| Untracked 
|  39|0x0000000082700000, 0x0000000082800000, 0x0000000082800000|100%| O|  |TAMS 0x0000000082700000, 0x0000000082700000| Untracked 
|  40|0x0000000082800000, 0x0000000082900000, 0x0000000082900000|100%| O|  |TAMS 0x0000000082800000, 0x0000000082800000| Untracked 
|  41|0x0000000082900000, 0x0000000082a00000, 0x0000000082a00000|100%| O|  |TAMS 0x0000000082900000, 0x0000000082900000| Untracked 
|  42|0x0000000082a00000, 0x0000000082b00000, 0x0000000082b00000|100%| O|  |TAMS 0x0000000082a00000, 0x0000000082a00000| Untracked 
|  43|0x0000000082b00000, 0x0000000082c00000, 0x0000000082c00000|100%| O|  |TAMS 0x0000000082b00000, 0x0000000082b00000| Untracked 
|  44|0x0000000082c00000, 0x0000000082d00000, 0x0000000082d00000|100%| O|  |TAMS 0x0000000082c00000, 0x0000000082c00000| Untracked 
|  45|0x0000000082d00000, 0x0000000082e00000, 0x0000000082e00000|100%| O|  |TAMS 0x0000000082d00000, 0x0000000082d00000| Untracked 
|  46|0x0000000082e00000, 0x0000000082f00000, 0x0000000082f00000|100%| O|  |TAMS 0x0000000082e00000, 0x0000000082e00000| Untracked 
|  47|0x0000000082f00000, 0x0000000083000000, 0x0000000083000000|100%| O|  |TAMS 0x0000000082f00000, 0x0000000082f00000| Untracked 
|  48|0x0000000083000000, 0x0000000083100000, 0x0000000083100000|100%| O|  |TAMS 0x0000000083000000, 0x0000000083000000| Untracked 
|  49|0x0000000083100000, 0x0000000083100000, 0x0000000083200000|  0%| F|  |TAMS 0x0000000083100000, 0x0000000083100000| Untracked 
|  50|0x0000000083200000, 0x000000008328d200, 0x0000000083300000| 55%| O|  |TAMS 0x0000000083200000, 0x0000000083200000| Untracked 
|  51|0x0000000083300000, 0x0000000083300000, 0x0000000083400000|  0%| F|  |TAMS 0x0000000083300000, 0x0000000083300000| Untracked 
|  52|0x0000000083400000, 0x0000000083400000, 0x0000000083500000|  0%| F|  |TAMS 0x0000000083400000, 0x0000000083400000| Untracked 
|  53|0x0000000083500000, 0x0000000083500000, 0x0000000083600000|  0%| F|  |TAMS 0x0000000083500000, 0x0000000083500000| Untracked 
|  54|0x0000000083600000, 0x0000000083600000, 0x0000000083700000|  0%| F|  |TAMS 0x0000000083600000, 0x0000000083600000| Untracked 
|  55|0x0000000083700000, 0x0000000083700000, 0x0000000083800000|  0%| F|  |TAMS 0x0000000083700000, 0x0000000083700000| Untracked 
|  56|0x0000000083800000, 0x0000000083800000, 0x0000000083900000|  0%| F|  |TAMS 0x0000000083800000, 0x0000000083800000| Untracked 
|  57|0x0000000083900000, 0x0000000083900000, 0x0000000083a00000|  0%| F|  |TAMS 0x0000000083900000, 0x0000000083900000| Untracked 
|  58|0x0000000083a00000, 0x0000000083a00000, 0x0000000083b00000|  0%| F|  |TAMS 0x0000000083a00000, 0x0000000083a00000| Untracked 
|  59|0x0000000083b00000, 0x0000000083b00000, 0x0000000083c00000|  0%| F|  |TAMS 0x0000000083b00000, 0x0000000083b00000| Untracked 
|  60|0x0000000083c00000, 0x0000000083c00000, 0x0000000083d00000|  0%| F|  |TAMS 0x0000000083c00000, 0x0000000083c00000| Untracked 
|  61|0x0000000083d00000, 0x0000000083d00000, 0x0000000083e00000|  0%| F|  |TAMS 0x0000000083d00000, 0x0000000083d00000| Untracked 
|  62|0x0000000083e00000, 0x0000000083e00000, 0x0000000083f00000|  0%| F|  |TAMS 0x0000000083e00000, 0x0000000083e00000| Untracked 
|  63|0x0000000083f00000, 0x0000000083f00000, 0x0000000084000000|  0%| F|  |TAMS 0x0000000083f00000, 0x0000000083f00000| Untracked 
|  64|0x0000000084000000, 0x0000000084000000, 0x0000000084100000|  0%| F|  |TAMS 0x0000000084000000, 0x0000000084000000| Untracked 
|  65|0x0000000084100000, 0x0000000084100000, 0x0000000084200000|  0%| F|  |TAMS 0x0000000084100000, 0x0000000084100000| Untracked 
|  66|0x0000000084200000, 0x0000000084200000, 0x0000000084300000|  0%| F|  |TAMS 0x0000000084200000, 0x0000000084200000| Untracked 
|  67|0x0000000084300000, 0x0000000084300000, 0x0000000084400000|  0%| F|  |TAMS 0x0000000084300000, 0x0000000084300000| Untracked 
|  68|0x0000000084400000, 0x0000000084400000, 0x0000000084500000|  0%| F|  |TAMS 0x0000000084400000, 0x0000000084400000| Untracked 
|  69|0x0000000084500000, 0x0000000084500000, 0x0000000084600000|  0%| F|  |TAMS 0x0000000084500000, 0x0000000084500000| Untracked 
|  70|0x0000000084600000, 0x0000000084600000, 0x0000000084700000|  0%| F|  |TAMS 0x0000000084600000, 0x0000000084600000| Untracked 
|  71|0x0000000084700000, 0x0000000084700000, 0x0000000084800000|  0%| F|  |TAMS 0x0000000084700000, 0x0000000084700000| Untracked 
|  72|0x0000000084800000, 0x0000000084800000, 0x0000000084900000|  0%| F|  |TAMS 0x0000000084800000, 0x0000000084800000| Untracked 
|  73|0x0000000084900000, 0x0000000084900000, 0x0000000084a00000|  0%| F|  |TAMS 0x0000000084900000, 0x0000000084900000| Untracked 
|  74|0x0000000084a00000, 0x0000000084a00000, 0x0000000084b00000|  0%| F|  |TAMS 0x0000000084a00000, 0x0000000084a00000| Untracked 
|  75|0x0000000084b00000, 0x0000000084c00000, 0x0000000084c00000|100%| S|CS|TAMS 0x0000000084b00000, 0x0000000084b00000| Complete 
|  76|0x0000000084c00000, 0x0000000084d00000, 0x0000000084d00000|100%| S|CS|TAMS 0x0000000084c00000, 0x0000000084c00000| Complete 
|  77|0x0000000084d00000, 0x0000000084d00000, 0x0000000084e00000|  0%| F|  |TAMS 0x0000000084d00000, 0x0000000084d00000| Untracked 
|  78|0x0000000084e00000, 0x0000000084e00000, 0x0000000084f00000|  0%| F|  |TAMS 0x0000000084e00000, 0x0000000084e00000| Untracked 
|  79|0x0000000084f00000, 0x0000000084f00000, 0x0000000085000000|  0%| F|  |TAMS 0x0000000084f00000, 0x0000000084f00000| Untracked 
|  80|0x0000000085000000, 0x0000000085000000, 0x0000000085100000|  0%| F|  |TAMS 0x0000000085000000, 0x0000000085000000| Untracked 
|  81|0x0000000085100000, 0x0000000085100000, 0x0000000085200000|  0%| F|  |TAMS 0x0000000085100000, 0x0000000085100000| Untracked 
|  82|0x0000000085200000, 0x0000000085200000, 0x0000000085300000|  0%| F|  |TAMS 0x0000000085200000, 0x0000000085200000| Untracked 
|  83|0x0000000085300000, 0x0000000085300000, 0x0000000085400000|  0%| F|  |TAMS 0x0000000085300000, 0x0000000085300000| Untracked 
|  84|0x0000000085400000, 0x0000000085400000, 0x0000000085500000|  0%| F|  |TAMS 0x0000000085400000, 0x0000000085400000| Untracked 
|  85|0x0000000085500000, 0x0000000085500000, 0x0000000085600000|  0%| F|  |TAMS 0x0000000085500000, 0x0000000085500000| Untracked 
|  86|0x0000000085600000, 0x0000000085600000, 0x0000000085700000|  0%| F|  |TAMS 0x0000000085600000, 0x0000000085600000| Untracked 
|  87|0x0000000085700000, 0x0000000085700000, 0x0000000085800000|  0%| F|  |TAMS 0x0000000085700000, 0x0000000085700000| Untracked 
|  88|0x0000000085800000, 0x0000000085800000, 0x0000000085900000|  0%| F|  |TAMS 0x0000000085800000, 0x0000000085800000| Untracked 
|  89|0x0000000085900000, 0x0000000085900000, 0x0000000085a00000|  0%| F|  |TAMS 0x0000000085900000, 0x0000000085900000| Untracked 
|  90|0x0000000085a00000, 0x0000000085a00000, 0x0000000085b00000|  0%| F|  |TAMS 0x0000000085a00000, 0x0000000085a00000| Untracked 
|  91|0x0000000085b00000, 0x0000000085b00000, 0x0000000085c00000|  0%| F|  |TAMS 0x0000000085b00000, 0x0000000085b00000| Untracked 
|  92|0x0000000085c00000, 0x0000000085c00000, 0x0000000085d00000|  0%| F|  |TAMS 0x0000000085c00000, 0x0000000085c00000| Untracked 
|  93|0x0000000085d00000, 0x0000000085d00000, 0x0000000085e00000|  0%| F|  |TAMS 0x0000000085d00000, 0x0000000085d00000| Untracked 
|  94|0x0000000085e00000, 0x0000000085e00000, 0x0000000085f00000|  0%| F|  |TAMS 0x0000000085e00000, 0x0000000085e00000| Untracked 
|  95|0x0000000085f00000, 0x0000000085f00000, 0x0000000086000000|  0%| F|  |TAMS 0x0000000085f00000, 0x0000000085f00000| Untracked 
|  96|0x0000000086000000, 0x0000000086000000, 0x0000000086100000|  0%| F|  |TAMS 0x0000000086000000, 0x0000000086000000| Untracked 
|  97|0x0000000086100000, 0x0000000086100000, 0x0000000086200000|  0%| F|  |TAMS 0x0000000086100000, 0x0000000086100000| Untracked 
|  98|0x0000000086200000, 0x0000000086200000, 0x0000000086300000|  0%| F|  |TAMS 0x0000000086200000, 0x0000000086200000| Untracked 
|  99|0x0000000086300000, 0x0000000086300000, 0x0000000086400000|  0%| F|  |TAMS 0x0000000086300000, 0x0000000086300000| Untracked 
| 100|0x0000000086400000, 0x0000000086400000, 0x0000000086500000|  0%| F|  |TAMS 0x0000000086400000, 0x0000000086400000| Untracked 
| 101|0x0000000086500000, 0x0000000086500000, 0x0000000086600000|  0%| F|  |TAMS 0x0000000086500000, 0x0000000086500000| Untracked 
| 102|0x0000000086600000, 0x0000000086600000, 0x0000000086700000|  0%| F|  |TAMS 0x0000000086600000, 0x0000000086600000| Untracked 
| 103|0x0000000086700000, 0x0000000086700000, 0x0000000086800000|  0%| F|  |TAMS 0x0000000086700000, 0x0000000086700000| Untracked 
| 104|0x0000000086800000, 0x0000000086800000, 0x0000000086900000|  0%| F|  |TAMS 0x0000000086800000, 0x0000000086800000| Untracked 
| 105|0x0000000086900000, 0x0000000086900000, 0x0000000086a00000|  0%| F|  |TAMS 0x0000000086900000, 0x0000000086900000| Untracked 
| 106|0x0000000086a00000, 0x0000000086a00000, 0x0000000086b00000|  0%| F|  |TAMS 0x0000000086a00000, 0x0000000086a00000| Untracked 
| 107|0x0000000086b00000, 0x0000000086b00000, 0x0000000086c00000|  0%| F|  |TAMS 0x0000000086b00000, 0x0000000086b00000| Untracked 
| 108|0x0000000086c00000, 0x0000000086c00000, 0x0000000086d00000|  0%| F|  |TAMS 0x0000000086c00000, 0x0000000086c00000| Untracked 
| 109|0x0000000086d00000, 0x0000000086d00000, 0x0000000086e00000|  0%| F|  |TAMS 0x0000000086d00000, 0x0000000086d00000| Untracked 
| 110|0x0000000086e00000, 0x0000000086e00000, 0x0000000086f00000|  0%| F|  |TAMS 0x0000000086e00000, 0x0000000086e00000| Untracked 
| 111|0x0000000086f00000, 0x0000000086f00000, 0x0000000087000000|  0%| F|  |TAMS 0x0000000086f00000, 0x0000000086f00000| Untracked 
| 112|0x0000000087000000, 0x0000000087000000, 0x0000000087100000|  0%| F|  |TAMS 0x0000000087000000, 0x0000000087000000| Untracked 
| 113|0x0000000087100000, 0x0000000087100000, 0x0000000087200000|  0%| F|  |TAMS 0x0000000087100000, 0x0000000087100000| Untracked 
| 114|0x0000000087200000, 0x0000000087200000, 0x0000000087300000|  0%| F|  |TAMS 0x0000000087200000, 0x0000000087200000| Untracked 
| 115|0x0000000087300000, 0x0000000087300000, 0x0000000087400000|  0%| F|  |TAMS 0x0000000087300000, 0x0000000087300000| Untracked 
| 116|0x0000000087400000, 0x0000000087400000, 0x0000000087500000|  0%| F|  |TAMS 0x0000000087400000, 0x0000000087400000| Untracked 
| 117|0x0000000087500000, 0x0000000087500000, 0x0000000087600000|  0%| F|  |TAMS 0x0000000087500000, 0x0000000087500000| Untracked 
| 118|0x0000000087600000, 0x0000000087600000, 0x0000000087700000|  0%| F|  |TAMS 0x0000000087600000, 0x0000000087600000| Untracked 
| 119|0x0000000087700000, 0x0000000087700000, 0x0000000087800000|  0%| F|  |TAMS 0x0000000087700000, 0x0000000087700000| Untracked 
| 120|0x0000000087800000, 0x0000000087800000, 0x0000000087900000|  0%| F|  |TAMS 0x0000000087800000, 0x0000000087800000| Untracked 
| 121|0x0000000087900000, 0x0000000087900000, 0x0000000087a00000|  0%| F|  |TAMS 0x0000000087900000, 0x0000000087900000| Untracked 
| 122|0x0000000087a00000, 0x0000000087a00000, 0x0000000087b00000|  0%| F|  |TAMS 0x0000000087a00000, 0x0000000087a00000| Untracked 
| 123|0x0000000087b00000, 0x0000000087b00000, 0x0000000087c00000|  0%| F|  |TAMS 0x0000000087b00000, 0x0000000087b00000| Untracked 
| 124|0x0000000087c00000, 0x0000000087c00000, 0x0000000087d00000|  0%| F|  |TAMS 0x0000000087c00000, 0x0000000087c00000| Untracked 
| 125|0x0000000087d00000, 0x0000000087d00000, 0x0000000087e00000|  0%| F|  |TAMS 0x0000000087d00000, 0x0000000087d00000| Untracked 
| 126|0x0000000087e00000, 0x0000000087e00000, 0x0000000087f00000|  0%| F|  |TAMS 0x0000000087e00000, 0x0000000087e00000| Untracked 
| 127|0x0000000087f00000, 0x0000000087f00000, 0x0000000088000000|  0%| F|  |TAMS 0x0000000087f00000, 0x0000000087f00000| Untracked 
| 128|0x0000000088000000, 0x0000000088000000, 0x0000000088100000|  0%| F|  |TAMS 0x0000000088000000, 0x0000000088000000| Untracked 
| 129|0x0000000088100000, 0x0000000088100000, 0x0000000088200000|  0%| F|  |TAMS 0x0000000088100000, 0x0000000088100000| Untracked 
| 130|0x0000000088200000, 0x0000000088200000, 0x0000000088300000|  0%| F|  |TAMS 0x0000000088200000, 0x0000000088200000| Untracked 
| 131|0x0000000088300000, 0x0000000088300000, 0x0000000088400000|  0%| F|  |TAMS 0x0000000088300000, 0x0000000088300000| Untracked 
| 132|0x0000000088400000, 0x0000000088480800, 0x0000000088500000| 50%| E|  |TAMS 0x0000000088400000, 0x0000000088400000| Complete 
| 133|0x0000000088500000, 0x0000000088600000, 0x0000000088600000|100%| E|CS|TAMS 0x0000000088500000, 0x0000000088500000| Complete 
| 134|0x0000000088600000, 0x0000000088700000, 0x0000000088700000|100%| E|CS|TAMS 0x0000000088600000, 0x0000000088600000| Complete 
| 135|0x0000000088700000, 0x0000000088800000, 0x0000000088800000|100%| E|CS|TAMS 0x0000000088700000, 0x0000000088700000| Complete 
| 136|0x0000000088800000, 0x0000000088900000, 0x0000000088900000|100%| E|CS|TAMS 0x0000000088800000, 0x0000000088800000| Complete 
| 137|0x0000000088900000, 0x0000000088a00000, 0x0000000088a00000|100%| E|CS|TAMS 0x0000000088900000, 0x0000000088900000| Complete 
| 138|0x0000000088a00000, 0x0000000088b00000, 0x0000000088b00000|100%| E|CS|TAMS 0x0000000088a00000, 0x0000000088a00000| Complete 
| 139|0x0000000088b00000, 0x0000000088c00000, 0x0000000088c00000|100%| E|CS|TAMS 0x0000000088b00000, 0x0000000088b00000| Complete 

Card table byte_map: [0x000001d544de0000,0x000001d5451e0000] _byte_map_base: 0x000001d5449e0000

Marking Bits (Prev, Next): (CMBitMap*) 0x000001d531bed488, (CMBitMap*) 0x000001d531bed4c0
 Prev Bits: [0x000001d5455e0000, 0x000001d5475e0000)
 Next Bits: [0x000001d5475e0000, 0x000001d5495e0000)

Polling page: 0x000001d52fac0000

Metaspace:

Usage:
  Non-class:     47.31 MB capacity,    46.45 MB ( 98%) used,   729.91 KB (  2%) free+waste,   145.38 KB ( <1%) overhead. 
      Class:      7.31 MB capacity,     6.79 MB ( 93%) used,   466.73 KB (  6%) free+waste,    68.94 KB ( <1%) overhead. 
       Both:     54.62 MB capacity,    53.24 MB ( 97%) used,     1.17 MB (  2%) free+waste,   214.31 KB ( <1%) overhead. 

Virtual space:
  Non-class space:       52.00 MB reserved,      47.50 MB ( 91%) committed 
      Class space:        1.00 GB reserved,       7.32 MB ( <1%) committed 
             Both:        1.05 GB reserved,      54.82 MB (  5%) committed 

Chunk freelists:
   Non-Class:  3.00 KB
       Class:  3.00 KB
        Both:  6.00 KB

MaxMetaspaceSize: 17179869184.00 GB
CompressedClassSpaceSize: 1.00 GB

CodeHeap 'non-profiled nmethods': size=120000Kb used=3124Kb max_used=3124Kb free=116875Kb
 bounds [0x000001d53d180000, 0x000001d53d490000, 0x000001d5446b0000]
CodeHeap 'profiled nmethods': size=120000Kb used=12036Kb max_used=12036Kb free=107963Kb
 bounds [0x000001d535c50000, 0x000001d536820000, 0x000001d53d180000]
CodeHeap 'non-nmethods': size=5760Kb used=2235Kb max_used=2267Kb free=3524Kb
 bounds [0x000001d5356b0000, 0x000001d535920000, 0x000001d535c50000]
 total_blobs=6555 nmethods=5742 adapters=724
 compilation: enabled
              stopped_count=0, restarted_count=0
 full_count=0

Compilation events (20 events):
Event: 8.715 Thread 0x000001d54ee4d800 nmethod 5674 0x000001d53d485390 code [0x000001d53d485540, 0x000001d53d485a58]
Event: 8.715 Thread 0x000001d54c031000 5686       3       org.apache.xerces.util.SymbolTable::addSymbol (110 bytes)
Event: 8.715 Thread 0x000001d54ee4d800 5688       4       org.apache.xerces.util.XMLChar::isName (23 bytes)
Event: 8.716 Thread 0x000001d54ee4d800 nmethod 5688 0x000001d53d485d10 code [0x000001d53d485ea0, 0x000001d53d485f38]
Event: 8.716 Thread 0x000001d54c031000 nmethod 5686 0x000001d5367c9a10 code [0x000001d5367c9c00, 0x000001d5367ca0b8]
Event: 8.716 Thread 0x000001d54c031000 5663       3       org.apache.xerces.impl.XMLEntityScanner::peekChar (65 bytes)
Event: 8.716 Thread 0x000001d54ee4d800 5690       4       org.apache.xerces.dom.DeferredDocumentImpl::setChunkIndex (67 bytes)
Event: 8.717 Thread 0x000001d54c031000 nmethod 5663 0x000001d5367ca310 code [0x000001d5367ca4e0, 0x000001d5367ca768]
Event: 8.717 Thread 0x000001d54c031000 5668       3       org.apache.xerces.impl.XMLEntityScanner::scanChar (197 bytes)
Event: 8.718 Thread 0x000001d54c031000 nmethod 5668 0x000001d5367ca890 code [0x000001d5367caa80, 0x000001d5367caf18]
Event: 8.718 Thread 0x000001d54c031000 5671       3       org.apache.xerces.impl.XMLEntityScanner::skipChar (231 bytes)
Event: 8.718 Thread 0x000001d54ee4d800 nmethod 5690 0x000001d53d486010 code [0x000001d53d4861c0, 0x000001d53d486308]
Event: 8.718 Thread 0x000001d54c031000 nmethod 5671 0x000001d5367cb110 code [0x000001d5367cb300, 0x000001d5367cb7b8]
Event: 8.719 Thread 0x000001d54c031000 5672       3       org.apache.xerces.xni.XMLString::setValues (16 bytes)
Event: 8.719 Thread 0x000001d54c031000 nmethod 5672 0x000001d5367cb990 code [0x000001d5367cbb40, 0x000001d5367cbc98]
Event: 8.719 Thread 0x000001d54c031000 5695       3       org.apache.xerces.util.XMLAttributesImpl::getIndexFast (38 bytes)
Event: 8.719 Thread 0x000001d54c031000 nmethod 5695 0x000001d5367cbd10 code [0x000001d5367cbee0, 0x000001d5367cc138]
Event: 8.719 Thread 0x000001d54c031000 5678       3       org.apache.xerces.dom.DeferredDocumentImpl::createNode (46 bytes)
Event: 8.719 Thread 0x000001d54c031000 nmethod 5678 0x000001d5367cc290 code [0x000001d5367cc460, 0x000001d5367cc618]
Event: 8.719 Thread 0x000001d54c031000 5679       3       org.apache.xerces.dom.DeferredDocumentImpl::ensureCapacity (358 bytes)

GC Heap History (20 events):
Event: 1.694 GC heap before
{Heap before GC invocations=1 (full 0):
 garbage-first heap   total 98304K, used 64915K [0x0000000080000000, 0x0000000100000000)
  region size 1024K, 57 young (58368K), 3 survivors (3072K)
 Metaspace       used 13390K, capacity 13705K, committed 13952K, reserved 1060864K
  class space    used 1481K, capacity 1591K, committed 1664K, reserved 1048576K
}
Event: 1.701 GC heap after
{Heap after GC invocations=2 (full 0):
 garbage-first heap   total 98304K, used 14912K [0x0000000080000000, 0x0000000100000000)
  region size 1024K, 8 young (8192K), 8 survivors (8192K)
 Metaspace       used 13390K, capacity 13705K, committed 13952K, reserved 1060864K
  class space    used 1481K, capacity 1591K, committed 1664K, reserved 1048576K
}
Event: 2.860 GC heap before
{Heap before GC invocations=2 (full 0):
 garbage-first heap   total 98304K, used 59968K [0x0000000080000000, 0x0000000100000000)
  region size 1024K, 53 young (54272K), 8 survivors (8192K)
 Metaspace       used 20711K, capacity 21097K, committed 21248K, reserved 1067008K
  class space    used 2542K, capacity 2695K, committed 2816K, reserved 1048576K
}
Event: 2.873 GC heap after
{Heap after GC invocations=3 (full 0):
 garbage-first heap   total 98304K, used 17000K [0x0000000080000000, 0x0000000100000000)
  region size 1024K, 3 young (3072K), 3 survivors (3072K)
 Metaspace       used 20711K, capacity 21097K, committed 21248K, reserved 1067008K
  class space    used 2542K, capacity 2695K, committed 2816K, reserved 1048576K
}
Event: 3.496 GC heap before
{Heap before GC invocations=4 (full 0):
 garbage-first heap   total 98304K, used 65128K [0x0000000080000000, 0x0000000100000000)
  region size 1024K, 50 young (51200K), 3 survivors (3072K)
 Metaspace       used 25656K, capacity 26228K, committed 26368K, reserved 1073152K
  class space    used 3340K, capacity 3539K, committed 3584K, reserved 1048576K
}
Event: 3.501 GC heap after
{Heap after GC invocations=5 (full 0):
 garbage-first heap   total 98304K, used 18667K [0x0000000080000000, 0x0000000100000000)
  region size 1024K, 4 young (4096K), 4 survivors (4096K)
 Metaspace       used 25656K, capacity 26228K, committed 26368K, reserved 1073152K
  class space    used 3340K, capacity 3539K, committed 3584K, reserved 1048576K
}
Event: 4.126 GC heap before
{Heap before GC invocations=5 (full 0):
 garbage-first heap   total 98304K, used 68843K [0x0000000080000000, 0x0000000100000000)
  region size 1024K, 53 young (54272K), 4 survivors (4096K)
 Metaspace       used 30539K, capacity 31165K, committed 31232K, reserved 1077248K
  class space    used 4090K, capacity 4338K, committed 4352K, reserved 1048576K
}
Event: 4.131 GC heap after
{Heap after GC invocations=6 (full 0):
 garbage-first heap   total 98304K, used 20259K [0x0000000080000000, 0x0000000100000000)
  region size 1024K, 4 young (4096K), 4 survivors (4096K)
 Metaspace       used 30539K, capacity 31165K, committed 31232K, reserved 1077248K
  class space    used 4090K, capacity 4338K, committed 4352K, reserved 1048576K
}
Event: 4.523 GC heap before
{Heap before GC invocations=6 (full 0):
 garbage-first heap   total 98304K, used 34595K [0x0000000080000000, 0x0000000100000000)
  region size 1024K, 19 young (19456K), 4 survivors (4096K)
 Metaspace       used 35032K, capacity 35802K, committed 35840K, reserved 1081344K
  class space    used 4549K, capacity 4863K, committed 4864K, reserved 1048576K
}
Event: 4.531 GC heap after
{Heap after GC invocations=7 (full 0):
 garbage-first heap   total 98304K, used 22555K [0x0000000080000000, 0x0000000100000000)
  region size 1024K, 6 young (6144K), 6 survivors (6144K)
 Metaspace       used 35032K, capacity 35802K, committed 35840K, reserved 1081344K
  class space    used 4549K, capacity 4863K, committed 4864K, reserved 1048576K
}
Event: 5.088 GC heap before
{Heap before GC invocations=8 (full 0):
 garbage-first heap   total 98304K, used 70683K [0x0000000080000000, 0x0000000100000000)
  region size 1024K, 51 young (52224K), 6 survivors (6144K)
 Metaspace       used 38690K, capacity 39558K, committed 39628K, reserved 1083392K
  class space    used 4938K, capacity 5280K, committed 5324K, reserved 1048576K
}
Event: 5.097 GC heap after
{Heap after GC invocations=9 (full 0):
 garbage-first heap   total 118784K, used 26591K [0x0000000080000000, 0x0000000100000000)
  region size 1024K, 7 young (7168K), 7 survivors (7168K)
 Metaspace       used 38690K, capacity 39558K, committed 39628K, reserved 1083392K
  class space    used 4938K, capacity 5280K, committed 5324K, reserved 1048576K
}
Event: 5.842 GC heap before
{Heap before GC invocations=9 (full 0):
 garbage-first heap   total 118784K, used 80863K [0x0000000080000000, 0x0000000100000000)
  region size 1024K, 59 young (60416K), 7 survivors (7168K)
 Metaspace       used 43322K, capacity 44394K, committed 44620K, reserved 1087488K
  class space    used 5514K, capacity 5901K, committed 5964K, reserved 1048576K
}
Event: 5.850 GC heap after
{Heap after GC invocations=10 (full 0):
 garbage-first heap   total 118784K, used 28855K [0x0000000080000000, 0x0000000100000000)
  region size 1024K, 7 young (7168K), 7 survivors (7168K)
 Metaspace       used 43322K, capacity 44394K, committed 44620K, reserved 1087488K
  class space    used 5514K, capacity 5901K, committed 5964K, reserved 1048576K
}
Event: 6.696 GC heap before
{Heap before GC invocations=10 (full 0):
 garbage-first heap   total 118784K, used 83127K [0x0000000080000000, 0x0000000100000000)
  region size 1024K, 60 young (61440K), 7 survivors (7168K)
 Metaspace       used 46988K, capacity 48154K, committed 48332K, reserved 1091584K
  class space    used 6024K, capacity 6473K, committed 6604K, reserved 1048576K
}
Event: 6.705 GC heap after
{Heap after GC invocations=11 (full 0):
 garbage-first heap   total 118784K, used 31698K [0x0000000080000000, 0x0000000100000000)
  region size 1024K, 6 young (6144K), 6 survivors (6144K)
 Metaspace       used 46988K, capacity 48154K, committed 48332K, reserved 1091584K
  class space    used 6024K, capacity 6473K, committed 6604K, reserved 1048576K
}
Event: 7.897 GC heap before
{Heap before GC invocations=11 (full 0):
 garbage-first heap   total 118784K, used 94162K [0x0000000080000000, 0x0000000100000000)
  region size 1024K, 59 young (60416K), 6 survivors (6144K)
 Metaspace       used 48442K, capacity 49682K, committed 49740K, reserved 1091584K
  class space    used 6181K, capacity 6675K, committed 6732K, reserved 1048576K
}
Event: 7.907 GC heap after
{Heap after GC invocations=12 (full 0):
 garbage-first heap   total 118784K, used 50475K [0x0000000080000000, 0x0000000100000000)
  region size 1024K, 8 young (8192K), 8 survivors (8192K)
 Metaspace       used 48442K, capacity 49682K, committed 49740K, reserved 1091584K
  class space    used 6181K, capacity 6675K, committed 6732K, reserved 1048576K
}
Event: 8.684 GC heap before
{Heap before GC invocations=12 (full 0):
 garbage-first heap   total 118784K, used 90411K [0x0000000080000000, 0x0000000100000000)
  region size 1024K, 47 young (48128K), 8 survivors (8192K)
 Metaspace       used 53574K, capacity 55007K, committed 55372K, reserved 1097728K
  class space    used 6830K, capacity 7371K, committed 7500K, reserved 1048576K
}
Event: 8.693 GC heap after
{Heap after GC invocations=13 (full 0):
 garbage-first heap   total 143360K, used 52788K [0x0000000080000000, 0x0000000100000000)
  region size 1024K, 2 young (2048K), 2 survivors (2048K)
 Metaspace       used 53574K, capacity 55007K, committed 55372K, reserved 1097728K
  class space    used 6830K, capacity 7371K, committed 7500K, reserved 1048576K
}

Deoptimization events (20 events):
Event: 8.341 Thread 0x000001d54ef1d000 Uncommon trap: trap_request=0xffffff45 fr.pc=0x000001d53d2c2a04 relative=0x0000000000000224
Event: 8.341 Thread 0x000001d54ef1d000 Uncommon trap: reason=unstable_fused_if action=reinterpret pc=0x000001d53d2c2a04 method=org.objectweb.asm.ByteVector.putUTF8(Ljava/lang/String;)Lorg/objectweb/asm/ByteVector; @ 93 c2
Event: 8.341 Thread 0x000001d54ef1d000 DEOPT PACKING pc=0x000001d53d2c2a04 sp=0x00000089766f8150
Event: 8.341 Thread 0x000001d54ef1d000 DEOPT UNPACKING pc=0x000001d5356d662f sp=0x00000089766f80d0 mode 2
Event: 8.693 Thread 0x000001d54cb03800 Uncommon trap: trap_request=0xffffffde fr.pc=0x000001d53d2c756c relative=0x000000000000052c
Event: 8.693 Thread 0x000001d54cb03800 Uncommon trap: reason=class_check action=maybe_recompile pc=0x000001d53d2c756c method=jdk.internal.ref.PhantomCleanable.clean()V @ 12 c2
Event: 8.693 Thread 0x000001d54cb03800 DEOPT PACKING pc=0x000001d53d2c756c sp=0x0000008975bff2c0
Event: 8.693 Thread 0x000001d54cb03800 DEOPT UNPACKING pc=0x000001d5356d662f sp=0x0000008975bff2a0 mode 2
Event: 8.706 Thread 0x000001d54ef1d000 DEOPT PACKING pc=0x000001d5360c3517 sp=0x00000089766f6890
Event: 8.706 Thread 0x000001d54ef1d000 DEOPT UNPACKING pc=0x000001d5356d6dde sp=0x00000089766f5e18 mode 0
Event: 8.709 Thread 0x000001d54ef1d000 DEOPT PACKING pc=0x000001d5360c3517 sp=0x00000089766f69e0
Event: 8.709 Thread 0x000001d54ef1d000 DEOPT UNPACKING pc=0x000001d5356d6dde sp=0x00000089766f5f68 mode 0
Event: 8.712 Thread 0x000001d54ef1d000 DEOPT PACKING pc=0x000001d5360c3517 sp=0x00000089766f6880
Event: 8.712 Thread 0x000001d54ef1d000 DEOPT UNPACKING pc=0x000001d5356d6dde sp=0x00000089766f5e08 mode 0
Event: 8.714 Thread 0x000001d54ef1d000 DEOPT PACKING pc=0x000001d5360c3517 sp=0x00000089766f6880
Event: 8.714 Thread 0x000001d54ef1d000 DEOPT UNPACKING pc=0x000001d5356d6dde sp=0x00000089766f5e08 mode 0
Event: 8.717 Thread 0x000001d54ef1d000 DEOPT PACKING pc=0x000001d5360c3517 sp=0x00000089766f6880
Event: 8.717 Thread 0x000001d54ef1d000 DEOPT UNPACKING pc=0x000001d5356d6dde sp=0x00000089766f5e08 mode 0
Event: 8.719 Thread 0x000001d54ef1d000 DEOPT PACKING pc=0x000001d5360c3517 sp=0x00000089766f6880
Event: 8.719 Thread 0x000001d54ef1d000 DEOPT UNPACKING pc=0x000001d5356d6dde sp=0x00000089766f5e08 mode 0

Classes redefined (0 events):
No events

Internal exceptions (20 events):
Event: 7.917 Thread 0x000001d54ef1d000 Exception <a 'java/lang/ClassNotFoundException'{0x00000000873e92c8}: org/gradle/api/tasks/Delete_DecoratedCustomizer> (0x00000000873e92c8) thrown at [./src/hotspot/share/classfile/systemDictionary.cpp, line 231]
Event: 7.946 Thread 0x000001d54ef1d000 Exception <a 'java/lang/NoSuchMethodError'{0x00000000871025c8}: 'long java.lang.invoke.DirectMethodHandle$Holder.invokeVirtual(java.lang.Object, java.lang.Object)'> (0x00000000871025c8) thrown at [./src/hotspot/share/interpreter/linkResolver.cpp, line 773]
Event: 7.951 Thread 0x000001d54ed7e000 Exception <a 'java/lang/NoSuchMethodError'{0x0000000087184c00}: <clinit>> (0x0000000087184c00) thrown at [./src/hotspot/share/prims/jni.cpp, line 1362]
Event: 7.959 Thread 0x000001d54ed7e000 Exception <a 'java/lang/NoSuchMethodError'{0x00000000871abdd0}: <clinit>> (0x00000000871abdd0) thrown at [./src/hotspot/share/prims/jni.cpp, line 1362]
Event: 7.959 Thread 0x000001d54ed7e000 Exception <a 'java/lang/NoSuchMethodError'{0x00000000871ad178}: <clinit>> (0x00000000871ad178) thrown at [./src/hotspot/share/prims/jni.cpp, line 1362]
Event: 7.959 Thread 0x000001d54ed7e000 Exception <a 'java/lang/NoSuchMethodError'{0x00000000871ae480}: <clinit>> (0x00000000871ae480) thrown at [./src/hotspot/share/prims/jni.cpp, line 1362]
Event: 7.959 Thread 0x000001d54ed7e000 Exception <a 'java/lang/NoSuchMethodError'{0x00000000871af4a0}: <clinit>> (0x00000000871af4a0) thrown at [./src/hotspot/share/prims/jni.cpp, line 1362]
Event: 7.962 Thread 0x000001d54ed7e000 Exception <a 'java/lang/NoSuchMethodError'{0x00000000871c2128}: <clinit>> (0x00000000871c2128) thrown at [./src/hotspot/share/prims/jni.cpp, line 1362]
Event: 7.963 Thread 0x000001d54ed7e000 Exception <a 'java/lang/NoSuchMethodError'{0x00000000871ccc88}: <clinit>> (0x00000000871ccc88) thrown at [./src/hotspot/share/prims/jni.cpp, line 1362]
Event: 7.967 Thread 0x000001d54ed7e000 Exception <a 'java/lang/NoSuchMethodError'{0x00000000871e0f90}: <clinit>> (0x00000000871e0f90) thrown at [./src/hotspot/share/prims/jni.cpp, line 1362]
Event: 8.064 Thread 0x000001d54ef1d000 Implicit null exception at 0x000001d53d3ee5af to 0x000001d53d3ee7a8
Event: 8.077 Thread 0x000001d54ef1d000 Exception <a 'java/lang/ClassNotFoundException'{0x000000008705e4c8}: build_80bz6rnrn7bsyb7hicok8w3xlBeanInfo> (0x000000008705e4c8) thrown at [./src/hotspot/share/classfile/systemDictionary.cpp, line 231]
Event: 8.077 Thread 0x000001d54ef1d000 Exception <a 'java/lang/ClassNotFoundException'{0x0000000087069480}: build_80bz6rnrn7bsyb7hicok8w3xlCustomizer> (0x0000000087069480) thrown at [./src/hotspot/share/classfile/systemDictionary.cpp, line 231]
Event: 8.120 Thread 0x000001d54ef1d000 Exception <a 'java/lang/ClassNotFoundException'{0x0000000086eb88f0}: org/gradle/api/internal/plugins/DefaultObjectConfigurationActionBeanInfo> (0x0000000086eb88f0) thrown at [./src/hotspot/share/classfile/systemDictionary.cpp, line 231]
Event: 8.121 Thread 0x000001d54ef1d000 Exception <a 'java/lang/ClassNotFoundException'{0x0000000086eeee20}: org/gradle/api/internal/plugins/DefaultObjectConfigurationActionCustomizer> (0x0000000086eeee20) thrown at [./src/hotspot/share/classfile/systemDictionary.cpp, line 231]
Event: 8.298 Thread 0x000001d54ef1d000 Exception <a 'java/lang/NoSuchMethodError'{0x00000000863483a8}: 'java.lang.Object java.lang.invoke.DirectMethodHandle$Holder.invokeStatic(java.lang.Object, java.lang.Object, java.lang.Object, java.lang.Object, int)'> (0x00000000863483a8) thrown at [./src/hotspot/share/interpreter/linkResolver.cpp, line 773]
Event: 8.298 Thread 0x000001d54ef1d000 Exception <a 'java/lang/NoSuchMethodError'{0x000000008634cda0}: 'java.lang.Object java.lang.invoke.DirectMethodHandle$Holder.invokeSpecial(java.lang.Object, java.lang.Object, java.lang.Object, java.lang.Object, java.lang.Object, int)'> (0x000000008634cda0) thrown at [./src/hotspot/share/interpreter/linkResolver.cpp, line 773]
Event: 8.299 Thread 0x000001d54ef1d000 Exception <a 'java/lang/NoSuchMethodError'{0x00000000863513e0}: 'java.lang.Object java.lang.invoke.Invokers$Holder.linkToTargetMethod(java.lang.Object, java.lang.Object, java.lang.Object, int, java.lang.Object)'> (0x00000000863513e0) thrown at [./src/hotspot/share/interpreter/linkResolver.cpp, line 773]
Event: 8.569 Thread 0x000001d54ef1d000 Exception <a 'java/lang/NoSuchMethodError'{0x0000000085594870}: 'java.lang.Object java.lang.invoke.DirectMethodHandle$Holder.invokeSpecial(java.lang.Object, java.lang.Object, int, int, java.lang.Object, java.lang.Object, java.lang.Object)'> (0x0000000085594870) thrown at [./src/hotspot/share/interpreter/linkResolver.cpp, line 773]
Event: 8.570 Thread 0x000001d54ef1d000 Exception <a 'java/lang/NoSuchMethodError'{0x0000000085598df0}: 'java.lang.Object java.lang.invoke.DelegatingMethodHandle$Holder.reinvoke_L(java.lang.Object, int, int, java.lang.Object, java.lang.Object, java.lang.Object)'> (0x0000000085598df0) thrown at [./src/hotspot/share/interpreter/linkResolver.cpp, line 773]

Events (20 events):
Event: 8.695 loading class org/apache/xerces/dom/NotationImpl
Event: 8.695 loading class org/apache/xerces/dom/NotationImpl done
Event: 8.695 loading class org/apache/xerces/dom/DeferredProcessingInstructionImpl
Event: 8.695 loading class org/apache/xerces/dom/DeferredProcessingInstructionImpl done
Event: 8.695 loading class org/apache/xerces/dom/ProcessingInstructionImpl
Event: 8.695 loading class org/apache/xerces/dom/ProcessingInstructionImpl done
Event: 8.696 loading class org/apache/xerces/dom/DeferredTextImpl
Event: 8.696 loading class org/apache/xerces/dom/DeferredTextImpl done
Event: 8.696 loading class org/apache/xerces/dom/DeferredElementDefinitionImpl
Event: 8.696 loading class org/apache/xerces/dom/DeferredElementDefinitionImpl done
Event: 8.696 loading class org/apache/xerces/dom/ElementDefinitionImpl
Event: 8.696 loading class org/apache/xerces/dom/ElementDefinitionImpl done
Event: 8.699 loading class org/apache/xerces/dom/DeferredDocumentImpl$RefCount
Event: 8.699 loading class org/apache/xerces/dom/DeferredDocumentImpl$RefCount done
Event: 8.700 loading class org/apache/xerces/util/XMLChar
Event: 8.700 loading class org/apache/xerces/util/XMLChar done
Event: 8.703 loading class org/apache/xerces/impl/Constants
Event: 8.703 loading class org/apache/xerces/impl/Constants done
Event: 8.705 loading class org/apache/xerces/impl/Constants$ArrayEnumeration
Event: 8.705 loading class org/apache/xerces/impl/Constants$ArrayEnumeration done


Dynamic libraries:
0x00007ff712f70000 - 0x00007ff712f7a000 	C:\Program Files\Android\Android Studio\jre\bin\java.exe
0x00007ffab9850000 - 0x00007ffab9a47000 	C:\WINDOWS\SYSTEM32\ntdll.dll
0x00007ffab7960000 - 0x00007ffab7a1d000 	C:\WINDOWS\System32\KERNEL32.DLL
0x00007ffab7040000 - 0x00007ffab730d000 	C:\WINDOWS\System32\KERNELBASE.dll
0x00007ffab7700000 - 0x00007ffab7800000 	C:\WINDOWS\System32\ucrtbase.dll
0x00007ffaa1150000 - 0x00007ffaa1167000 	C:\Program Files\Android\Android Studio\jre\bin\VCRUNTIME140.dll
0x00007ffaa0bf0000 - 0x00007ffaa0c09000 	C:\Program Files\Android\Android Studio\jre\bin\jli.dll
0x00007ffab8fd0000 - 0x00007ffab9170000 	C:\WINDOWS\System32\USER32.dll
0x00007ffaa1370000 - 0x00007ffaa160a000 	C:\WINDOWS\WinSxS\amd64_microsoft.windows.common-controls_6595b64144ccf1df_6.0.19041.1110_none_60b5254171f9507e\COMCTL32.dll
0x00007ffab7010000 - 0x00007ffab7032000 	C:\WINDOWS\System32\win32u.dll
0x00007ffab8d60000 - 0x00007ffab8dfe000 	C:\WINDOWS\System32\msvcrt.dll
0x00007ffab8490000 - 0x00007ffab84ba000 	C:\WINDOWS\System32\GDI32.dll
0x00007ffab73d0000 - 0x00007ffab74db000 	C:\WINDOWS\System32\gdi32full.dll
0x00007ffab6f70000 - 0x00007ffab700d000 	C:\WINDOWS\System32\msvcp_win.dll
0x00007ffab8f30000 - 0x00007ffab8f60000 	C:\WINDOWS\System32\IMM32.DLL
0x00007ffa9a3a0000 - 0x00007ffa9a43d000 	C:\Program Files\Android\Android Studio\jre\bin\msvcp140.dll
0x00007ffa69200000 - 0x00007ffa69cd5000 	C:\Program Files\Android\Android Studio\jre\bin\server\jvm.dll
0x00007ffab8c10000 - 0x00007ffab8cbe000 	C:\WINDOWS\System32\ADVAPI32.dll
0x00007ffab9350000 - 0x00007ffab93ec000 	C:\WINDOWS\System32\sechost.dll
0x00007ffab8e00000 - 0x00007ffab8f25000 	C:\WINDOWS\System32\RPCRT4.dll
0x00007ffab8f60000 - 0x00007ffab8f68000 	C:\WINDOWS\System32\PSAPI.DLL
0x00007ffab19d0000 - 0x00007ffab19d9000 	C:\WINDOWS\SYSTEM32\WSOCK32.dll
0x00007ffaacf20000 - 0x00007ffaacf47000 	C:\WINDOWS\SYSTEM32\WINMM.dll
0x00007ffab0640000 - 0x00007ffab064a000 	C:\WINDOWS\SYSTEM32\VERSION.dll
0x00007ffab91d0000 - 0x00007ffab923b000 	C:\WINDOWS\System32\WS2_32.dll
0x00007ffab4e30000 - 0x00007ffab4e42000 	C:\WINDOWS\SYSTEM32\kernel.appcore.dll
0x00007ffab1940000 - 0x00007ffab1951000 	C:\Program Files\Android\Android Studio\jre\bin\verify.dll
0x00007ffaa25b0000 - 0x00007ffaa2794000 	C:\WINDOWS\SYSTEM32\DBGHELP.DLL
0x00007ffa9ec10000 - 0x00007ffa9ec3c000 	C:\WINDOWS\SYSTEM32\dbgcore.DLL
0x00007ffab7340000 - 0x00007ffab73c2000 	C:\WINDOWS\System32\bcryptPrimitives.dll
0x00007ffab00b0000 - 0x00007ffab00d9000 	C:\Program Files\Android\Android Studio\jre\bin\java.dll
0x00007ffab19c0000 - 0x00007ffab19cb000 	C:\Program Files\Android\Android Studio\jre\bin\jimage.dll
0x00007ffab18e0000 - 0x00007ffab18f8000 	C:\Program Files\Android\Android Studio\jre\bin\zip.dll
0x00007ffab84c0000 - 0x00007ffab8c04000 	C:\WINDOWS\System32\SHELL32.dll
0x00007ffab5030000 - 0x00007ffab57c4000 	C:\WINDOWS\SYSTEM32\windows.storage.dll
0x00007ffab7f10000 - 0x00007ffab8264000 	C:\WINDOWS\System32\combase.dll
0x00007ffab6900000 - 0x00007ffab692c000 	C:\WINDOWS\SYSTEM32\Wldp.dll
0x00007ffab78b0000 - 0x00007ffab795d000 	C:\WINDOWS\System32\SHCORE.dll
0x00007ffab92f0000 - 0x00007ffab9345000 	C:\WINDOWS\System32\shlwapi.dll
0x00007ffab6eb0000 - 0x00007ffab6ecf000 	C:\WINDOWS\SYSTEM32\profapi.dll
0x00007ffaae640000 - 0x00007ffaae65a000 	C:\Program Files\Android\Android Studio\jre\bin\net.dll
0x00007ffaa5710000 - 0x00007ffaa581a000 	C:\WINDOWS\SYSTEM32\WINHTTP.dll
0x00007ffab6610000 - 0x00007ffab667a000 	C:\WINDOWS\system32\mswsock.dll
0x00007ffaae4f0000 - 0x00007ffaae504000 	C:\Program Files\Android\Android Studio\jre\bin\nio.dll
0x00007ffa9ae40000 - 0x00007ffa9ae67000 	C:\Users\souvik dey\.gradle\native\e1d6ef7f7dcc3fd88c89a11ec53ec762bb8ba0a96d01ffa2cd45eb1d1d8dd5c5\windows-amd64\native-platform.dll
0x00007ffa8e4b0000 - 0x00007ffa8e5f4000 	C:\Users\souvik dey\.gradle\native\5664cfc778a61ccfe75a443a1ab52a65af34e5dc3c78e0209fed803814484fcb\windows-amd64\native-platform-file-events.dll
0x00007ffab0ff0000 - 0x00007ffab0ffa000 	C:\Program Files\Android\Android Studio\jre\bin\management.dll
0x00007ffaa5870000 - 0x00007ffaa587d000 	C:\Program Files\Android\Android Studio\jre\bin\management_ext.dll
0x00007ffab67d0000 - 0x00007ffab67e8000 	C:\WINDOWS\SYSTEM32\CRYPTSP.dll
0x00007ffab5fa0000 - 0x00007ffab5fd4000 	C:\WINDOWS\system32\rsaenh.dll
0x00007ffab7310000 - 0x00007ffab7337000 	C:\WINDOWS\System32\bcrypt.dll
0x00007ffab6e30000 - 0x00007ffab6e5e000 	C:\WINDOWS\SYSTEM32\USERENV.dll
0x00007ffab67f0000 - 0x00007ffab67fc000 	C:\WINDOWS\SYSTEM32\CRYPTBASE.dll
0x00007ffab6320000 - 0x00007ffab635b000 	C:\WINDOWS\SYSTEM32\IPHLPAPI.DLL
0x00007ffab8270000 - 0x00007ffab8278000 	C:\WINDOWS\System32\NSI.dll
0x00007ffaad670000 - 0x00007ffaad687000 	C:\WINDOWS\SYSTEM32\dhcpcsvc6.DLL
0x00007ffaaf450000 - 0x00007ffaaf46d000 	C:\WINDOWS\SYSTEM32\dhcpcsvc.DLL
0x00007ffab6360000 - 0x00007ffab642b000 	C:\WINDOWS\SYSTEM32\DNSAPI.dll

dbghelp: loaded successfully - version: 4.0.5 - missing functions: none
symbol engine: initialized successfully - sym options: 0x614 - pdb path: .;C:\Program Files\Android\Android Studio\jre\bin;C:\WINDOWS\SYSTEM32;C:\WINDOWS\WinSxS\amd64_microsoft.windows.common-controls_6595b64144ccf1df_6.0.19041.1110_none_60b5254171f9507e;C:\Program Files\Android\Android Studio\jre\bin\server;C:\Users\souvik dey\.gradle\native\e1d6ef7f7dcc3fd88c89a11ec53ec762bb8ba0a96d01ffa2cd45eb1d1d8dd5c5\windows-amd64;C:\Users\souvik dey\.gradle\native\5664cfc778a61ccfe75a443a1ab52a65af34e5dc3c78e0209fed803814484fcb\windows-amd64

VM Arguments:
jvm_args: --add-opens=java.base/java.util=ALL-UNNAMED --add-opens=java.base/java.lang=ALL-UNNAMED --add-opens=java.base/java.lang.invoke=ALL-UNNAMED --add-opens=java.base/java.util=ALL-UNNAMED --add-opens=java.prefs/java.util.prefs=ALL-UNNAMED --add-opens=java.prefs/java.util.prefs=ALL-UNNAMED --add-opens=java.base/java.nio.charset=ALL-UNNAMED --add-opens=java.base/java.net=ALL-UNNAMED --add-opens=java.base/java.util.concurrent.atomic=ALL-UNNAMED -Xmx2048m -Dfile.encoding=UTF-8 -Duser.country=IN -Duser.language=en -Duser.variant 
java_command: org.gradle.launcher.daemon.bootstrap.GradleDaemon 7.2
java_class_path (initial): C:\Users\souvik dey\.gradle\wrapper\dists\gradle-7.2-bin\2dnblmf4td7x66yl1d74lt32g\gradle-7.2\lib\gradle-launcher-7.2.jar
Launcher Type: SUN_STANDARD

[Global flags]
     intx CICompilerCount                          = 4                                         {product} {ergonomic}
     uint ConcGCThreads                            = 2                                         {product} {ergonomic}
     uint G1ConcRefinementThreads                  = 8                                         {product} {ergonomic}
   size_t G1HeapRegionSize                         = 1048576                                   {product} {ergonomic}
    uintx GCDrainStackTargetSize                   = 64                                        {product} {ergonomic}
   size_t InitialHeapSize                          = 100663296                                 {product} {ergonomic}
   size_t MarkStackSize                            = 4194304                                   {product} {ergonomic}
   size_t MaxHeapSize                              = 2147483648                                {product} {command line}
   size_t MaxNewSize                               = 1287651328                                {product} {ergonomic}
   size_t MinHeapDeltaBytes                        = 1048576                                   {product} {ergonomic}
    uintx NonNMethodCodeHeapSize                   = 5836300                                {pd product} {ergonomic}
    uintx NonProfiledCodeHeapSize                  = 122910970                              {pd product} {ergonomic}
    uintx ProfiledCodeHeapSize                     = 122910970                              {pd product} {ergonomic}
    uintx ReservedCodeCacheSize                    = 251658240                              {pd product} {ergonomic}
     bool SegmentedCodeCache                       = true                                      {product} {ergonomic}
     bool UseCompressedClassPointers               = true                                 {lp64_product} {ergonomic}
     bool UseCompressedOops                        = true                                 {lp64_product} {ergonomic}
     bool UseG1GC                                  = true                                      {product} {ergonomic}
     bool UseLargePagesIndividualAllocation        = false                                  {pd product} {ergonomic}

Logging:
Log output configuration:
 #0: stdout all=warning uptime,level,tags
 #1: stderr all=off uptime,level,tags

Environment Variables:
PATH=C:\Program Files\Python310\Scripts\;C:\Program Files\Python310\;C:\WINDOWS\system32;C:\WINDOWS;C:\WINDOWS\System32\Wbem;C:\WINDOWS\System32\WindowsPowerShell\v1.0\;C:\WINDOWS\System32\OpenSSH\;C:\MinGW\bin;C:\Program Files\Git\cmd;C:\Users\souvik dey\AppData\Local\Microsoft\WindowsApps;C:\Users\souvik dey\AppData\Local\atom\bin;C:\Users\souvik dey\AppData\Local\GitHubDesktop\bin
USERNAME=souvik dey
OS=Windows_NT
PROCESSOR_IDENTIFIER=AMD64 Family 23 Model 24 Stepping 1, AuthenticAMD



---------------  S Y S T E M  ---------------

OS: Windows 10 , 64 bit Build 19041 (10.0.19041.1741)
OS uptime: 16 days 0:36 hours
Hyper-V role detected

CPU:total 8 (initial active 8) (8 cores per cpu, 2 threads per core) family 23 model 24 stepping 1 microcode 0x0, cmov, cx8, fxsr, mmx, sse, sse2, sse3, ssse3, sse4.1, sse4.2, popcnt, avx, avx2, aes, clmul, mmxext, 3dnowpref, lzcnt, sse4a, ht, tsc, tscinvbit, tscinv, bmi1, bmi2, adx, s

Memory: 4k page, system-wide physical 6058M (385M free)
TotalPageFile size 24490M (AvailPageFile size 1M)
current process WorkingSet (physical memory assigned to process): 311M, peak: 311M
current process commit charge ("private bytes"): 366M, peak: 367M

vm_info: OpenJDK 64-Bit Server VM (11.0.11+9-b60-7590822) for windows-amd64 JRE (11.0.11+9-b60-7590822), built on Jul 29 2021 21:43:44 by "builder" with MS VC++ 14.0 (VS2015)

END.
