#
# There is insufficient memory for the Java Runtime Environment to continue.
# Native memory allocation (malloc) failed to allocate 680256 bytes for Chunk::new
# Possible reasons:
#   The system is out of physical RAM or swap space
#   The process is running with CompressedOops enabled, and the Java Heap may be blocking the growth of the native heap
# Possible solutions:
#   Reduce memory load on the system
#   Increase physical memory or swap space
#   Check if swap backing store is full
#   Decrease Java heap size (-Xmx/-Xms)
#   Decrease number of Java threads
#   Decrease Java thread stack sizes (-Xss)
#   Set larger code cache with -XX:ReservedCodeCacheSize=
#   JVM is running with Unscaled Compressed Oops mode in which the Java heap is
#     placed in the first 4GB address space. The Java Heap base address is the
#     maximum limit for the native heap growth. Please use -XX:HeapBaseMinAddress
#     to set the Java Heap base and to place the Java Heap above 4GB virtual address.
# This output file may be truncated or incomplete.
#
#  Out of Memory Error (./src/hotspot/share/memory/arena.cpp:197), pid=6444, tid=26600
#
# JRE version: OpenJDK Runtime Environment (11.0.11+9) (build 11.0.11+9-b60-7590822)
# Java VM: OpenJDK 64-Bit Server VM (11.0.11+9-b60-7590822, mixed mode, tiered, compressed oops, g1 gc, windows-amd64)
# No core dump will be written. Minidumps are not enabled by default on client versions of Windows
#

---------------  S U M M A R Y ------------

Command Line: --add-opens=java.base/java.util=ALL-UNNAMED --add-opens=java.base/java.lang=ALL-UNNAMED --add-opens=java.base/java.lang.invoke=ALL-UNNAMED --add-opens=java.base/java.util=ALL-UNNAMED --add-opens=java.prefs/java.util.prefs=ALL-UNNAMED --add-opens=java.prefs/java.util.prefs=ALL-UNNAMED --add-opens=java.base/java.nio.charset=ALL-UNNAMED --add-opens=java.base/java.net=ALL-UNNAMED --add-opens=java.base/java.util.concurrent.atomic=ALL-UNNAMED -Xmx2048m -Dfile.encoding=UTF-8 -Duser.country=IN -Duser.language=en -Duser.variant org.gradle.launcher.daemon.bootstrap.GradleDaemon 7.2

Host: AMD Ryzen 5 3500U with Radeon Vega Mobile Gfx  , 8 cores, 5G,  Windows 10 , 64 bit Build 19041 (10.0.19041.1741)
Time: Sat Jul  9 20:02:47 2022 India Standard Time elapsed time: 7.984814 seconds (0d 0h 0m 7s)

---------------  T H R E A D  ---------------

Current thread (0x00000245e08ae800):  JavaThread "C2 CompilerThread1" daemon [_thread_in_native, id=26600, stack(0x0000008d0ae00000,0x0000008d0af00000)]


Current CompileTask:
C2:   7984 5763       4       org.objectweb.asm.SymbolTable::addConstantMemberReference (147 bytes)

Stack: [0x0000008d0ae00000,0x0000008d0af00000]
Native frames: (J=compiled Java code, j=interpreted, Vv=VM code, C=native code)
V  [jvm.dll+0x5f214a]
V  [jvm.dll+0x726fb5]
V  [jvm.dll+0x7285cd]
V  [jvm.dll+0x728c83]
V  [jvm.dll+0x243278]
V  [jvm.dll+0xbc53c]
V  [jvm.dll+0xbca3c]
V  [jvm.dll+0x2b5c34]
V  [jvm.dll+0x508488]
V  [jvm.dll+0x1fd70e]
V  [jvm.dll+0x1fb35f]
V  [jvm.dll+0x183d6c]
V  [jvm.dll+0x209a57]
V  [jvm.dll+0x2082a1]
V  [jvm.dll+0x6ef58f]
V  [jvm.dll+0x6e80b5]
V  [jvm.dll+0x5f1036]
C  [ucrtbase.dll+0x21bb2]
C  [KERNEL32.DLL+0x17034]
C  [ntdll.dll+0x52651]


---------------  P R O C E S S  ---------------

Threads class SMR info:
_java_thread_list=0x00000245e1ef7b00, length=122, elements={
0x00000245c4aab800, 0x00000245df761800, 0x00000245df76c800, 0x00000245df7b4800,
0x00000245df7b5800, 0x00000245df7b8000, 0x00000245df7bb000, 0x00000245df7be000,
0x00000245df7bf000, 0x00000245df905800, 0x00000245e1a78800, 0x00000245df9d7000,
0x00000245e19cb800, 0x00000245e1acd800, 0x00000245e1e52800, 0x00000245e0b03800,
0x00000245e08ad800, 0x00000245e08ae800, 0x00000245e196a000, 0x00000245e061c800,
0x00000245e13f0800, 0x00000245e13eb800, 0x00000245e13eb000, 0x00000245e13ec800,
0x00000245e13ed800, 0x00000245e13f1800, 0x00000245e13f0000, 0x00000245e13ef000,
0x00000245e13ee000, 0x00000245e37b6000, 0x00000245e37b2800, 0x00000245e37b2000,
0x00000245e37b4000, 0x00000245e37b5000, 0x00000245e37b6800, 0x00000245e37b1000,
0x00000245e37bc800, 0x00000245e37b8800, 0x00000245e37b7800, 0x00000245e37ba000,
0x00000245e37bb000, 0x00000245e37bb800, 0x00000245e37bf000, 0x00000245e37bd000,
0x00000245e37be000, 0x00000245e37b9000, 0x00000245e4679800, 0x00000245e4678000,
0x00000245e4678800, 0x00000245e4680000, 0x00000245e467a800, 0x00000245e4681000,
0x00000245e467b000, 0x00000245e467c000, 0x00000245e467e800, 0x00000245e467f000,
0x00000245e467d800, 0x00000245e4681800, 0x00000245e4682800, 0x00000245e467c800,
0x00000245e4683800, 0x00000245e4684000, 0x00000245e4685000, 0x00000245e4685800,
0x00000245e4686800, 0x00000245e4b04800, 0x00000245e4aff000, 0x00000245e4b03000,
0x00000245e4b00000, 0x00000245e4b01800, 0x00000245e4b05800, 0x00000245e4b04000,
0x00000245e4b02000, 0x00000245e4b06800, 0x00000245e4b00800, 0x00000245e4b0c000,
0x00000245e4b0d000, 0x00000245e4b07000, 0x00000245e4b0b000, 0x00000245e4b08000,
0x00000245e4b0d800, 0x00000245e4b09800, 0x00000245e4b0a800, 0x00000245e4b09000,
0x00000245dfe37800, 0x00000245dfe36000, 0x00000245dfe35000, 0x00000245dfe3b800,
0x00000245dfe3c800, 0x00000245dfe36800, 0x00000245dfe3d000, 0x00000245dfe3a000,
0x00000245dfe3e000, 0x00000245dfe3b000, 0x00000245dfe38800, 0x00000245dfe3f000,
0x00000245dfe39000, 0x00000245dfe42000, 0x00000245dfe40800, 0x00000245dfe41800,
0x00000245dfe43000, 0x00000245dfe44000, 0x00000245dfe3f800, 0x00000245e636d000,
0x00000245e6369000, 0x00000245e636a000, 0x00000245e6368800, 0x00000245e636e000,
0x00000245e636c800, 0x00000245e636f000, 0x00000245e636f800, 0x00000245e6370800,
0x00000245e636b000, 0x00000245e636b800, 0x00000245e6374800, 0x00000245e6373800,
0x00000245e6375800, 0x00000245e6371800, 0x00000245e6377000, 0x00000245e6372000,
0x00000245e6376000, 0x00000245e6373000
}

Java Threads: ( => current thread )
  0x00000245c4aab800 JavaThread "main" [_thread_blocked, id=26320, stack(0x0000008d09300000,0x0000008d09400000)]
  0x00000245df761800 JavaThread "Reference Handler" daemon [_thread_blocked, id=21604, stack(0x0000008d09a00000,0x0000008d09b00000)]
  0x00000245df76c800 JavaThread "Finalizer" daemon [_thread_blocked, id=23584, stack(0x0000008d09b00000,0x0000008d09c00000)]
  0x00000245df7b4800 JavaThread "Signal Dispatcher" daemon [_thread_blocked, id=17184, stack(0x0000008d09c00000,0x0000008d09d00000)]
  0x00000245df7b5800 JavaThread "Attach Listener" daemon [_thread_blocked, id=14296, stack(0x0000008d09d00000,0x0000008d09e00000)]
  0x00000245df7b8000 JavaThread "Service Thread" daemon [_thread_blocked, id=27300, stack(0x0000008d09e00000,0x0000008d09f00000)]
  0x00000245df7bb000 JavaThread "C2 CompilerThread0" daemon [_thread_in_native, id=11932, stack(0x0000008d09f00000,0x0000008d0a000000)]
  0x00000245df7be000 JavaThread "C1 CompilerThread0" daemon [_thread_blocked, id=9316, stack(0x0000008d0a000000,0x0000008d0a100000)]
  0x00000245df7bf000 JavaThread "Sweeper thread" daemon [_thread_blocked, id=25752, stack(0x0000008d0a100000,0x0000008d0a200000)]
  0x00000245df905800 JavaThread "Common-Cleaner" daemon [_thread_blocked, id=11024, stack(0x0000008d0a200000,0x0000008d0a300000)]
  0x00000245e1a78800 JavaThread "Daemon health stats" [_thread_blocked, id=21788, stack(0x0000008d0a700000,0x0000008d0a800000)]
  0x00000245df9d7000 JavaThread "Incoming local TCP Connector on port 52785" [_thread_in_native, id=3028, stack(0x0000008d0a400000,0x0000008d0a500000)]
  0x00000245e19cb800 JavaThread "Daemon periodic checks" [_thread_blocked, id=14600, stack(0x0000008d0a500000,0x0000008d0a600000)]
  0x00000245e1acd800 JavaThread "Daemon" [_thread_blocked, id=26260, stack(0x0000008d0aa00000,0x0000008d0ab00000)]
  0x00000245e1e52800 JavaThread "Handler for socket connection from /127.0.0.1:52785 to /127.0.0.1:52786" [_thread_in_native, id=13240, stack(0x0000008d0ab00000,0x0000008d0ac00000)]
  0x00000245e0b03800 JavaThread "Cancel handler" [_thread_blocked, id=12304, stack(0x0000008d0ac00000,0x0000008d0ad00000)]
  0x00000245e08ad800 JavaThread "Daemon worker" [_thread_in_native, id=3140, stack(0x0000008d0ad00000,0x0000008d0ae00000)]
=>0x00000245e08ae800 JavaThread "C2 CompilerThread1" daemon [_thread_in_native, id=26600, stack(0x0000008d0ae00000,0x0000008d0af00000)]
  0x00000245e196a000 JavaThread "Asynchronous log dispatcher for DefaultDaemonConnection: socket connection from /127.0.0.1:52785 to /127.0.0.1:52786" [_thread_blocked, id=21144, stack(0x0000008d0af00000,0x0000008d0b000000)]
  0x00000245e061c800 JavaThread "Stdin handler" [_thread_blocked, id=12380, stack(0x0000008d0b000000,0x0000008d0b100000)]
  0x00000245e13f0800 JavaThread "Daemon client event forwarder" [_thread_blocked, id=18336, stack(0x0000008d0b100000,0x0000008d0b200000)]
  0x00000245e13eb800 JavaThread "Cache worker for journal cache (C:\Users\souvik dey\.gradle\caches\journal-1)" [_thread_blocked, id=9500, stack(0x0000008d0b200000,0x0000008d0b300000)]
  0x00000245e13eb000 JavaThread "File lock request listener" [_thread_in_native, id=20216, stack(0x0000008d0b300000,0x0000008d0b400000)]
  0x00000245e13ec800 JavaThread "Cache worker for file hash cache (C:\Users\souvik dey\.gradle\caches\7.2\fileHashes)" [_thread_blocked, id=27024, stack(0x0000008d0b400000,0x0000008d0b500000)]
  0x00000245e13ed800 JavaThread "Cache worker for file hash cache (E:\my programming\android projects\ProjectKaro\.gradle\7.2\fileHashes)" [_thread_blocked, id=10624, stack(0x0000008d0ba00000,0x0000008d0bb00000)]
  0x00000245e13f1800 JavaThread "File watcher server" daemon [_thread_in_native, id=7072, stack(0x0000008d0bb00000,0x0000008d0bc00000)]
  0x00000245e13f0000 JavaThread "File watcher consumer" daemon [_thread_blocked, id=16608, stack(0x0000008d0bc00000,0x0000008d0bd00000)]
  0x00000245e13ef000 JavaThread "Cache worker for checksums cache (E:\my programming\android projects\ProjectKaro\.gradle\checksums)" [_thread_blocked, id=27256, stack(0x0000008d0bd00000,0x0000008d0be00000)]
  0x00000245e13ee000 JavaThread "Cache worker for cache directory md-supplier (C:\Users\souvik dey\.gradle\caches\7.2\md-supplier)" [_thread_blocked, id=22880, stack(0x0000008d0be00000,0x0000008d0bf00000)]
  0x00000245e37b6000 JavaThread "Cache worker for cache directory md-rule (C:\Users\souvik dey\.gradle\caches\7.2\md-rule)" [_thread_blocked, id=19644, stack(0x0000008d0bf00000,0x0000008d0c000000)]
  0x00000245e37b2800 JavaThread "Cache worker for execution history cache (C:\Users\souvik dey\.gradle\caches\7.2\executionHistory)" [_thread_blocked, id=28204, stack(0x0000008d0c000000,0x0000008d0c100000)]
  0x00000245e37b2000 JavaThread "jar transforms" [_thread_blocked, id=28448, stack(0x0000008d0c100000,0x0000008d0c200000)]
  0x00000245e37b4000 JavaThread "Cache worker for file content cache (C:\Users\souvik dey\.gradle\caches\7.2\fileContent)" [_thread_blocked, id=6768, stack(0x0000008d0c200000,0x0000008d0c300000)]
  0x00000245e37b5000 JavaThread "jar transforms Thread 2" [_thread_blocked, id=16564, stack(0x0000008d0c300000,0x0000008d0c400000)]
  0x00000245e37b6800 JavaThread "Cache worker for dependencies-accessors (E:\my programming\android projects\ProjectKaro\.gradle\7.2\dependencies-accessors)" [_thread_blocked, id=22388, stack(0x0000008d0c400000,0x0000008d0c500000)]
  0x00000245e37b1000 JavaThread "jar transforms Thread 3" [_thread_blocked, id=17752, stack(0x0000008d0c500000,0x0000008d0c600000)]
  0x00000245e37bc800 JavaThread "Cache worker for Build Output Cleanup Cache (E:\my programming\android projects\ProjectKaro\.gradle\buildOutputCleanup)" [_thread_blocked, id=25060, stack(0x0000008d0c600000,0x0000008d0c700000)]
  0x00000245e37b8800 JavaThread "Unconstrained build operations" [_thread_blocked, id=9924, stack(0x0000008d0c700000,0x0000008d0c800000)]
  0x00000245e37b7800 JavaThread "Unconstrained build operations Thread 2" [_thread_blocked, id=10652, stack(0x0000008d0c800000,0x0000008d0c900000)]
  0x00000245e37ba000 JavaThread "Unconstrained build operations Thread 3" [_thread_blocked, id=8100, stack(0x0000008d0c900000,0x0000008d0ca00000)]
  0x00000245e37bb000 JavaThread "Unconstrained build operations Thread 4" [_thread_blocked, id=8864, stack(0x0000008d0ca00000,0x0000008d0cb00000)]
  0x00000245e37bb800 JavaThread "Unconstrained build operations Thread 5" [_thread_blocked, id=28212, stack(0x0000008d0cb00000,0x0000008d0cc00000)]
  0x00000245e37bf000 JavaThread "Unconstrained build operations Thread 6" [_thread_blocked, id=6360, stack(0x0000008d0cc00000,0x0000008d0cd00000)]
  0x00000245e37bd000 JavaThread "Unconstrained build operations Thread 7" [_thread_blocked, id=22772, stack(0x0000008d0cd00000,0x0000008d0ce00000)]
  0x00000245e37be000 JavaThread "Unconstrained build operations Thread 8" [_thread_blocked, id=22236, stack(0x0000008d0ce00000,0x0000008d0cf00000)]
  0x00000245e37b9000 JavaThread "Unconstrained build operations Thread 9" [_thread_blocked, id=4060, stack(0x0000008d0cf00000,0x0000008d0d000000)]
  0x00000245e4679800 JavaThread "Unconstrained build operations Thread 10" [_thread_blocked, id=11408, stack(0x0000008d0d000000,0x0000008d0d100000)]
  0x00000245e4678000 JavaThread "Unconstrained build operations Thread 11" [_thread_blocked, id=27924, stack(0x0000008d0d100000,0x0000008d0d200000)]
  0x00000245e4678800 JavaThread "Unconstrained build operations Thread 12" [_thread_blocked, id=1708, stack(0x0000008d0d200000,0x0000008d0d300000)]
  0x00000245e4680000 JavaThread "Unconstrained build operations Thread 13" [_thread_blocked, id=27580, stack(0x0000008d0d300000,0x0000008d0d400000)]
  0x00000245e467a800 JavaThread "Unconstrained build operations Thread 14" [_thread_blocked, id=8612, stack(0x0000008d0d400000,0x0000008d0d500000)]
  0x00000245e4681000 JavaThread "Unconstrained build operations Thread 15" [_thread_blocked, id=10220, stack(0x0000008d0d500000,0x0000008d0d600000)]
  0x00000245e467b000 JavaThread "Unconstrained build operations Thread 16" [_thread_blocked, id=24176, stack(0x0000008d0d600000,0x0000008d0d700000)]
  0x00000245e467c000 JavaThread "Unconstrained build operations Thread 17" [_thread_blocked, id=20644, stack(0x0000008d0d700000,0x0000008d0d800000)]
  0x00000245e467e800 JavaThread "Unconstrained build operations Thread 18" [_thread_blocked, id=11868, stack(0x0000008d0d800000,0x0000008d0d900000)]
  0x00000245e467f000 JavaThread "Unconstrained build operations Thread 19" [_thread_blocked, id=28076, stack(0x0000008d0d900000,0x0000008d0da00000)]
  0x00000245e467d800 JavaThread "Unconstrained build operations Thread 20" [_thread_blocked, id=22872, stack(0x0000008d0da00000,0x0000008d0db00000)]
  0x00000245e4681800 JavaThread "Unconstrained build operations Thread 21" [_thread_blocked, id=25424, stack(0x0000008d0db00000,0x0000008d0dc00000)]
  0x00000245e4682800 JavaThread "Unconstrained build operations Thread 22" [_thread_blocked, id=22812, stack(0x0000008d0dc00000,0x0000008d0dd00000)]
  0x00000245e467c800 JavaThread "Unconstrained build operations Thread 23" [_thread_blocked, id=16488, stack(0x0000008d0dd00000,0x0000008d0de00000)]
  0x00000245e4683800 JavaThread "Unconstrained build operations Thread 24" [_thread_blocked, id=28172, stack(0x0000008d0de00000,0x0000008d0df00000)]
  0x00000245e4684000 JavaThread "Unconstrained build operations Thread 25" [_thread_blocked, id=5616, stack(0x0000008d0df00000,0x0000008d0e000000)]
  0x00000245e4685000 JavaThread "Unconstrained build operations Thread 26" [_thread_blocked, id=19248, stack(0x0000008d0e000000,0x0000008d0e100000)]
  0x00000245e4685800 JavaThread "Unconstrained build operations Thread 27" [_thread_blocked, id=26360, stack(0x0000008d0e100000,0x0000008d0e200000)]
  0x00000245e4686800 JavaThread "Unconstrained build operations Thread 28" [_thread_blocked, id=19836, stack(0x0000008d0e200000,0x0000008d0e300000)]
  0x00000245e4b04800 JavaThread "Unconstrained build operations Thread 29" [_thread_blocked, id=3992, stack(0x0000008d0e300000,0x0000008d0e400000)]
  0x00000245e4aff000 JavaThread "Unconstrained build operations Thread 30" [_thread_blocked, id=22144, stack(0x0000008d0e400000,0x0000008d0e500000)]
  0x00000245e4b03000 JavaThread "Unconstrained build operations Thread 31" [_thread_blocked, id=22948, stack(0x0000008d0e500000,0x0000008d0e600000)]
  0x00000245e4b00000 JavaThread "Unconstrained build operations Thread 32" [_thread_blocked, id=10912, stack(0x0000008d0e600000,0x0000008d0e700000)]
  0x00000245e4b01800 JavaThread "Unconstrained build operations Thread 33" [_thread_blocked, id=26876, stack(0x0000008d0e700000,0x0000008d0e800000)]
  0x00000245e4b05800 JavaThread "Unconstrained build operations Thread 34" [_thread_blocked, id=9760, stack(0x0000008d0e800000,0x0000008d0e900000)]
  0x00000245e4b04000 JavaThread "Unconstrained build operations Thread 35" [_thread_blocked, id=5660, stack(0x0000008d0e900000,0x0000008d0ea00000)]
  0x00000245e4b02000 JavaThread "Unconstrained build operations Thread 36" [_thread_blocked, id=25032, stack(0x0000008d0ea00000,0x0000008d0eb00000)]
  0x00000245e4b06800 JavaThread "Unconstrained build operations Thread 37" [_thread_blocked, id=7596, stack(0x0000008d0eb00000,0x0000008d0ec00000)]
  0x00000245e4b00800 JavaThread "Unconstrained build operations Thread 38" [_thread_blocked, id=13992, stack(0x0000008d0ec00000,0x0000008d0ed00000)]
  0x00000245e4b0c000 JavaThread "Unconstrained build operations Thread 39" [_thread_blocked, id=8180, stack(0x0000008d0ed00000,0x0000008d0ee00000)]
  0x00000245e4b0d000 JavaThread "Unconstrained build operations Thread 40" [_thread_blocked, id=4188, stack(0x0000008d0ee00000,0x0000008d0ef00000)]
  0x00000245e4b07000 JavaThread "Unconstrained build operations Thread 41" [_thread_blocked, id=11076, stack(0x0000008d0ef00000,0x0000008d0f000000)]
  0x00000245e4b0b000 JavaThread "Unconstrained build operations Thread 42" [_thread_blocked, id=8468, stack(0x0000008d0f000000,0x0000008d0f100000)]
  0x00000245e4b08000 JavaThread "Unconstrained build operations Thread 43" [_thread_blocked, id=20312, stack(0x0000008d0f100000,0x0000008d0f200000)]
  0x00000245e4b0d800 JavaThread "Unconstrained build operations Thread 44" [_thread_blocked, id=21832, stack(0x0000008d0f200000,0x0000008d0f300000)]
  0x00000245e4b09800 JavaThread "Unconstrained build operations Thread 45" [_thread_blocked, id=27200, stack(0x0000008d0f300000,0x0000008d0f400000)]
  0x00000245e4b0a800 JavaThread "Unconstrained build operations Thread 46" [_thread_blocked, id=23372, stack(0x0000008d0f400000,0x0000008d0f500000)]
  0x00000245e4b09000 JavaThread "Unconstrained build operations Thread 47" [_thread_blocked, id=24468, stack(0x0000008d0f500000,0x0000008d0f600000)]
  0x00000245dfe37800 JavaThread "Unconstrained build operations Thread 48" [_thread_blocked, id=18464, stack(0x0000008d0f600000,0x0000008d0f700000)]
  0x00000245dfe36000 JavaThread "Unconstrained build operations Thread 49" [_thread_blocked, id=25708, stack(0x0000008d0f700000,0x0000008d0f800000)]
  0x00000245dfe35000 JavaThread "Unconstrained build operations Thread 50" [_thread_blocked, id=17740, stack(0x0000008d0f800000,0x0000008d0f900000)]
  0x00000245dfe3b800 JavaThread "Unconstrained build operations Thread 51" [_thread_blocked, id=25220, stack(0x0000008d0f900000,0x0000008d0fa00000)]
  0x00000245dfe3c800 JavaThread "Unconstrained build operations Thread 52" [_thread_blocked, id=25484, stack(0x0000008d0fa00000,0x0000008d0fb00000)]
  0x00000245dfe36800 JavaThread "Unconstrained build operations Thread 53" [_thread_blocked, id=11476, stack(0x0000008d0fb00000,0x0000008d0fc00000)]
  0x00000245dfe3d000 JavaThread "Unconstrained build operations Thread 54" [_thread_blocked, id=9156, stack(0x0000008d0fc00000,0x0000008d0fd00000)]
  0x00000245dfe3a000 JavaThread "Unconstrained build operations Thread 55" [_thread_blocked, id=28224, stack(0x0000008d0fd00000,0x0000008d0fe00000)]
  0x00000245dfe3e000 JavaThread "Unconstrained build operations Thread 56" [_thread_blocked, id=19700, stack(0x0000008d0fe00000,0x0000008d0ff00000)]
  0x00000245dfe3b000 JavaThread "Unconstrained build operations Thread 57" [_thread_blocked, id=728, stack(0x0000008d0ff00000,0x0000008d10000000)]
  0x00000245dfe38800 JavaThread "Unconstrained build operations Thread 58" [_thread_blocked, id=21372, stack(0x0000008d10000000,0x0000008d10100000)]
  0x00000245dfe3f000 JavaThread "Unconstrained build operations Thread 59" [_thread_blocked, id=22292, stack(0x0000008d10100000,0x0000008d10200000)]
  0x00000245dfe39000 JavaThread "Unconstrained build operations Thread 60" [_thread_blocked, id=26308, stack(0x0000008d10200000,0x0000008d10300000)]
  0x00000245dfe42000 JavaThread "Unconstrained build operations Thread 61" [_thread_blocked, id=23800, stack(0x0000008d10300000,0x0000008d10400000)]
  0x00000245dfe40800 JavaThread "Unconstrained build operations Thread 62" [_thread_blocked, id=6560, stack(0x0000008d10400000,0x0000008d10500000)]
  0x00000245dfe41800 JavaThread "Unconstrained build operations Thread 63" [_thread_blocked, id=15188, stack(0x0000008d10500000,0x0000008d10600000)]
  0x00000245dfe43000 JavaThread "Unconstrained build operations Thread 64" [_thread_blocked, id=24532, stack(0x0000008d10600000,0x0000008d10700000)]
  0x00000245dfe44000 JavaThread "Unconstrained build operations Thread 65" [_thread_blocked, id=21396, stack(0x0000008d10700000,0x0000008d10800000)]
  0x00000245dfe3f800 JavaThread "Unconstrained build operations Thread 66" [_thread_blocked, id=11124, stack(0x0000008d10800000,0x0000008d10900000)]
  0x00000245e636d000 JavaThread "Unconstrained build operations Thread 67" [_thread_blocked, id=15044, stack(0x0000008d10900000,0x0000008d10a00000)]
  0x00000245e6369000 JavaThread "Unconstrained build operations Thread 68" [_thread_blocked, id=27168, stack(0x0000008d10a00000,0x0000008d10b00000)]
  0x00000245e636a000 JavaThread "Unconstrained build operations Thread 69" [_thread_blocked, id=24868, stack(0x0000008d10b00000,0x0000008d10c00000)]
  0x00000245e6368800 JavaThread "Unconstrained build operations Thread 70" [_thread_blocked, id=27816, stack(0x0000008d10c00000,0x0000008d10d00000)]
  0x00000245e636e000 JavaThread "Unconstrained build operations Thread 71" [_thread_blocked, id=6696, stack(0x0000008d10d00000,0x0000008d10e00000)]
  0x00000245e636c800 JavaThread "Unconstrained build operations Thread 72" [_thread_blocked, id=9764, stack(0x0000008d10e00000,0x0000008d10f00000)]
  0x00000245e636f000 JavaThread "Unconstrained build operations Thread 73" [_thread_blocked, id=27184, stack(0x0000008d10f00000,0x0000008d11000000)]
  0x00000245e636f800 JavaThread "Unconstrained build operations Thread 74" [_thread_blocked, id=27364, stack(0x0000008d11000000,0x0000008d11100000)]
  0x00000245e6370800 JavaThread "Unconstrained build operations Thread 75" [_thread_blocked, id=14340, stack(0x0000008d11100000,0x0000008d11200000)]
  0x00000245e636b000 JavaThread "Unconstrained build operations Thread 76" [_thread_blocked, id=11752, stack(0x0000008d11200000,0x0000008d11300000)]
  0x00000245e636b800 JavaThread "Unconstrained build operations Thread 77" [_thread_blocked, id=28400, stack(0x0000008d11300000,0x0000008d11400000)]
  0x00000245e6374800 JavaThread "Unconstrained build operations Thread 78" [_thread_blocked, id=4328, stack(0x0000008d11400000,0x0000008d11500000)]
  0x00000245e6373800 JavaThread "Unconstrained build operations Thread 79" [_thread_blocked, id=23752, stack(0x0000008d11500000,0x0000008d11600000)]
  0x00000245e6375800 JavaThread "Unconstrained build operations Thread 80" [_thread_blocked, id=6336, stack(0x0000008d11600000,0x0000008d11700000)]
  0x00000245e6371800 JavaThread "jar transforms Thread 4" [_thread_blocked, id=8244, stack(0x0000008d11700000,0x0000008d11800000)]
  0x00000245e6377000 JavaThread "jar transforms Thread 5" [_thread_blocked, id=27084, stack(0x0000008d11800000,0x0000008d11900000)]
  0x00000245e6372000 JavaThread "jar transforms Thread 6" [_thread_blocked, id=8752, stack(0x0000008d11900000,0x0000008d11a00000)]
  0x00000245e6376000 JavaThread "jar transforms Thread 7" [_thread_blocked, id=28572, stack(0x0000008d11a00000,0x0000008d11b00000)]
  0x00000245e6373000 JavaThread "jar transforms Thread 8" [_thread_blocked, id=27000, stack(0x0000008d11b00000,0x0000008d11c00000)]

Other Threads:
  0x00000245def30000 VMThread "VM Thread" [stack: 0x0000008d09900000,0x0000008d09a00000] [id=13676]
  0x00000245df90c000 WatcherThread [stack: 0x0000008d0a300000,0x0000008d0a400000] [id=15860]
  0x00000245c4ac4000 GCTaskThread "GC Thread#0" [stack: 0x0000008d09400000,0x0000008d09500000] [id=14184]
  0x00000245e0883000 GCTaskThread "GC Thread#1" [stack: 0x0000008d0a600000,0x0000008d0a700000] [id=25756]
  0x00000245e1cc0000 GCTaskThread "GC Thread#2" [stack: 0x0000008d0a800000,0x0000008d0a900000] [id=20052]
  0x00000245e1e1a000 GCTaskThread "GC Thread#3" [stack: 0x0000008d0a900000,0x0000008d0aa00000] [id=96]
  0x00000245e107e000 GCTaskThread "GC Thread#4" [stack: 0x0000008d0b500000,0x0000008d0b600000] [id=8912]
  0x00000245e1e16800 GCTaskThread "GC Thread#5" [stack: 0x0000008d0b600000,0x0000008d0b700000] [id=16480]
  0x00000245e1e17000 GCTaskThread "GC Thread#6" [stack: 0x0000008d0b700000,0x0000008d0b800000] [id=13224]
  0x00000245e1e17800 GCTaskThread "GC Thread#7" [stack: 0x0000008d0b800000,0x0000008d0b900000] [id=19040]
  0x00000245c4af6000 ConcurrentGCThread "G1 Main Marker" [stack: 0x0000008d09500000,0x0000008d09600000] [id=11244]
  0x00000245c4af7800 ConcurrentGCThread "G1 Conc#0" [stack: 0x0000008d09600000,0x0000008d09700000] [id=13428]
  0x00000245e084e000 ConcurrentGCThread "G1 Conc#1" [stack: 0x0000008d0b900000,0x0000008d0ba00000] [id=23608]
  0x00000245c4b89000 ConcurrentGCThread "G1 Refine#0" [stack: 0x0000008d09700000,0x0000008d09800000] [id=23620]
  0x00000245ded81800 ConcurrentGCThread "G1 Young RemSet Sampling" [stack: 0x0000008d09800000,0x0000008d09900000] [id=13584]

Threads with active compile tasks:
C2 CompilerThread0   8005 5777       4       java.net.URLClassLoader::isSealed (70 bytes)
C2 CompilerThread1   8005 5763       4       org.objectweb.asm.SymbolTable::addConstantMemberReference (147 bytes)

VM state:not at safepoint (normal execution)

VM Mutex/Monitor currently owned by a thread: None

Heap address: 0x0000000080000000, size: 2048 MB, Compressed Oops mode: 32-bit
Narrow klass base: 0x0000000000000000, Narrow klass shift: 3
Compressed class space size: 1073741824 Address: 0x0000000100000000

Heap:
 garbage-first heap   total 143360K, used 64263K [0x0000000080000000, 0x0000000100000000)
  region size 1024K, 14 young (14336K), 2 survivors (2048K)
 Metaspace       used 56268K, capacity 57683K, committed 57932K, reserved 1099776K
  class space    used 7131K, capacity 7688K, committed 7808K, reserved 1048576K
Heap Regions: E=young(eden), S=young(survivor), O=old, HS=humongous(starts), HC=humongous(continues), CS=collection set, F=free, A=archive, TAMS=top-at-mark-start (previous, next)
|   0|0x0000000080000000, 0x0000000080100000, 0x0000000080100000|100%| O|  |TAMS 0x0000000080100000, 0x0000000080000000| Untracked 
|   1|0x0000000080100000, 0x0000000080200000, 0x0000000080200000|100%| O|  |TAMS 0x0000000080200000, 0x0000000080100000| Untracked 
|   2|0x0000000080200000, 0x0000000080300000, 0x0000000080300000|100%| O|  |TAMS 0x0000000080300000, 0x0000000080200000| Untracked 
|   3|0x0000000080300000, 0x0000000080400000, 0x0000000080400000|100%|HS|  |TAMS 0x0000000080400000, 0x0000000080300000| Complete 
|   4|0x0000000080400000, 0x0000000080500000, 0x0000000080500000|100%|HC|  |TAMS 0x0000000080500000, 0x0000000080400000| Complete 
|   5|0x0000000080500000, 0x0000000080600000, 0x0000000080600000|100%|HC|  |TAMS 0x0000000080600000, 0x0000000080500000| Complete 
|   6|0x0000000080600000, 0x0000000080700000, 0x0000000080700000|100%| O|  |TAMS 0x0000000080700000, 0x0000000080600000| Untracked 
|   7|0x0000000080700000, 0x0000000080800000, 0x0000000080800000|100%| O|  |TAMS 0x0000000080800000, 0x0000000080700000| Untracked 
|   8|0x0000000080800000, 0x0000000080900000, 0x0000000080900000|100%| O|  |TAMS 0x0000000080900000, 0x0000000080800000| Untracked 
|   9|0x0000000080900000, 0x0000000080a00000, 0x0000000080a00000|100%| O|  |TAMS 0x0000000080a00000, 0x0000000080900000| Untracked 
|  10|0x0000000080a00000, 0x0000000080b00000, 0x0000000080b00000|100%| O|  |TAMS 0x0000000080b00000, 0x0000000080a00000| Untracked 
|  11|0x0000000080b00000, 0x0000000080c00000, 0x0000000080c00000|100%| O|  |TAMS 0x0000000080c00000, 0x0000000080b00000| Untracked 
|  12|0x0000000080c00000, 0x0000000080d00000, 0x0000000080d00000|100%| O|  |TAMS 0x0000000080d00000, 0x0000000080c00000| Untracked 
|  13|0x0000000080d00000, 0x0000000080e00000, 0x0000000080e00000|100%| O|  |TAMS 0x0000000080e00000, 0x0000000080d00000| Untracked 
|  14|0x0000000080e00000, 0x0000000080f00000, 0x0000000080f00000|100%| O|  |TAMS 0x0000000080f00000, 0x0000000080e00000| Untracked 
|  15|0x0000000080f00000, 0x0000000081000000, 0x0000000081000000|100%| O|  |TAMS 0x0000000081000000, 0x0000000080f00000| Untracked 
|  16|0x0000000081000000, 0x0000000081100000, 0x0000000081100000|100%| O|  |TAMS 0x000000008109a400, 0x0000000081000000| Untracked 
|  17|0x0000000081100000, 0x0000000081200000, 0x0000000081200000|100%| O|  |TAMS 0x0000000081100000, 0x0000000081100000| Untracked 
|  18|0x0000000081200000, 0x0000000081300000, 0x0000000081300000|100%| O|  |TAMS 0x0000000081200000, 0x0000000081200000| Untracked 
|  19|0x0000000081300000, 0x0000000081400000, 0x0000000081400000|100%| O|  |TAMS 0x0000000081300000, 0x0000000081300000| Untracked 
|  20|0x0000000081400000, 0x0000000081500000, 0x0000000081500000|100%| O|  |TAMS 0x0000000081400000, 0x0000000081400000| Untracked 
|  21|0x0000000081500000, 0x0000000081600000, 0x0000000081600000|100%| O|  |TAMS 0x0000000081500000, 0x0000000081500000| Untracked 
|  22|0x0000000081600000, 0x0000000081700000, 0x0000000081700000|100%| O|  |TAMS 0x0000000081600000, 0x0000000081600000| Untracked 
|  23|0x0000000081700000, 0x0000000081800000, 0x0000000081800000|100%| O|  |TAMS 0x0000000081700000, 0x0000000081700000| Untracked 
|  24|0x0000000081800000, 0x0000000081900000, 0x0000000081900000|100%| O|  |TAMS 0x0000000081800000, 0x0000000081800000| Untracked 
|  25|0x0000000081900000, 0x0000000081a00000, 0x0000000081a00000|100%| O|  |TAMS 0x0000000081900000, 0x0000000081900000| Untracked 
|  26|0x0000000081a00000, 0x0000000081b00000, 0x0000000081b00000|100%|HS|  |TAMS 0x0000000081a00000, 0x0000000081a00000| Complete 
|  27|0x0000000081b00000, 0x0000000081c00000, 0x0000000081c00000|100%|HS|  |TAMS 0x0000000081b00000, 0x0000000081b00000| Complete 
|  28|0x0000000081c00000, 0x0000000081d00000, 0x0000000081d00000|100%|HS|  |TAMS 0x0000000081c00000, 0x0000000081c00000| Complete 
|  29|0x0000000081d00000, 0x0000000081e00000, 0x0000000081e00000|100%|HS|  |TAMS 0x0000000081d00000, 0x0000000081d00000| Complete 
|  30|0x0000000081e00000, 0x0000000081f00000, 0x0000000081f00000|100%|HS|  |TAMS 0x0000000081e00000, 0x0000000081e00000| Complete 
|  31|0x0000000081f00000, 0x0000000082000000, 0x0000000082000000|100%|HC|  |TAMS 0x0000000081f00000, 0x0000000081f00000| Complete 
|  32|0x0000000082000000, 0x0000000082100000, 0x0000000082100000|100%|HC|  |TAMS 0x0000000082000000, 0x0000000082000000| Complete 
|  33|0x0000000082100000, 0x0000000082200000, 0x0000000082200000|100%|HS|  |TAMS 0x0000000082100000, 0x0000000082100000| Complete 
|  34|0x0000000082200000, 0x0000000082300000, 0x0000000082300000|100%|HC|  |TAMS 0x0000000082200000, 0x0000000082200000| Complete 
|  35|0x0000000082300000, 0x0000000082400000, 0x0000000082400000|100%| O|  |TAMS 0x0000000082300000, 0x0000000082300000| Untracked 
|  36|0x0000000082400000, 0x0000000082500000, 0x0000000082500000|100%| O|  |TAMS 0x0000000082400000, 0x0000000082400000| Untracked 
|  37|0x0000000082500000, 0x0000000082600000, 0x0000000082600000|100%| O|  |TAMS 0x0000000082500000, 0x0000000082500000| Untracked 
|  38|0x0000000082600000, 0x0000000082700000, 0x0000000082700000|100%| O|  |TAMS 0x0000000082600000, 0x0000000082600000| Untracked 
|  39|0x0000000082700000, 0x0000000082800000, 0x0000000082800000|100%| O|  |TAMS 0x0000000082700000, 0x0000000082700000| Untracked 
|  40|0x0000000082800000, 0x0000000082900000, 0x0000000082900000|100%| O|  |TAMS 0x0000000082800000, 0x0000000082800000| Untracked 
|  41|0x0000000082900000, 0x0000000082a00000, 0x0000000082a00000|100%| O|  |TAMS 0x0000000082900000, 0x0000000082900000| Untracked 
|  42|0x0000000082a00000, 0x0000000082b00000, 0x0000000082b00000|100%| O|  |TAMS 0x0000000082a00000, 0x0000000082a00000| Untracked 
|  43|0x0000000082b00000, 0x0000000082c00000, 0x0000000082c00000|100%| O|  |TAMS 0x0000000082b00000, 0x0000000082b00000| Untracked 
|  44|0x0000000082c00000, 0x0000000082d00000, 0x0000000082d00000|100%| O|  |TAMS 0x0000000082c00000, 0x0000000082c00000| Untracked 
|  45|0x0000000082d00000, 0x0000000082e00000, 0x0000000082e00000|100%| O|  |TAMS 0x0000000082d00000, 0x0000000082d00000| Untracked 
|  46|0x0000000082e00000, 0x0000000082f00000, 0x0000000082f00000|100%| O|  |TAMS 0x0000000082e00000, 0x0000000082e00000| Untracked 
|  47|0x0000000082f00000, 0x0000000083000000, 0x0000000083000000|100%| O|  |TAMS 0x0000000082f00000, 0x0000000082f00000| Untracked 
|  48|0x0000000083000000, 0x0000000083000000, 0x0000000083100000|  0%| F|  |TAMS 0x0000000083000000, 0x0000000083000000| Untracked 
|  49|0x0000000083100000, 0x0000000083200000, 0x0000000083200000|100%| O|  |TAMS 0x0000000083100000, 0x0000000083100000| Untracked 
|  50|0x0000000083200000, 0x0000000083300000, 0x0000000083300000|100%| O|  |TAMS 0x0000000083200000, 0x0000000083200000| Untracked 
|  51|0x0000000083300000, 0x0000000083325800, 0x0000000083400000| 14%| O|  |TAMS 0x0000000083300000, 0x0000000083300000| Untracked 
|  52|0x0000000083400000, 0x0000000083400000, 0x0000000083500000|  0%| F|  |TAMS 0x0000000083400000, 0x0000000083400000| Untracked 
|  53|0x0000000083500000, 0x0000000083500000, 0x0000000083600000|  0%| F|  |TAMS 0x0000000083500000, 0x0000000083500000| Untracked 
|  54|0x0000000083600000, 0x0000000083600000, 0x0000000083700000|  0%| F|  |TAMS 0x0000000083600000, 0x0000000083600000| Untracked 
|  55|0x0000000083700000, 0x0000000083700000, 0x0000000083800000|  0%| F|  |TAMS 0x0000000083700000, 0x0000000083700000| Untracked 
|  56|0x0000000083800000, 0x0000000083800000, 0x0000000083900000|  0%| F|  |TAMS 0x0000000083800000, 0x0000000083800000| Untracked 
|  57|0x0000000083900000, 0x0000000083900000, 0x0000000083a00000|  0%| F|  |TAMS 0x0000000083900000, 0x0000000083900000| Untracked 
|  58|0x0000000083a00000, 0x0000000083a00000, 0x0000000083b00000|  0%| F|  |TAMS 0x0000000083a00000, 0x0000000083a00000| Untracked 
|  59|0x0000000083b00000, 0x0000000083b00000, 0x0000000083c00000|  0%| F|  |TAMS 0x0000000083b00000, 0x0000000083b00000| Untracked 
|  60|0x0000000083c00000, 0x0000000083c00000, 0x0000000083d00000|  0%| F|  |TAMS 0x0000000083c00000, 0x0000000083c00000| Untracked 
|  61|0x0000000083d00000, 0x0000000083d00000, 0x0000000083e00000|  0%| F|  |TAMS 0x0000000083d00000, 0x0000000083d00000| Untracked 
|  62|0x0000000083e00000, 0x0000000083e00000, 0x0000000083f00000|  0%| F|  |TAMS 0x0000000083e00000, 0x0000000083e00000| Untracked 
|  63|0x0000000083f00000, 0x0000000083f00000, 0x0000000084000000|  0%| F|  |TAMS 0x0000000083f00000, 0x0000000083f00000| Untracked 
|  64|0x0000000084000000, 0x0000000084000000, 0x0000000084100000|  0%| F|  |TAMS 0x0000000084000000, 0x0000000084000000| Untracked 
|  65|0x0000000084100000, 0x0000000084100000, 0x0000000084200000|  0%| F|  |TAMS 0x0000000084100000, 0x0000000084100000| Untracked 
|  66|0x0000000084200000, 0x0000000084200000, 0x0000000084300000|  0%| F|  |TAMS 0x0000000084200000, 0x0000000084200000| Untracked 
|  67|0x0000000084300000, 0x0000000084300000, 0x0000000084400000|  0%| F|  |TAMS 0x0000000084300000, 0x0000000084300000| Untracked 
|  68|0x0000000084400000, 0x0000000084400000, 0x0000000084500000|  0%| F|  |TAMS 0x0000000084400000, 0x0000000084400000| Untracked 
|  69|0x0000000084500000, 0x0000000084500000, 0x0000000084600000|  0%| F|  |TAMS 0x0000000084500000, 0x0000000084500000| Untracked 
|  70|0x0000000084600000, 0x0000000084600000, 0x0000000084700000|  0%| F|  |TAMS 0x0000000084600000, 0x0000000084600000| Untracked 
|  71|0x0000000084700000, 0x0000000084700000, 0x0000000084800000|  0%| F|  |TAMS 0x0000000084700000, 0x0000000084700000| Untracked 
|  72|0x0000000084800000, 0x0000000084800000, 0x0000000084900000|  0%| F|  |TAMS 0x0000000084800000, 0x0000000084800000| Untracked 
|  73|0x0000000084900000, 0x0000000084900000, 0x0000000084a00000|  0%| F|  |TAMS 0x0000000084900000, 0x0000000084900000| Untracked 
|  74|0x0000000084a00000, 0x0000000084a00000, 0x0000000084b00000|  0%| F|  |TAMS 0x0000000084a00000, 0x0000000084a00000| Untracked 
|  75|0x0000000084b00000, 0x0000000084b00000, 0x0000000084c00000|  0%| F|  |TAMS 0x0000000084b00000, 0x0000000084b00000| Untracked 
|  76|0x0000000084c00000, 0x0000000084c9c400, 0x0000000084d00000| 61%| S|CS|TAMS 0x0000000084c00000, 0x0000000084c00000| Complete 
|  77|0x0000000084d00000, 0x0000000084e00000, 0x0000000084e00000|100%| S|CS|TAMS 0x0000000084d00000, 0x0000000084d00000| Complete 
|  78|0x0000000084e00000, 0x0000000084e00000, 0x0000000084f00000|  0%| F|  |TAMS 0x0000000084e00000, 0x0000000084e00000| Untracked 
|  79|0x0000000084f00000, 0x0000000084f00000, 0x0000000085000000|  0%| F|  |TAMS 0x0000000084f00000, 0x0000000084f00000| Untracked 
|  80|0x0000000085000000, 0x0000000085000000, 0x0000000085100000|  0%| F|  |TAMS 0x0000000085000000, 0x0000000085000000| Untracked 
|  81|0x0000000085100000, 0x0000000085100000, 0x0000000085200000|  0%| F|  |TAMS 0x0000000085100000, 0x0000000085100000| Untracked 
|  82|0x0000000085200000, 0x0000000085200000, 0x0000000085300000|  0%| F|  |TAMS 0x0000000085200000, 0x0000000085200000| Untracked 
|  83|0x0000000085300000, 0x0000000085300000, 0x0000000085400000|  0%| F|  |TAMS 0x0000000085300000, 0x0000000085300000| Untracked 
|  84|0x0000000085400000, 0x0000000085400000, 0x0000000085500000|  0%| F|  |TAMS 0x0000000085400000, 0x0000000085400000| Untracked 
|  85|0x0000000085500000, 0x0000000085500000, 0x0000000085600000|  0%| F|  |TAMS 0x0000000085500000, 0x0000000085500000| Untracked 
|  86|0x0000000085600000, 0x0000000085600000, 0x0000000085700000|  0%| F|  |TAMS 0x0000000085600000, 0x0000000085600000| Untracked 
|  87|0x0000000085700000, 0x0000000085700000, 0x0000000085800000|  0%| F|  |TAMS 0x0000000085700000, 0x0000000085700000| Untracked 
|  88|0x0000000085800000, 0x0000000085800000, 0x0000000085900000|  0%| F|  |TAMS 0x0000000085800000, 0x0000000085800000| Untracked 
|  89|0x0000000085900000, 0x0000000085900000, 0x0000000085a00000|  0%| F|  |TAMS 0x0000000085900000, 0x0000000085900000| Untracked 
|  90|0x0000000085a00000, 0x0000000085a00000, 0x0000000085b00000|  0%| F|  |TAMS 0x0000000085a00000, 0x0000000085a00000| Untracked 
|  91|0x0000000085b00000, 0x0000000085b00000, 0x0000000085c00000|  0%| F|  |TAMS 0x0000000085b00000, 0x0000000085b00000| Untracked 
|  92|0x0000000085c00000, 0x0000000085c00000, 0x0000000085d00000|  0%| F|  |TAMS 0x0000000085c00000, 0x0000000085c00000| Untracked 
|  93|0x0000000085d00000, 0x0000000085d00000, 0x0000000085e00000|  0%| F|  |TAMS 0x0000000085d00000, 0x0000000085d00000| Untracked 
|  94|0x0000000085e00000, 0x0000000085e00000, 0x0000000085f00000|  0%| F|  |TAMS 0x0000000085e00000, 0x0000000085e00000| Untracked 
|  95|0x0000000085f00000, 0x0000000085f00000, 0x0000000086000000|  0%| F|  |TAMS 0x0000000085f00000, 0x0000000085f00000| Untracked 
|  96|0x0000000086000000, 0x0000000086000000, 0x0000000086100000|  0%| F|  |TAMS 0x0000000086000000, 0x0000000086000000| Untracked 
|  97|0x0000000086100000, 0x0000000086100000, 0x0000000086200000|  0%| F|  |TAMS 0x0000000086100000, 0x0000000086100000| Untracked 
|  98|0x0000000086200000, 0x0000000086200000, 0x0000000086300000|  0%| F|  |TAMS 0x0000000086200000, 0x0000000086200000| Untracked 
|  99|0x0000000086300000, 0x0000000086300000, 0x0000000086400000|  0%| F|  |TAMS 0x0000000086300000, 0x0000000086300000| Untracked 
| 100|0x0000000086400000, 0x0000000086400000, 0x0000000086500000|  0%| F|  |TAMS 0x0000000086400000, 0x0000000086400000| Untracked 
| 101|0x0000000086500000, 0x0000000086500000, 0x0000000086600000|  0%| F|  |TAMS 0x0000000086500000, 0x0000000086500000| Untracked 
| 102|0x0000000086600000, 0x0000000086600000, 0x0000000086700000|  0%| F|  |TAMS 0x0000000086600000, 0x0000000086600000| Untracked 
| 103|0x0000000086700000, 0x0000000086700000, 0x0000000086800000|  0%| F|  |TAMS 0x0000000086700000, 0x0000000086700000| Untracked 
| 104|0x0000000086800000, 0x0000000086800000, 0x0000000086900000|  0%| F|  |TAMS 0x0000000086800000, 0x0000000086800000| Untracked 
| 105|0x0000000086900000, 0x0000000086900000, 0x0000000086a00000|  0%| F|  |TAMS 0x0000000086900000, 0x0000000086900000| Untracked 
| 106|0x0000000086a00000, 0x0000000086a00000, 0x0000000086b00000|  0%| F|  |TAMS 0x0000000086a00000, 0x0000000086a00000| Untracked 
| 107|0x0000000086b00000, 0x0000000086b00000, 0x0000000086c00000|  0%| F|  |TAMS 0x0000000086b00000, 0x0000000086b00000| Untracked 
| 108|0x0000000086c00000, 0x0000000086c00000, 0x0000000086d00000|  0%| F|  |TAMS 0x0000000086c00000, 0x0000000086c00000| Untracked 
| 109|0x0000000086d00000, 0x0000000086d00000, 0x0000000086e00000|  0%| F|  |TAMS 0x0000000086d00000, 0x0000000086d00000| Untracked 
| 110|0x0000000086e00000, 0x0000000086e00000, 0x0000000086f00000|  0%| F|  |TAMS 0x0000000086e00000, 0x0000000086e00000| Untracked 
| 111|0x0000000086f00000, 0x0000000086f00000, 0x0000000087000000|  0%| F|  |TAMS 0x0000000086f00000, 0x0000000086f00000| Untracked 
| 112|0x0000000087000000, 0x0000000087000000, 0x0000000087100000|  0%| F|  |TAMS 0x0000000087000000, 0x0000000087000000| Untracked 
| 113|0x0000000087100000, 0x0000000087100000, 0x0000000087200000|  0%| F|  |TAMS 0x0000000087100000, 0x0000000087100000| Untracked 
| 114|0x0000000087200000, 0x0000000087200000, 0x0000000087300000|  0%| F|  |TAMS 0x0000000087200000, 0x0000000087200000| Untracked 
| 115|0x0000000087300000, 0x0000000087300000, 0x0000000087400000|  0%| F|  |TAMS 0x0000000087300000, 0x0000000087300000| Untracked 
| 116|0x0000000087400000, 0x0000000087400000, 0x0000000087500000|  0%| F|  |TAMS 0x0000000087400000, 0x0000000087400000| Untracked 
| 117|0x0000000087500000, 0x0000000087500000, 0x0000000087600000|  0%| F|  |TAMS 0x0000000087500000, 0x0000000087500000| Untracked 
| 118|0x0000000087600000, 0x0000000087600000, 0x0000000087700000|  0%| F|  |TAMS 0x0000000087600000, 0x0000000087600000| Untracked 
| 119|0x0000000087700000, 0x0000000087700000, 0x0000000087800000|  0%| F|  |TAMS 0x0000000087700000, 0x0000000087700000| Untracked 
| 120|0x0000000087800000, 0x0000000087800000, 0x0000000087900000|  0%| F|  |TAMS 0x0000000087800000, 0x0000000087800000| Untracked 
| 121|0x0000000087900000, 0x0000000087900000, 0x0000000087a00000|  0%| F|  |TAMS 0x0000000087900000, 0x0000000087900000| Untracked 
| 122|0x0000000087a00000, 0x0000000087a00000, 0x0000000087b00000|  0%| F|  |TAMS 0x0000000087a00000, 0x0000000087a00000| Untracked 
| 123|0x0000000087b00000, 0x0000000087b00000, 0x0000000087c00000|  0%| F|  |TAMS 0x0000000087b00000, 0x0000000087b00000| Untracked 
| 124|0x0000000087c00000, 0x0000000087c00000, 0x0000000087d00000|  0%| F|  |TAMS 0x0000000087c00000, 0x0000000087c00000| Untracked 
| 125|0x0000000087d00000, 0x0000000087d00000, 0x0000000087e00000|  0%| F|  |TAMS 0x0000000087d00000, 0x0000000087d00000| Untracked 
| 126|0x0000000087e00000, 0x0000000087e00000, 0x0000000087f00000|  0%| F|  |TAMS 0x0000000087e00000, 0x0000000087e00000| Untracked 
| 127|0x0000000087f00000, 0x0000000087f00000, 0x0000000088000000|  0%| F|  |TAMS 0x0000000087f00000, 0x0000000087f00000| Untracked 
| 128|0x0000000088000000, 0x0000000088080800, 0x0000000088100000| 50%| E|  |TAMS 0x0000000088000000, 0x0000000088000000| Complete 
| 129|0x0000000088100000, 0x0000000088200000, 0x0000000088200000|100%| E|CS|TAMS 0x0000000088100000, 0x0000000088100000| Complete 
| 130|0x0000000088200000, 0x0000000088300000, 0x0000000088300000|100%| E|CS|TAMS 0x0000000088200000, 0x0000000088200000| Complete 
| 131|0x0000000088300000, 0x0000000088400000, 0x0000000088400000|100%| E|CS|TAMS 0x0000000088300000, 0x0000000088300000| Complete 
| 132|0x0000000088400000, 0x0000000088500000, 0x0000000088500000|100%| E|CS|TAMS 0x0000000088400000, 0x0000000088400000| Complete 
| 133|0x0000000088500000, 0x0000000088600000, 0x0000000088600000|100%| E|CS|TAMS 0x0000000088500000, 0x0000000088500000| Complete 
| 134|0x0000000088600000, 0x0000000088700000, 0x0000000088700000|100%| E|CS|TAMS 0x0000000088600000, 0x0000000088600000| Complete 
| 135|0x0000000088700000, 0x0000000088800000, 0x0000000088800000|100%| E|CS|TAMS 0x0000000088700000, 0x0000000088700000| Complete 
| 136|0x0000000088800000, 0x0000000088900000, 0x0000000088900000|100%| E|CS|TAMS 0x0000000088800000, 0x0000000088800000| Complete 
| 137|0x0000000088900000, 0x0000000088a00000, 0x0000000088a00000|100%| E|CS|TAMS 0x0000000088900000, 0x0000000088900000| Complete 
| 138|0x0000000088a00000, 0x0000000088b00000, 0x0000000088b00000|100%| E|CS|TAMS 0x0000000088a00000, 0x0000000088a00000| Complete 
| 139|0x0000000088b00000, 0x0000000088c00000, 0x0000000088c00000|100%| E|CS|TAMS 0x0000000088b00000, 0x0000000088b00000| Complete 

Card table byte_map: [0x00000245d7ce0000,0x00000245d80e0000] _byte_map_base: 0x00000245d78e0000

Marking Bits (Prev, Next): (CMBitMap*) 0x00000245c4aed398, (CMBitMap*) 0x00000245c4aed3d0
 Prev Bits: [0x00000245d84e0000, 0x00000245da4e0000)
 Next Bits: [0x00000245da4e0000, 0x00000245dc4e0000)

Polling page: 0x00000245c2a10000

Metaspace:

Usage:
  Non-class:     48.89 MB capacity,    48.02 MB ( 98%) used,   738.09 KB (  1%) free+waste,   147.81 KB ( <1%) overhead. 
      Class:      7.51 MB capacity,     6.97 MB ( 93%) used,   484.13 KB (  6%) free+waste,    70.00 KB ( <1%) overhead. 
       Both:     56.39 MB capacity,    54.99 MB ( 98%) used,     1.19 MB (  2%) free+waste,   217.81 KB ( <1%) overhead. 

Virtual space:
  Non-class space:       50.00 MB reserved,      48.95 MB ( 98%) committed 
      Class space:        1.00 GB reserved,       7.63 MB ( <1%) committed 
             Both:        1.05 GB reserved,      56.57 MB (  5%) committed 

Chunk freelists:
   Non-Class:  1.00 KB
       Class:  24.00 KB
        Both:  25.00 KB

MaxMetaspaceSize: 17179869184.00 GB
CompressedClassSpaceSize: 1.00 GB

CodeHeap 'non-profiled nmethods': size=120000Kb used=3158Kb max_used=3158Kb free=116842Kb
 bounds [0x00000245d0080000, 0x00000245d03a0000, 0x00000245d75b0000]
CodeHeap 'profiled nmethods': size=120000Kb used=12078Kb max_used=12078Kb free=107921Kb
 bounds [0x00000245c8b50000, 0x00000245c9720000, 0x00000245d0080000]
CodeHeap 'non-nmethods': size=5760Kb used=2237Kb max_used=2273Kb free=3523Kb
 bounds [0x00000245c85b0000, 0x00000245c8820000, 0x00000245c8b50000]
 total_blobs=6579 nmethods=5763 adapters=727
 compilation: enabled
              stopped_count=0, restarted_count=0
 full_count=0

Compilation events (20 events):
Event: 7.845 Thread 0x00000245df7be000 5762       3       java.util.HashMap::entrySet (27 bytes)
Event: 7.845 Thread 0x00000245df7be000 nmethod 5762 0x00000245c9713110 code [0x00000245c97132e0, 0x00000245c97136b8]
Event: 7.845 Thread 0x00000245e08ae800 5763       4       org.objectweb.asm.SymbolTable::addConstantMemberReference (147 bytes)
Event: 7.853 Thread 0x00000245df7be000 5764       3       org.gradle.internal.event.AbstractBroadcastDispatch::<init> (10 bytes)
Event: 7.853 Thread 0x00000245df7be000 nmethod 5764 0x00000245c9713810 code [0x00000245c97139c0, 0x00000245c9713b78]
Event: 7.855 Thread 0x00000245df7be000 5765       1       org.gradle.internal.typeconversion.TypeInfo::getTargetType (5 bytes)
Event: 7.855 Thread 0x00000245df7be000 nmethod 5765 0x00000245d038dc90 code [0x00000245d038de40, 0x00000245d038def8]
Event: 7.861 Thread 0x00000245df7be000 5768       1       org.gradle.internal.instantiation.generator.AbstractClassGenerator$MethodMetadata::getGenericReturnType (5 bytes)
Event: 7.861 Thread 0x00000245df7be000 nmethod 5768 0x00000245d038df90 code [0x00000245d038e140, 0x00000245d038e1f8]
Event: 7.861 Thread 0x00000245df7be000 5769       3       org.objectweb.asm.Type::getDescriptor (18 bytes)
Event: 7.862 Thread 0x00000245df7be000 nmethod 5769 0x00000245c9713c10 code [0x00000245c9713e40, 0x00000245c9714458]
Event: 7.863 Thread 0x00000245df7be000 5770       3       org.gradle.api.internal.provider.AbstractMinimalProvider::<init> (5 bytes)
Event: 7.863 Thread 0x00000245df7be000 nmethod 5770 0x00000245c9714690 code [0x00000245c9714840, 0x00000245c9714998]
Event: 7.863 Thread 0x00000245df7be000 5771       3       java.util.ArrayList::addAll (76 bytes)
Event: 7.864 Thread 0x00000245df7be000 nmethod 5771 0x00000245c9714a90 code [0x00000245c9714ca0, 0x00000245c9715298]
Event: 7.873 Thread 0x00000245df7bb000 nmethod 5737 0x00000245d038e290 code [0x00000245d038e6c0, 0x00000245d0391a48]
Event: 7.873 Thread 0x00000245df7bb000 5767       4       org.objectweb.asm.Type::getInternalName (16 bytes)
Event: 7.878 Thread 0x00000245df7bb000 nmethod 5767 0x00000245d0393510 code [0x00000245d03936c0, 0x00000245d0393c38]
Event: 7.878 Thread 0x00000245df7bb000 5766       4       org.objectweb.asm.ByteVector::put122 (93 bytes)
Event: 7.880 Thread 0x00000245df7bb000 nmethod 5766 0x00000245d0393f10 code [0x00000245d03940c0, 0x00000245d0394288]

GC Heap History (20 events):
Event: 1.676 GC heap before
{Heap before GC invocations=1 (full 0):
 garbage-first heap   total 98304K, used 64560K [0x0000000080000000, 0x0000000100000000)
  region size 1024K, 57 young (58368K), 3 survivors (3072K)
 Metaspace       used 13397K, capacity 13705K, committed 13952K, reserved 1060864K
  class space    used 1481K, capacity 1591K, committed 1664K, reserved 1048576K
}
Event: 1.683 GC heap after
{Heap after GC invocations=2 (full 0):
 garbage-first heap   total 98304K, used 15037K [0x0000000080000000, 0x0000000100000000)
  region size 1024K, 8 young (8192K), 8 survivors (8192K)
 Metaspace       used 13397K, capacity 13705K, committed 13952K, reserved 1060864K
  class space    used 1481K, capacity 1591K, committed 1664K, reserved 1048576K
}
Event: 2.861 GC heap before
{Heap before GC invocations=2 (full 0):
 garbage-first heap   total 98304K, used 60093K [0x0000000080000000, 0x0000000100000000)
  region size 1024K, 53 young (54272K), 8 survivors (8192K)
 Metaspace       used 20688K, capacity 21094K, committed 21248K, reserved 1067008K
  class space    used 2540K, capacity 2694K, committed 2816K, reserved 1048576K
}
Event: 2.873 GC heap after
{Heap after GC invocations=3 (full 0):
 garbage-first heap   total 98304K, used 17331K [0x0000000080000000, 0x0000000100000000)
  region size 1024K, 3 young (3072K), 3 survivors (3072K)
 Metaspace       used 20688K, capacity 21094K, committed 21248K, reserved 1067008K
  class space    used 2540K, capacity 2694K, committed 2816K, reserved 1048576K
}
Event: 3.448 GC heap before
{Heap before GC invocations=4 (full 0):
 garbage-first heap   total 98304K, used 64435K [0x0000000080000000, 0x0000000100000000)
  region size 1024K, 49 young (50176K), 3 survivors (3072K)
 Metaspace       used 25577K, capacity 26151K, committed 26368K, reserved 1073152K
  class space    used 3325K, capacity 3534K, committed 3584K, reserved 1048576K
}
Event: 3.452 GC heap after
{Heap after GC invocations=5 (full 0):
 garbage-first heap   total 98304K, used 19085K [0x0000000080000000, 0x0000000100000000)
  region size 1024K, 4 young (4096K), 4 survivors (4096K)
 Metaspace       used 25577K, capacity 26151K, committed 26368K, reserved 1073152K
  class space    used 3325K, capacity 3534K, committed 3584K, reserved 1048576K
}
Event: 4.032 GC heap before
{Heap before GC invocations=5 (full 0):
 garbage-first heap   total 98304K, used 69261K [0x0000000080000000, 0x0000000100000000)
  region size 1024K, 53 young (54272K), 4 survivors (4096K)
 Metaspace       used 30298K, capacity 30941K, committed 31232K, reserved 1077248K
  class space    used 4064K, capacity 4306K, committed 4352K, reserved 1048576K
}
Event: 4.038 GC heap after
{Heap after GC invocations=6 (full 0):
 garbage-first heap   total 98304K, used 20445K [0x0000000080000000, 0x0000000100000000)
  region size 1024K, 4 young (4096K), 4 survivors (4096K)
 Metaspace       used 30298K, capacity 30941K, committed 31232K, reserved 1077248K
  class space    used 4064K, capacity 4306K, committed 4352K, reserved 1048576K
}
Event: 4.393 GC heap before
{Heap before GC invocations=6 (full 0):
 garbage-first heap   total 98304K, used 35805K [0x0000000080000000, 0x0000000100000000)
  region size 1024K, 20 young (20480K), 4 survivors (4096K)
 Metaspace       used 35034K, capacity 35801K, committed 35840K, reserved 1081344K
  class space    used 4558K, capacity 4863K, committed 4864K, reserved 1048576K
}
Event: 4.402 GC heap after
{Heap after GC invocations=7 (full 0):
 garbage-first heap   total 98304K, used 22927K [0x0000000080000000, 0x0000000100000000)
  region size 1024K, 6 young (6144K), 6 survivors (6144K)
 Metaspace       used 35034K, capacity 35801K, committed 35840K, reserved 1081344K
  class space    used 4558K, capacity 4863K, committed 4864K, reserved 1048576K
}
Event: 4.958 GC heap before
{Heap before GC invocations=8 (full 0):
 garbage-first heap   total 98304K, used 72079K [0x0000000080000000, 0x0000000100000000)
  region size 1024K, 52 young (53248K), 6 survivors (6144K)
 Metaspace       used 38682K, capacity 39558K, committed 39884K, reserved 1083392K
  class space    used 4944K, capacity 5280K, committed 5376K, reserved 1048576K
}
Event: 4.969 GC heap after
{Heap after GC invocations=9 (full 0):
 garbage-first heap   total 118784K, used 26870K [0x0000000080000000, 0x0000000100000000)
  region size 1024K, 7 young (7168K), 7 survivors (7168K)
 Metaspace       used 38682K, capacity 39558K, committed 39884K, reserved 1083392K
  class space    used 4944K, capacity 5280K, committed 5376K, reserved 1048576K
}
Event: 5.645 GC heap before
{Heap before GC invocations=9 (full 0):
 garbage-first heap   total 118784K, used 81142K [0x0000000080000000, 0x0000000100000000)
  region size 1024K, 60 young (61440K), 7 survivors (7168K)
 Metaspace       used 43478K, capacity 44539K, committed 44876K, reserved 1087488K
  class space    used 5551K, capacity 5907K, committed 6016K, reserved 1048576K
}
Event: 5.653 GC heap after
{Heap after GC invocations=10 (full 0):
 garbage-first heap   total 118784K, used 28903K [0x0000000080000000, 0x0000000100000000)
  region size 1024K, 6 young (6144K), 6 survivors (6144K)
 Metaspace       used 43478K, capacity 44539K, committed 44876K, reserved 1087488K
  class space    used 5551K, capacity 5907K, committed 6016K, reserved 1048576K
}
Event: 6.465 GC heap before
{Heap before GC invocations=10 (full 0):
 garbage-first heap   total 118784K, used 84199K [0x0000000080000000, 0x0000000100000000)
  region size 1024K, 60 young (61440K), 6 survivors (6144K)
 Metaspace       used 47159K, capacity 48433K, committed 48460K, reserved 1091584K
  class space    used 6049K, capacity 6522K, committed 6528K, reserved 1048576K
}
Event: 6.474 GC heap after
{Heap after GC invocations=11 (full 0):
 garbage-first heap   total 118784K, used 32575K [0x0000000080000000, 0x0000000100000000)
  region size 1024K, 7 young (7168K), 7 survivors (7168K)
 Metaspace       used 47159K, capacity 48433K, committed 48460K, reserved 1091584K
  class space    used 6049K, capacity 6522K, committed 6528K, reserved 1048576K
}
Event: 7.203 GC heap before
{Heap before GC invocations=11 (full 0):
 garbage-first heap   total 118784K, used 95039K [0x0000000080000000, 0x0000000100000000)
  region size 1024K, 60 young (61440K), 7 survivors (7168K)
 Metaspace       used 48818K, capacity 50143K, committed 50252K, reserved 1093632K
  class space    used 6240K, capacity 6775K, committed 6784K, reserved 1048576K
}
Event: 7.214 GC heap after
{Heap after GC invocations=12 (full 0):
 garbage-first heap   total 118784K, used 51275K [0x0000000080000000, 0x0000000100000000)
  region size 1024K, 8 young (8192K), 8 survivors (8192K)
 Metaspace       used 48818K, capacity 50143K, committed 50252K, reserved 1093632K
  class space    used 6240K, capacity 6775K, committed 6784K, reserved 1048576K
}
Event: 7.818 GC heap before
{Heap before GC invocations=12 (full 0):
 garbage-first heap   total 118784K, used 90187K [0x0000000080000000, 0x0000000100000000)
  region size 1024K, 46 young (47104K), 8 survivors (8192K)
 Metaspace       used 54114K, capacity 55627K, committed 55884K, reserved 1097728K
  class space    used 6919K, capacity 7451K, committed 7552K, reserved 1048576K
}
Event: 7.826 GC heap after
{Heap after GC invocations=13 (full 0):
 garbage-first heap   total 143360K, used 52999K [0x0000000080000000, 0x0000000100000000)
  region size 1024K, 2 young (2048K), 2 survivors (2048K)
 Metaspace       used 54114K, capacity 55627K, committed 55884K, reserved 1097728K
  class space    used 6919K, capacity 7451K, committed 7552K, reserved 1048576K
}

Deoptimization events (20 events):
Event: 7.338 Thread 0x00000245e08ad800 Uncommon trap: trap_request=0xffffff4d fr.pc=0x00000245d00fd0f4 relative=0x0000000000000054
Event: 7.338 Thread 0x00000245e08ad800 Uncommon trap: reason=unstable_if action=reinterpret pc=0x00000245d00fd0f4 method=java.util.regex.Pattern.has(I)Z @ 6 c2
Event: 7.338 Thread 0x00000245e08ad800 DEOPT PACKING pc=0x00000245d00fd0f4 sp=0x0000008d0adf6240
Event: 7.338 Thread 0x00000245e08ad800 DEOPT UNPACKING pc=0x00000245c85d662f sp=0x0000008d0adf61d0 mode 2
Event: 7.362 Thread 0x00000245e08ad800 Uncommon trap: trap_request=0xffffff45 fr.pc=0x00000245d02688c8 relative=0x0000000000000da8
Event: 7.362 Thread 0x00000245e08ad800 Uncommon trap: reason=unstable_fused_if action=reinterpret pc=0x00000245d02688c8 method=org.objectweb.asm.ByteVector.putUTF8(Ljava/lang/String;)Lorg/objectweb/asm/ByteVector; @ 93 c2
Event: 7.362 Thread 0x00000245e08ad800 DEOPT PACKING pc=0x00000245d02688c8 sp=0x0000008d0adf7cf0
Event: 7.362 Thread 0x00000245e08ad800 DEOPT UNPACKING pc=0x00000245c85d662f sp=0x0000008d0adf7c48 mode 2
Event: 7.363 Thread 0x00000245e08ad800 Uncommon trap: trap_request=0xffffff4d fr.pc=0x00000245d028f9b0 relative=0x0000000000005d70
Event: 7.363 Thread 0x00000245e08ad800 Uncommon trap: reason=unstable_if action=reinterpret pc=0x00000245d028f9b0 method=org.objectweb.asm.Frame.execute(IILorg/objectweb/asm/Symbol;Lorg/objectweb/asm/SymbolTable;)V @ 1 c2
Event: 7.363 Thread 0x00000245e08ad800 DEOPT PACKING pc=0x00000245d028f9b0 sp=0x0000008d0adf7ee0
Event: 7.363 Thread 0x00000245e08ad800 DEOPT UNPACKING pc=0x00000245c85d662f sp=0x0000008d0adf7e88 mode 2
Event: 7.391 Thread 0x00000245e08ad800 Uncommon trap: trap_request=0xffffff45 fr.pc=0x00000245d01bd504 relative=0x0000000000000224
Event: 7.391 Thread 0x00000245e08ad800 Uncommon trap: reason=unstable_fused_if action=reinterpret pc=0x00000245d01bd504 method=org.objectweb.asm.ByteVector.putUTF8(Ljava/lang/String;)Lorg/objectweb/asm/ByteVector; @ 93 c2
Event: 7.391 Thread 0x00000245e08ad800 DEOPT PACKING pc=0x00000245d01bd504 sp=0x0000008d0adf8020
Event: 7.391 Thread 0x00000245e08ad800 DEOPT UNPACKING pc=0x00000245c85d662f sp=0x0000008d0adf7fa0 mode 2
Event: 7.826 Thread 0x00000245df905800 Uncommon trap: trap_request=0xffffffde fr.pc=0x00000245d01c216c relative=0x000000000000052c
Event: 7.826 Thread 0x00000245df905800 Uncommon trap: reason=class_check action=maybe_recompile pc=0x00000245d01c216c method=jdk.internal.ref.PhantomCleanable.clean()V @ 12 c2
Event: 7.826 Thread 0x00000245df905800 DEOPT PACKING pc=0x00000245d01c216c sp=0x0000008d0a2ff4b0
Event: 7.826 Thread 0x00000245df905800 DEOPT UNPACKING pc=0x00000245c85d662f sp=0x0000008d0a2ff490 mode 2

Classes redefined (0 events):
No events

Internal exceptions (20 events):
Event: 7.132 Thread 0x00000245e08ad800 Exception <a 'java/lang/ClassNotFoundException'{0x00000000843e4f20}: org/gradle/api/tasks/Delete_DecoratedCustomizer> (0x00000000843e4f20) thrown at [./src/hotspot/share/classfile/systemDictionary.cpp, line 231]
Event: 7.153 Thread 0x00000245e08ad800 Exception <a 'java/lang/NoSuchMethodError'{0x00000000842f83f0}: 'long java.lang.invoke.DirectMethodHandle$Holder.invokeVirtual(java.lang.Object, java.lang.Object)'> (0x00000000842f83f0) thrown at [./src/hotspot/share/interpreter/linkResolver.cpp, line 773]
Event: 7.157 Thread 0x00000245e13f0800 Exception <a 'java/lang/NoSuchMethodError'{0x0000000084180a40}: <clinit>> (0x0000000084180a40) thrown at [./src/hotspot/share/prims/jni.cpp, line 1362]
Event: 7.162 Thread 0x00000245e13f0800 Exception <a 'java/lang/NoSuchMethodError'{0x000000008419e3e8}: <clinit>> (0x000000008419e3e8) thrown at [./src/hotspot/share/prims/jni.cpp, line 1362]
Event: 7.162 Thread 0x00000245e13f0800 Exception <a 'java/lang/NoSuchMethodError'{0x000000008419f4f8}: <clinit>> (0x000000008419f4f8) thrown at [./src/hotspot/share/prims/jni.cpp, line 1362]
Event: 7.162 Thread 0x00000245e13f0800 Exception <a 'java/lang/NoSuchMethodError'{0x00000000841a0800}: <clinit>> (0x00000000841a0800) thrown at [./src/hotspot/share/prims/jni.cpp, line 1362]
Event: 7.162 Thread 0x00000245e13f0800 Exception <a 'java/lang/NoSuchMethodError'{0x00000000841a1a60}: <clinit>> (0x00000000841a1a60) thrown at [./src/hotspot/share/prims/jni.cpp, line 1362]
Event: 7.164 Thread 0x00000245e13f0800 Exception <a 'java/lang/NoSuchMethodError'{0x00000000841b4018}: <clinit>> (0x00000000841b4018) thrown at [./src/hotspot/share/prims/jni.cpp, line 1362]
Event: 7.165 Thread 0x00000245e13f0800 Exception <a 'java/lang/NoSuchMethodError'{0x00000000841be5e0}: <clinit>> (0x00000000841be5e0) thrown at [./src/hotspot/share/prims/jni.cpp, line 1362]
Event: 7.168 Thread 0x00000245e13f0800 Exception <a 'java/lang/NoSuchMethodError'{0x00000000841d2178}: <clinit>> (0x00000000841d2178) thrown at [./src/hotspot/share/prims/jni.cpp, line 1362]
Event: 7.177 Thread 0x00000245e08ad800 Exception <a 'java/lang/ClassNotFoundException'{0x0000000084031630}: build_80bz6rnrn7bsyb7hicok8w3xlBeanInfo> (0x0000000084031630) thrown at [./src/hotspot/share/classfile/systemDictionary.cpp, line 231]
Event: 7.177 Thread 0x00000245e08ad800 Exception <a 'java/lang/ClassNotFoundException'{0x000000008403c5e8}: build_80bz6rnrn7bsyb7hicok8w3xlCustomizer> (0x000000008403c5e8) thrown at [./src/hotspot/share/classfile/systemDictionary.cpp, line 231]
Event: 7.219 Thread 0x00000245e08ad800 Exception <a 'java/lang/ClassNotFoundException'{0x0000000087385158}: org/gradle/api/internal/plugins/DefaultObjectConfigurationActionBeanInfo> (0x0000000087385158) thrown at [./src/hotspot/share/classfile/systemDictionary.cpp, line 231]
Event: 7.219 Thread 0x00000245e08ad800 Exception <a 'java/lang/ClassNotFoundException'{0x00000000873bfde8}: org/gradle/api/internal/plugins/DefaultObjectConfigurationActionCustomizer> (0x00000000873bfde8) thrown at [./src/hotspot/share/classfile/systemDictionary.cpp, line 231]
Event: 7.350 Thread 0x00000245e08ad800 Exception <a 'java/lang/NoSuchMethodError'{0x00000000869f1000}: 'java.lang.Object java.lang.invoke.DirectMethodHandle$Holder.invokeStatic(java.lang.Object, java.lang.Object, java.lang.Object, java.lang.Object, int)'> (0x00000000869f1000) thrown at [./src/hotspot/share/interpreter/linkResolver.cpp, line 773]
Event: 7.351 Thread 0x00000245e08ad800 Exception <a 'java/lang/NoSuchMethodError'{0x00000000869f59f8}: 'java.lang.Object java.lang.invoke.DirectMethodHandle$Holder.invokeSpecial(java.lang.Object, java.lang.Object, java.lang.Object, java.lang.Object, java.lang.Object, int)'> (0x00000000869f59f8) thrown at [./src/hotspot/share/interpreter/linkResolver.cpp, line 773]
Event: 7.351 Thread 0x00000245e08ad800 Exception <a 'java/lang/NoSuchMethodError'{0x00000000869fa038}: 'java.lang.Object java.lang.invoke.Invokers$Holder.linkToTargetMethod(java.lang.Object, java.lang.Object, java.lang.Object, int, java.lang.Object)'> (0x00000000869fa038) thrown at [./src/hotspot/share/interpreter/linkResolver.cpp, line 773]
Event: 7.603 Thread 0x00000245e08ad800 Exception <a 'java/lang/NoSuchMethodError'{0x0000000085a60c90}: 'java.lang.Object java.lang.invoke.DirectMethodHandle$Holder.invokeSpecial(java.lang.Object, java.lang.Object, int, int, java.lang.Object, java.lang.Object, java.lang.Object)'> (0x0000000085a60c90) thrown at [./src/hotspot/share/interpreter/linkResolver.cpp, line 773]
Event: 7.604 Thread 0x00000245e08ad800 Exception <a 'java/lang/NoSuchMethodError'{0x0000000085a65210}: 'java.lang.Object java.lang.invoke.DelegatingMethodHandle$Holder.reinvoke_L(java.lang.Object, int, int, java.lang.Object, java.lang.Object, java.lang.Object)'> (0x0000000085a65210) thrown at [./src/hotspot/share/interpreter/linkResolver.cpp, line 773]
Event: 7.830 Thread 0x00000245e08ad800 Exception <a 'java/lang/NoSuchMethodError'{0x0000000088b17b90}: 'int java.lang.invoke.DirectMethodHandle$Holder.invokeInterface(java.lang.Object, java.lang.Object, java.lang.Object, java.lang.Object)'> (0x0000000088b17b90) thrown at [./src/hotspot/share/interpreter/linkResolver.cpp, line 773]

Events (20 events):
Event: 7.869 loading class com/google/protobuf/AbstractMessage$Builder
Event: 7.869 loading class com/google/protobuf/AbstractMessage$Builder done
Event: 7.869 loading class com/google/protobuf/Message$Builder
Event: 7.869 loading class com/google/protobuf/Message$Builder done
Event: 7.870 loading class com/google/protobuf/MessageLite$Builder
Event: 7.870 loading class com/google/protobuf/MessageLite$Builder done
Event: 7.871 loading class com/google/protobuf/AbstractMessageLite$Builder
Event: 7.871 loading class com/google/protobuf/AbstractMessageLite$Builder done
Event: 7.872 loading class com/google/wireless/android/sdk/stats/GradleBuildVariant$Builder
Event: 7.872 loading class com/google/wireless/android/sdk/stats/GradleBuildVariant$Builder done
Event: 7.874 loading class com/google/wireless/android/sdk/stats/GradleBuildVariantOrBuilder
Event: 7.874 loading class com/google/wireless/android/sdk/stats/GradleBuildVariantOrBuilder done
Event: 7.875 loading class com/android/build/gradle/internal/profile/AnalyticsResourceManager
Event: 7.875 loading class com/android/build/gradle/internal/profile/AnalyticsResourceManager done
Event: 7.876 loading class com/android/build/gradle/internal/profile/AnalyticsConfiguratorService$State
Event: 7.876 loading class com/android/build/gradle/internal/profile/AnalyticsConfiguratorService$State done
Event: 7.879 loading class com/google/wireless/android/sdk/stats/GradleBuildProfile
Event: 7.879 loading class com/google/wireless/android/sdk/stats/GradleBuildProfile done
Event: 7.880 loading class com/google/wireless/android/sdk/stats/GradleBuildProfileOrBuilder
Event: 7.880 loading class com/google/wireless/android/sdk/stats/GradleBuildProfileOrBuilder done


Dynamic libraries:
0x00007ff712f70000 - 0x00007ff712f7a000 	C:\Program Files\Android\Android Studio\jre\bin\java.exe
0x00007ffab9850000 - 0x00007ffab9a47000 	C:\WINDOWS\SYSTEM32\ntdll.dll
0x00007ffab7960000 - 0x00007ffab7a1d000 	C:\WINDOWS\System32\KERNEL32.DLL
0x00007ffab7040000 - 0x00007ffab730d000 	C:\WINDOWS\System32\KERNELBASE.dll
0x00007ffab7700000 - 0x00007ffab7800000 	C:\WINDOWS\System32\ucrtbase.dll
0x00007ffaa3850000 - 0x00007ffaa3869000 	C:\Program Files\Android\Android Studio\jre\bin\jli.dll
0x00007ffaa3830000 - 0x00007ffaa3847000 	C:\Program Files\Android\Android Studio\jre\bin\VCRUNTIME140.dll
0x00007ffab8fd0000 - 0x00007ffab9170000 	C:\WINDOWS\System32\USER32.dll
0x00007ffab7010000 - 0x00007ffab7032000 	C:\WINDOWS\System32\win32u.dll
0x00007ffab8490000 - 0x00007ffab84ba000 	C:\WINDOWS\System32\GDI32.dll
0x00007ffaa1370000 - 0x00007ffaa160a000 	C:\WINDOWS\WinSxS\amd64_microsoft.windows.common-controls_6595b64144ccf1df_6.0.19041.1110_none_60b5254171f9507e\COMCTL32.dll
0x00007ffab73d0000 - 0x00007ffab74db000 	C:\WINDOWS\System32\gdi32full.dll
0x00007ffab8d60000 - 0x00007ffab8dfe000 	C:\WINDOWS\System32\msvcrt.dll
0x00007ffab6f70000 - 0x00007ffab700d000 	C:\WINDOWS\System32\msvcp_win.dll
0x00007ffab8f30000 - 0x00007ffab8f60000 	C:\WINDOWS\System32\IMM32.DLL
0x00007ffa9a3a0000 - 0x00007ffa9a43d000 	C:\Program Files\Android\Android Studio\jre\bin\msvcp140.dll
0x00007ffa69200000 - 0x00007ffa69cd5000 	C:\Program Files\Android\Android Studio\jre\bin\server\jvm.dll
0x00007ffab8c10000 - 0x00007ffab8cbe000 	C:\WINDOWS\System32\ADVAPI32.dll
0x00007ffab9350000 - 0x00007ffab93ec000 	C:\WINDOWS\System32\sechost.dll
0x00007ffab8e00000 - 0x00007ffab8f25000 	C:\WINDOWS\System32\RPCRT4.dll
0x00007ffab8f60000 - 0x00007ffab8f68000 	C:\WINDOWS\System32\PSAPI.DLL
0x00007ffab0640000 - 0x00007ffab064a000 	C:\WINDOWS\SYSTEM32\VERSION.dll
0x00007ffab19d0000 - 0x00007ffab19d9000 	C:\WINDOWS\SYSTEM32\WSOCK32.dll
0x00007ffaacf20000 - 0x00007ffaacf47000 	C:\WINDOWS\SYSTEM32\WINMM.dll
0x00007ffab91d0000 - 0x00007ffab923b000 	C:\WINDOWS\System32\WS2_32.dll
0x00007ffab4e30000 - 0x00007ffab4e42000 	C:\WINDOWS\SYSTEM32\kernel.appcore.dll
0x00007ffab1940000 - 0x00007ffab1951000 	C:\Program Files\Android\Android Studio\jre\bin\verify.dll
0x00007ffaa25b0000 - 0x00007ffaa2794000 	C:\WINDOWS\SYSTEM32\DBGHELP.DLL
0x00007ffa9ec10000 - 0x00007ffa9ec3c000 	C:\WINDOWS\SYSTEM32\dbgcore.DLL
0x00007ffab7340000 - 0x00007ffab73c2000 	C:\WINDOWS\System32\bcryptPrimitives.dll
0x00007ffab00b0000 - 0x00007ffab00d9000 	C:\Program Files\Android\Android Studio\jre\bin\java.dll
0x00007ffab19c0000 - 0x00007ffab19cb000 	C:\Program Files\Android\Android Studio\jre\bin\jimage.dll
0x00007ffab18e0000 - 0x00007ffab18f8000 	C:\Program Files\Android\Android Studio\jre\bin\zip.dll
0x00007ffab84c0000 - 0x00007ffab8c04000 	C:\WINDOWS\System32\SHELL32.dll
0x00007ffab5030000 - 0x00007ffab57c4000 	C:\WINDOWS\SYSTEM32\windows.storage.dll
0x00007ffab7f10000 - 0x00007ffab8264000 	C:\WINDOWS\System32\combase.dll
0x00007ffab6900000 - 0x00007ffab692c000 	C:\WINDOWS\SYSTEM32\Wldp.dll
0x00007ffab78b0000 - 0x00007ffab795d000 	C:\WINDOWS\System32\SHCORE.dll
0x00007ffab92f0000 - 0x00007ffab9345000 	C:\WINDOWS\System32\shlwapi.dll
0x00007ffab6eb0000 - 0x00007ffab6ecf000 	C:\WINDOWS\SYSTEM32\profapi.dll
0x00007ffaae640000 - 0x00007ffaae65a000 	C:\Program Files\Android\Android Studio\jre\bin\net.dll
0x00007ffaa5710000 - 0x00007ffaa581a000 	C:\WINDOWS\SYSTEM32\WINHTTP.dll
0x00007ffab6610000 - 0x00007ffab667a000 	C:\WINDOWS\system32\mswsock.dll
0x00007ffaae4f0000 - 0x00007ffaae504000 	C:\Program Files\Android\Android Studio\jre\bin\nio.dll
0x00007ffa9ae40000 - 0x00007ffa9ae67000 	C:\Users\souvik dey\.gradle\native\e1d6ef7f7dcc3fd88c89a11ec53ec762bb8ba0a96d01ffa2cd45eb1d1d8dd5c5\windows-amd64\native-platform.dll
0x00007ffa8e4b0000 - 0x00007ffa8e5f4000 	C:\Users\souvik dey\.gradle\native\5664cfc778a61ccfe75a443a1ab52a65af34e5dc3c78e0209fed803814484fcb\windows-amd64\native-platform-file-events.dll
0x00007ffab0ff0000 - 0x00007ffab0ffa000 	C:\Program Files\Android\Android Studio\jre\bin\management.dll
0x00007ffaa5870000 - 0x00007ffaa587d000 	C:\Program Files\Android\Android Studio\jre\bin\management_ext.dll
0x00007ffab67d0000 - 0x00007ffab67e8000 	C:\WINDOWS\SYSTEM32\CRYPTSP.dll
0x00007ffab5fa0000 - 0x00007ffab5fd4000 	C:\WINDOWS\system32\rsaenh.dll
0x00007ffab7310000 - 0x00007ffab7337000 	C:\WINDOWS\System32\bcrypt.dll
0x00007ffab6e30000 - 0x00007ffab6e5e000 	C:\WINDOWS\SYSTEM32\USERENV.dll
0x00007ffab67f0000 - 0x00007ffab67fc000 	C:\WINDOWS\SYSTEM32\CRYPTBASE.dll
0x00007ffab6320000 - 0x00007ffab635b000 	C:\WINDOWS\SYSTEM32\IPHLPAPI.DLL
0x00007ffab8270000 - 0x00007ffab8278000 	C:\WINDOWS\System32\NSI.dll
0x00007ffaad670000 - 0x00007ffaad687000 	C:\WINDOWS\SYSTEM32\dhcpcsvc6.DLL
0x00007ffaaf450000 - 0x00007ffaaf46d000 	C:\WINDOWS\SYSTEM32\dhcpcsvc.DLL
0x00007ffab6360000 - 0x00007ffab642b000 	C:\WINDOWS\SYSTEM32\DNSAPI.dll

dbghelp: loaded successfully - version: 4.0.5 - missing functions: none
symbol engine: initialized successfully - sym options: 0x614 - pdb path: .;C:\Program Files\Android\Android Studio\jre\bin;C:\WINDOWS\SYSTEM32;C:\WINDOWS\WinSxS\amd64_microsoft.windows.common-controls_6595b64144ccf1df_6.0.19041.1110_none_60b5254171f9507e;C:\Program Files\Android\Android Studio\jre\bin\server;C:\Users\souvik dey\.gradle\native\e1d6ef7f7dcc3fd88c89a11ec53ec762bb8ba0a96d01ffa2cd45eb1d1d8dd5c5\windows-amd64;C:\Users\souvik dey\.gradle\native\5664cfc778a61ccfe75a443a1ab52a65af34e5dc3c78e0209fed803814484fcb\windows-amd64

VM Arguments:
jvm_args: --add-opens=java.base/java.util=ALL-UNNAMED --add-opens=java.base/java.lang=ALL-UNNAMED --add-opens=java.base/java.lang.invoke=ALL-UNNAMED --add-opens=java.base/java.util=ALL-UNNAMED --add-opens=java.prefs/java.util.prefs=ALL-UNNAMED --add-opens=java.prefs/java.util.prefs=ALL-UNNAMED --add-opens=java.base/java.nio.charset=ALL-UNNAMED --add-opens=java.base/java.net=ALL-UNNAMED --add-opens=java.base/java.util.concurrent.atomic=ALL-UNNAMED -Xmx2048m -Dfile.encoding=UTF-8 -Duser.country=IN -Duser.language=en -Duser.variant 
java_command: org.gradle.launcher.daemon.bootstrap.GradleDaemon 7.2
java_class_path (initial): C:\Users\souvik dey\.gradle\wrapper\dists\gradle-7.2-bin\2dnblmf4td7x66yl1d74lt32g\gradle-7.2\lib\gradle-launcher-7.2.jar
Launcher Type: SUN_STANDARD

[Global flags]
     intx CICompilerCount                          = 4                                         {product} {ergonomic}
     uint ConcGCThreads                            = 2                                         {product} {ergonomic}
     uint G1ConcRefinementThreads                  = 8                                         {product} {ergonomic}
   size_t G1HeapRegionSize                         = 1048576                                   {product} {ergonomic}
    uintx GCDrainStackTargetSize                   = 64                                        {product} {ergonomic}
   size_t InitialHeapSize                          = 100663296                                 {product} {ergonomic}
   size_t MarkStackSize                            = 4194304                                   {product} {ergonomic}
   size_t MaxHeapSize                              = 2147483648                                {product} {command line}
   size_t MaxNewSize                               = 1287651328                                {product} {ergonomic}
   size_t MinHeapDeltaBytes                        = 1048576                                   {product} {ergonomic}
    uintx NonNMethodCodeHeapSize                   = 5836300                                {pd product} {ergonomic}
    uintx NonProfiledCodeHeapSize                  = 122910970                              {pd product} {ergonomic}
    uintx ProfiledCodeHeapSize                     = 122910970                              {pd product} {ergonomic}
    uintx ReservedCodeCacheSize                    = 251658240                              {pd product} {ergonomic}
     bool SegmentedCodeCache                       = true                                      {product} {ergonomic}
     bool UseCompressedClassPointers               = true                                 {lp64_product} {ergonomic}
     bool UseCompressedOops                        = true                                 {lp64_product} {ergonomic}
     bool UseG1GC                                  = true                                      {product} {ergonomic}
     bool UseLargePagesIndividualAllocation        = false                                  {pd product} {ergonomic}

Logging:
Log output configuration:
 #0: stdout all=warning uptime,level,tags
 #1: stderr all=off uptime,level,tags

Environment Variables:
PATH=C:\Program Files\Python310\Scripts\;C:\Program Files\Python310\;C:\WINDOWS\system32;C:\WINDOWS;C:\WINDOWS\System32\Wbem;C:\WINDOWS\System32\WindowsPowerShell\v1.0\;C:\WINDOWS\System32\OpenSSH\;C:\MinGW\bin;C:\Program Files\Git\cmd;C:\Users\souvik dey\AppData\Local\Microsoft\WindowsApps;C:\Users\souvik dey\AppData\Local\atom\bin;C:\Users\souvik dey\AppData\Local\GitHubDesktop\bin
USERNAME=souvik dey
OS=Windows_NT
PROCESSOR_IDENTIFIER=AMD64 Family 23 Model 24 Stepping 1, AuthenticAMD



---------------  S Y S T E M  ---------------

OS: Windows 10 , 64 bit Build 19041 (10.0.19041.1741)
OS uptime: 16 days 0:37 hours
Hyper-V role detected

CPU:total 8 (initial active 8) (8 cores per cpu, 2 threads per core) family 23 model 24 stepping 1 microcode 0x0, cmov, cx8, fxsr, mmx, sse, sse2, sse3, ssse3, sse4.1, sse4.2, popcnt, avx, avx2, aes, clmul, mmxext, 3dnowpref, lzcnt, sse4a, ht, tsc, tscinvbit, tscinv, bmi1, bmi2, adx, s

Memory: 4k page, system-wide physical 6058M (398M free)
TotalPageFile size 24490M (AvailPageFile size 1M)
current process WorkingSet (physical memory assigned to process): 318M, peak: 318M
current process commit charge ("private bytes"): 368M, peak: 368M

vm_info: OpenJDK 64-Bit Server VM (11.0.11+9-b60-7590822) for windows-amd64 JRE (11.0.11+9-b60-7590822), built on Jul 29 2021 21:43:44 by "builder" with MS VC++ 14.0 (VS2015)

END.
