#
# There is insufficient memory for the Java Runtime Environment to continue.
# Native memory allocation (malloc) failed to allocate 1048576 bytes for AllocateHeap
# Possible reasons:
#   The system is out of physical RAM or swap space
#   The process is running with CompressedOops enabled, and the Java Heap may be blocking the growth of the native heap
# Possible solutions:
#   Reduce memory load on the system
#   Increase physical memory or swap space
#   Check if swap backing store is full
#   Decrease Java heap size (-Xmx/-Xms)
#   Decrease number of Java threads
#   Decrease Java thread stack sizes (-Xss)
#   Set larger code cache with -XX:ReservedCodeCacheSize=
# This output file may be truncated or incomplete.
#
#  Out of Memory Error (./src/hotspot/share/memory/allocation.cpp:46), pid=21860, tid=15028
#
# JRE version:  (11.0.11+9) (build )
# Java VM: OpenJDK 64-Bit Server VM (11.0.11+9-b60-7590822, mixed mode, sharing, tiered, compressed oops, g1 gc, windows-amd64)
# No core dump will be written. Minidumps are not enabled by default on client versions of Windows
#

---------------  S U M M A R Y ------------

Command Line: org.jetbrains.kotlin.cli.jvm.K2JVMCompiler @E:\my programming\android projects\ProjectKaro\app\build\20220709_1285072505177090175.compiler.options

Host: AMD Ryzen 5 3500U with Radeon Vega Mobile Gfx  , 8 cores, 5G,  Windows 10 , 64 bit Build 19041 (10.0.19041.1741)
Time: Sat Jul  9 20:16:53 2022 India Standard Time elapsed time: 0.014311 seconds (0d 0h 0m 0s)

---------------  T H R E A D  ---------------

Current thread (0x000001ae2bd09800):  JavaThread "Unknown thread" [_thread_in_vm, id=15028, stack(0x0000008c8a700000,0x0000008c8a800000)]

Stack: [0x0000008c8a700000,0x0000008c8a800000]
Native frames: (J=compiled Java code, j=interpreted, Vv=VM code, C=native code)
V  [jvm.dll+0x5f214a]
V  [jvm.dll+0x726fb5]
V  [jvm.dll+0x7285cd]
V  [jvm.dll+0x728c83]
V  [jvm.dll+0x243278]
V  [jvm.dll+0xb3a34]
V  [jvm.dll+0x2e1607]
V  [jvm.dll+0x2da7fa]
V  [jvm.dll+0x705ba7]
V  [jvm.dll+0x70739c]
V  [jvm.dll+0x3598f9]
V  [jvm.dll+0x6e931e]
V  [jvm.dll+0x3c1c43]
V  [jvm.dll+0x3c3e81]
C  [jli.dll+0x5373]
C  [ucrtbase.dll+0x21bb2]
C  [KERNEL32.DLL+0x17034]
C  [ntdll.dll+0x52651]


---------------  P R O C E S S  ---------------

Threads class SMR info:
_java_thread_list=0x000001ae2a471c40, length=0, elements={
}

Java Threads: ( => current thread )

Other Threads:
  0x000001ae2bd21000 GCTaskThread "GC Thread#0" [stack: 0x0000008c8a800000,0x0000008c8a900000] [id=17992]

[error occurred during error reporting (printing all threads), id 0xc0000005, EXCEPTION_ACCESS_VIOLATION (0xc0000005) at pc=0x00007ffa84a469d0]

VM state:not at safepoint (not fully initialized)

VM Mutex/Monitor currently owned by a thread:  ([mutex/lock_event])
[0x000001ae2bd07160] Heap_lock - owner thread: 0x000001ae2bd09800

Heap address: 0x00000000a1400000, size: 1516 MB, Compressed Oops mode: Non-zero based: 0x00000000a1400000
Narrow klass base: 0x0000000000000000, Narrow klass shift: 0

GC Heap History (0 events):
No events

Deoptimization events (0 events):
No events

Classes redefined (0 events):
No events

Internal exceptions (0 events):
No events

Events (1 events):
Event: 0.009 Loaded shared library C:\Program Files\Android\Android Studio\jre\bin\zip.dll


Dynamic libraries:
0x00007ff7687e0000 - 0x00007ff7687ea000 	C:\Program Files\Android\Android Studio\jre\bin\java.exe
0x00007ffab9850000 - 0x00007ffab9a47000 	C:\WINDOWS\SYSTEM32\ntdll.dll
0x00007ffab7960000 - 0x00007ffab7a1d000 	C:\WINDOWS\System32\KERNEL32.DLL
0x00007ffab7040000 - 0x00007ffab730d000 	C:\WINDOWS\System32\KERNELBASE.dll
0x00007ffab7700000 - 0x00007ffab7800000 	C:\WINDOWS\System32\ucrtbase.dll
0x00007ffa9f410000 - 0x00007ffa9f429000 	C:\Program Files\Android\Android Studio\jre\bin\jli.dll
0x00007ffaa0bb0000 - 0x00007ffaa0bc7000 	C:\Program Files\Android\Android Studio\jre\bin\VCRUNTIME140.dll
0x00007ffab8fd0000 - 0x00007ffab9170000 	C:\WINDOWS\System32\USER32.dll
0x00007ffab7010000 - 0x00007ffab7032000 	C:\WINDOWS\System32\win32u.dll
0x00007ffaa1370000 - 0x00007ffaa160a000 	C:\WINDOWS\WinSxS\amd64_microsoft.windows.common-controls_6595b64144ccf1df_6.0.19041.1110_none_60b5254171f9507e\COMCTL32.dll
0x00007ffab8490000 - 0x00007ffab84ba000 	C:\WINDOWS\System32\GDI32.dll
0x00007ffab8d60000 - 0x00007ffab8dfe000 	C:\WINDOWS\System32\msvcrt.dll
0x00007ffab73d0000 - 0x00007ffab74db000 	C:\WINDOWS\System32\gdi32full.dll
0x00007ffab6f70000 - 0x00007ffab700d000 	C:\WINDOWS\System32\msvcp_win.dll
0x00007ffab8f30000 - 0x00007ffab8f60000 	C:\WINDOWS\System32\IMM32.DLL
0x00007ffa9b000000 - 0x00007ffa9b09d000 	C:\Program Files\Android\Android Studio\jre\bin\msvcp140.dll
0x00007ffa84760000 - 0x00007ffa85235000 	C:\Program Files\Android\Android Studio\jre\bin\server\jvm.dll
0x00007ffab8c10000 - 0x00007ffab8cbe000 	C:\WINDOWS\System32\ADVAPI32.dll
0x00007ffab9350000 - 0x00007ffab93ec000 	C:\WINDOWS\System32\sechost.dll
0x00007ffab8e00000 - 0x00007ffab8f25000 	C:\WINDOWS\System32\RPCRT4.dll
0x00007ffab8f60000 - 0x00007ffab8f68000 	C:\WINDOWS\System32\PSAPI.DLL
0x00007ffaacf20000 - 0x00007ffaacf47000 	C:\WINDOWS\SYSTEM32\WINMM.dll
0x00007ffab4630000 - 0x00007ffab4639000 	C:\WINDOWS\SYSTEM32\WSOCK32.dll
0x00007ffab0640000 - 0x00007ffab064a000 	C:\WINDOWS\SYSTEM32\VERSION.dll
0x00007ffab91d0000 - 0x00007ffab923b000 	C:\WINDOWS\System32\WS2_32.dll
0x00007ffab4e30000 - 0x00007ffab4e42000 	C:\WINDOWS\SYSTEM32\kernel.appcore.dll
0x00007ffab19c0000 - 0x00007ffab19d1000 	C:\Program Files\Android\Android Studio\jre\bin\verify.dll
0x00007ffaa25b0000 - 0x00007ffaa2794000 	C:\WINDOWS\SYSTEM32\DBGHELP.DLL
0x00007ffa9ec10000 - 0x00007ffa9ec3c000 	C:\WINDOWS\SYSTEM32\dbgcore.DLL
0x00007ffab7340000 - 0x00007ffab73c2000 	C:\WINDOWS\System32\bcryptPrimitives.dll
0x00007ffab00b0000 - 0x00007ffab00d9000 	C:\Program Files\Android\Android Studio\jre\bin\java.dll
0x00007ffab1ab0000 - 0x00007ffab1abb000 	C:\Program Files\Android\Android Studio\jre\bin\jimage.dll
0x00007ffab1940000 - 0x00007ffab1958000 	C:\Program Files\Android\Android Studio\jre\bin\zip.dll

dbghelp: loaded successfully - version: 4.0.5 - missing functions: none
symbol engine: initialized successfully - sym options: 0x614 - pdb path: .;C:\Program Files\Android\Android Studio\jre\bin;C:\WINDOWS\SYSTEM32;C:\WINDOWS\WinSxS\amd64_microsoft.windows.common-controls_6595b64144ccf1df_6.0.19041.1110_none_60b5254171f9507e;C:\Program Files\Android\Android Studio\jre\bin\server

VM Arguments:
java_command: org.jetbrains.kotlin.cli.jvm.K2JVMCompiler @E:\my programming\android projects\ProjectKaro\app\build\20220709_1285072505177090175.compiler.options
java_class_path (initial): C:\Users\souvik dey\.gradle\caches\modules-2\files-2.1\org.jetbrains.kotlin\kotlin-compiler-embeddable\1.5.30\3362a354066df1578a057c200da23cf2a1d8144f\kotlin-compiler-embeddable-1.5.30.jar;C:\Users\souvik dey\.gradle\caches\modules-2\files-2.1\org.jetbrains.kotlin\kotlin-reflect\1.5.30\6773e974437dd6432aa646cc2f8ab71de42b5773\kotlin-reflect-1.5.30.jar;C:\Users\souvik dey\.gradle\caches\modules-2\files-2.1\org.jetbrains.kotlin\kotlin-stdlib\1.5.30\d68efdea04955974ac1020f8f66ef8176bfbce1f\kotlin-stdlib-1.5.30.jar;C:\Users\souvik dey\.gradle\caches\modules-2\files-2.1\org.jetbrains.kotlin\kotlin-script-runtime\1.5.30\10697ab20bfd2f1b23baa91306950c36c4e89a8d\kotlin-script-runtime-1.5.30.jar;C:\Users\souvik dey\.gradle\caches\modules-2\files-2.1\org.jetbrains.kotlin\kotlin-daemon-embeddable\1.5.30\e355dc9011e559a475608265607948109e113ae0\kotlin-daemon-embeddable-1.5.30.jar;C:\Users\souvik dey\.gradle\caches\modules-2\files-2.1\org.jetbrains.intellij.deps\trove4j\1.0.20181211\216c2e14b070f334479d800987affe4054cd563f\trove4j-1.0.20181211.jar;C:\Users\souvik dey\.gradle\caches\modules-2\files-2.1\org.jetbrains\annotations\13.0\919f0dfe192fb4e063e7dacadee7f8bb9a2672a9\annotations-13.0.jar;C:\Users\souvik dey\.gradle\caches\modules-2\files-2.1\org.jetbrains.kotlin\kotlin-stdlib-common\1.5.30\649ffab7767038323fec0cc41e2d7b0a8f65a378\kotlin-stdlib-common-1.5.30.jar
Launcher Type: SUN_STANDARD

[Global flags]
     intx CICompilerCount                          = 4                                         {product} {ergonomic}
     uint ConcGCThreads                            = 2                                         {product} {ergonomic}
     uint G1ConcRefinementThreads                  = 8                                         {product} {ergonomic}
   size_t G1HeapRegionSize                         = 1048576                                   {product} {ergonomic}
    uintx GCDrainStackTargetSize                   = 64                                        {product} {ergonomic}
   size_t InitialHeapSize                          = 100663296                                 {product} {ergonomic}
   size_t MarkStackSize                            = 4194304                                   {product} {ergonomic}
   size_t MaxHeapSize                              = 1589641216                                {product} {ergonomic}
   size_t MinHeapDeltaBytes                        = 1048576                                   {product} {ergonomic}
    uintx NonNMethodCodeHeapSize                   = 5836300                                {pd product} {ergonomic}
    uintx NonProfiledCodeHeapSize                  = 122910970                              {pd product} {ergonomic}
    uintx ProfiledCodeHeapSize                     = 122910970                              {pd product} {ergonomic}
    uintx ReservedCodeCacheSize                    = 251658240                              {pd product} {ergonomic}
     bool SegmentedCodeCache                       = true                                      {product} {ergonomic}
     bool UseCompressedClassPointers               = true                                 {lp64_product} {ergonomic}
     bool UseCompressedOops                        = true                                 {lp64_product} {ergonomic}
     bool UseG1GC                                  = true                                      {product} {ergonomic}
     bool UseLargePagesIndividualAllocation        = false                                  {pd product} {ergonomic}

Logging:
Log output configuration:
 #0: stdout all=warning uptime,level,tags
 #1: stderr all=off uptime,level,tags

Environment Variables:
PATH=C:\Program Files\Python310\Scripts\;C:\Program Files\Python310\;C:\WINDOWS\system32;C:\WINDOWS;C:\WINDOWS\System32\Wbem;C:\WINDOWS\System32\WindowsPowerShell\v1.0\;C:\WINDOWS\System32\OpenSSH\;C:\MinGW\bin;C:\Program Files\Git\cmd;C:\Users\souvik dey\AppData\Local\Microsoft\WindowsApps;C:\Users\souvik dey\AppData\Local\atom\bin;C:\Users\souvik dey\AppData\Local\GitHubDesktop\bin
USERNAME=souvik dey
OS=Windows_NT
PROCESSOR_IDENTIFIER=AMD64 Family 23 Model 24 Stepping 1, AuthenticAMD



---------------  S Y S T E M  ---------------

OS: Windows 10 , 64 bit Build 19041 (10.0.19041.1741)
OS uptime: 16 days 0:51 hours
Hyper-V role detected

CPU:total 8 (initial active 8) (8 cores per cpu, 2 threads per core) family 23 model 24 stepping 1 microcode 0x0, cmov, cx8, fxsr, mmx, sse, sse2, sse3, ssse3, sse4.1, sse4.2, popcnt, avx, avx2, aes, clmul, mmxext, 3dnowpref, lzcnt, sse4a, ht, tsc, tscinvbit, tscinv, bmi1, bmi2, adx, s

Memory: 4k page, system-wide physical 6058M (271M free)
TotalPageFile size 24490M (AvailPageFile size 4M)
current process WorkingSet (physical memory assigned to process): 9M, peak: 9M
current process commit charge ("private bytes"): 58M, peak: 59M

vm_info: OpenJDK 64-Bit Server VM (11.0.11+9-b60-7590822) for windows-amd64 JRE (11.0.11+9-b60-7590822), built on Jul 29 2021 21:43:44 by "builder" with MS VC++ 14.0 (VS2015)

END.
