#
# There is insufficient memory for the Java Runtime Environment to continue.
# Native memory allocation (malloc) failed to allocate 2095856 bytes for Chunk::new
# Possible reasons:
#   The system is out of physical RAM or swap space
#   The process is running with CompressedOops enabled, and the Java Heap may be blocking the growth of the native heap
# Possible solutions:
#   Reduce memory load on the system
#   Increase physical memory or swap space
#   Check if swap backing store is full
#   Decrease Java heap size (-Xmx/-Xms)
#   Decrease number of Java threads
#   Decrease Java thread stack sizes (-Xss)
#   Set larger code cache with -XX:ReservedCodeCacheSize=
#   JVM is running with Unscaled Compressed Oops mode in which the Java heap is
#     placed in the first 4GB address space. The Java Heap base address is the
#     maximum limit for the native heap growth. Please use -XX:HeapBaseMinAddress
#     to set the Java Heap base and to place the Java Heap above 4GB virtual address.
# This output file may be truncated or incomplete.
#
#  Out of Memory Error (./src/hotspot/share/memory/arena.cpp:197), pid=18316, tid=27556
#
# JRE version: OpenJDK Runtime Environment (11.0.11+9) (build 11.0.11+9-b60-7590822)
# Java VM: OpenJDK 64-Bit Server VM (11.0.11+9-b60-7590822, mixed mode, tiered, compressed oops, g1 gc, windows-amd64)
# No core dump will be written. Minidumps are not enabled by default on client versions of Windows
#

---------------  S U M M A R Y ------------

Command Line: --add-opens=java.base/java.util=ALL-UNNAMED --add-opens=java.base/java.lang=ALL-UNNAMED --add-opens=java.base/java.lang.invoke=ALL-UNNAMED --add-opens=java.base/java.util=ALL-UNNAMED --add-opens=java.prefs/java.util.prefs=ALL-UNNAMED --add-opens=java.prefs/java.util.prefs=ALL-UNNAMED --add-opens=java.base/java.nio.charset=ALL-UNNAMED --add-opens=java.base/java.net=ALL-UNNAMED --add-opens=java.base/java.util.concurrent.atomic=ALL-UNNAMED -Xmx2048m -Dfile.encoding=UTF-8 -Duser.country=IN -Duser.language=en -Duser.variant org.gradle.launcher.daemon.bootstrap.GradleDaemon 7.2

Host: AMD Ryzen 5 3500U with Radeon Vega Mobile Gfx  , 8 cores, 5G,  Windows 10 , 64 bit Build 19041 (10.0.19041.1741)
Time: Sat Jul  9 20:03:35 2022 India Standard Time elapsed time: 8.243040 seconds (0d 0h 0m 8s)

---------------  T H R E A D  ---------------

Current thread (0x000002196f8b7000):  JavaThread "C2 CompilerThread0" daemon [_thread_in_native, id=27556, stack(0x0000002de0200000,0x0000002de0300000)]


Current CompileTask:
C2:   8243 5984       4       org.objectweb.asm.Frame::execute (2318 bytes)

Stack: [0x0000002de0200000,0x0000002de0300000]
Native frames: (J=compiled Java code, j=interpreted, Vv=VM code, C=native code)
V  [jvm.dll+0x5f214a]
V  [jvm.dll+0x726fb5]
V  [jvm.dll+0x7285cd]
V  [jvm.dll+0x728c83]
V  [jvm.dll+0x243278]
V  [jvm.dll+0xbc53c]
V  [jvm.dll+0xbca3c]
V  [jvm.dll+0x353e3b]
V  [jvm.dll+0x321893]
V  [jvm.dll+0x320d8a]
V  [jvm.dll+0x1fc1e2]
V  [jvm.dll+0x1fb3d4]
V  [jvm.dll+0x183d6c]
V  [jvm.dll+0x209a57]
V  [jvm.dll+0x2082a1]
V  [jvm.dll+0x6ef58f]
V  [jvm.dll+0x6e80b5]
V  [jvm.dll+0x5f1036]
C  [ucrtbase.dll+0x21bb2]
C  [KERNEL32.DLL+0x17034]
C  [ntdll.dll+0x52651]


---------------  P R O C E S S  ---------------

Threads class SMR info:
_java_thread_list=0x00000219778bdaa0, length=123, elements={
0x0000021954c5d000, 0x000002196f894800, 0x000002196f8a2000, 0x000002196f8b2000,
0x000002196f8b3000, 0x000002196f8b5800, 0x000002196f8b7000, 0x000002196f8bb000,
0x000002196f8c1800, 0x00000219703a7000, 0x000002197258f000, 0x0000021972acb800,
0x0000021972067000, 0x0000021971106000, 0x000002197152f000, 0x000002197296c800,
0x000002197192b000, 0x0000021972cbb000, 0x00000219722f5800, 0x00000219722f4000,
0x00000219722f3000, 0x00000219722f5000, 0x00000219722f1800, 0x00000219722f6800,
0x00000219722f2800, 0x00000219722f1000, 0x00000219722f7800, 0x00000219742f3800,
0x00000219741a2000, 0x00000219742f1800, 0x00000219742f3000, 0x00000219742f4800,
0x00000219742f5800, 0x00000219742f7000, 0x00000219742f2000, 0x00000219742f9800,
0x00000219742f8800, 0x00000219742fb000, 0x00000219742fc800, 0x00000219742fe800,
0x00000219742fa000, 0x00000219742fc000, 0x00000219742fd800, 0x00000219742ff000,
0x0000021974300000, 0x0000021975e8c800, 0x0000021975e92000, 0x0000021975e93000,
0x0000021975e8f000, 0x0000021975e8f800, 0x0000021975e90800, 0x0000021975e91000,
0x0000021975e8e000, 0x0000021975e8d000, 0x0000021975e98800, 0x0000021975e97000,
0x0000021975e98000, 0x0000021975e95800, 0x0000021975e96000, 0x0000021975e99800,
0x0000021975e94800, 0x0000021975e93800, 0x0000021975e9a000, 0x0000021975e9b000,
0x0000021972d01800, 0x0000021972d07800, 0x0000021972d03000, 0x0000021972d06800,
0x0000021972d04000, 0x0000021972d08000, 0x0000021972d02800, 0x0000021972d05000,
0x0000021972d09000, 0x0000021972d09800, 0x0000021972d0a800, 0x0000021972d0b800,
0x0000021972d05800, 0x0000021972d0c000, 0x0000021972d0e000, 0x0000021972d0e800,
0x0000021972d0f800, 0x0000021972d0d000, 0x0000021972d10800, 0x00000219755c9800,
0x00000219755ca000, 0x00000219755c8800, 0x00000219755c6000, 0x00000219755c7000,
0x00000219755c7800, 0x00000219755cb000, 0x00000219755c5000, 0x00000219755d0000,
0x00000219755d0800, 0x00000219755cf000, 0x00000219755d1800, 0x00000219755cc000,
0x00000219755d2800, 0x00000219755cc800, 0x00000219755d3000, 0x00000219755cd800,
0x00000219755d4000, 0x00000219755ce000, 0x0000021974289800, 0x000002197428a800,
0x0000021974284800, 0x0000021974287000, 0x000002197428b000, 0x0000021974285800,
0x0000021974286800, 0x0000021974289000, 0x000002197428d000, 0x000002197428d800,
0x0000021974288000, 0x0000021974290000, 0x000002197428e800, 0x0000021974291000,
0x0000021974291800, 0x000002197428f800, 0x000002197428c000, 0x0000021974292800,
0x0000021974293800, 0x0000021976381800, 0x0000021976384000
}

Java Threads: ( => current thread )
  0x0000021954c5d000 JavaThread "main" [_thread_blocked, id=24316, stack(0x0000002ddf600000,0x0000002ddf700000)]
  0x000002196f894800 JavaThread "Reference Handler" daemon [_thread_blocked, id=12860, stack(0x0000002ddfd00000,0x0000002ddfe00000)]
  0x000002196f8a2000 JavaThread "Finalizer" daemon [_thread_blocked, id=15596, stack(0x0000002ddfe00000,0x0000002ddff00000)]
  0x000002196f8b2000 JavaThread "Signal Dispatcher" daemon [_thread_blocked, id=10648, stack(0x0000002ddff00000,0x0000002de0000000)]
  0x000002196f8b3000 JavaThread "Attach Listener" daemon [_thread_blocked, id=9048, stack(0x0000002de0000000,0x0000002de0100000)]
  0x000002196f8b5800 JavaThread "Service Thread" daemon [_thread_blocked, id=17580, stack(0x0000002de0100000,0x0000002de0200000)]
=>0x000002196f8b7000 JavaThread "C2 CompilerThread0" daemon [_thread_in_native, id=27556, stack(0x0000002de0200000,0x0000002de0300000)]
  0x000002196f8bb000 JavaThread "C1 CompilerThread0" daemon [_thread_blocked, id=25100, stack(0x0000002de0300000,0x0000002de0400000)]
  0x000002196f8c1800 JavaThread "Sweeper thread" daemon [_thread_blocked, id=1532, stack(0x0000002de0400000,0x0000002de0500000)]
  0x00000219703a7000 JavaThread "Common-Cleaner" daemon [_thread_blocked, id=28380, stack(0x0000002de0500000,0x0000002de0600000)]
  0x000002197258f000 JavaThread "Daemon health stats" [_thread_blocked, id=17412, stack(0x0000002de0900000,0x0000002de0a00000)]
  0x0000021972acb800 JavaThread "Incoming local TCP Connector on port 52794" [_thread_in_native, id=13116, stack(0x0000002de0700000,0x0000002de0800000)]
  0x0000021972067000 JavaThread "Daemon periodic checks" [_thread_blocked, id=22048, stack(0x0000002de0c00000,0x0000002de0d00000)]
  0x0000021971106000 JavaThread "Daemon" [_thread_blocked, id=27016, stack(0x0000002de0d00000,0x0000002de0e00000)]
  0x000002197152f000 JavaThread "Handler for socket connection from /127.0.0.1:52794 to /127.0.0.1:52795" [_thread_in_native, id=21608, stack(0x0000002de0e00000,0x0000002de0f00000)]
  0x000002197296c800 JavaThread "Cancel handler" [_thread_blocked, id=25624, stack(0x0000002de0f00000,0x0000002de1000000)]
  0x000002197192b000 JavaThread "Daemon worker" [_thread_in_vm, id=27752, stack(0x0000002de1000000,0x0000002de1100000)]
  0x0000021972cbb000 JavaThread "Asynchronous log dispatcher for DefaultDaemonConnection: socket connection from /127.0.0.1:52794 to /127.0.0.1:52795" [_thread_blocked, id=9092, stack(0x0000002de1200000,0x0000002de1300000)]
  0x00000219722f5800 JavaThread "Stdin handler" [_thread_blocked, id=26752, stack(0x0000002de1300000,0x0000002de1400000)]
  0x00000219722f4000 JavaThread "Daemon client event forwarder" [_thread_blocked, id=25416, stack(0x0000002de1400000,0x0000002de1500000)]
  0x00000219722f3000 JavaThread "Cache worker for journal cache (C:\Users\souvik dey\.gradle\caches\journal-1)" [_thread_blocked, id=24080, stack(0x0000002de1500000,0x0000002de1600000)]
  0x00000219722f5000 JavaThread "File lock request listener" [_thread_in_native, id=26988, stack(0x0000002de1600000,0x0000002de1700000)]
  0x00000219722f1800 JavaThread "Cache worker for file hash cache (C:\Users\souvik dey\.gradle\caches\7.2\fileHashes)" [_thread_blocked, id=15292, stack(0x0000002de1700000,0x0000002de1800000)]
  0x00000219722f6800 JavaThread "Cache worker for file hash cache (E:\my programming\android projects\ProjectKaro\.gradle\7.2\fileHashes)" [_thread_blocked, id=23360, stack(0x0000002de1d00000,0x0000002de1e00000)]
  0x00000219722f2800 JavaThread "File watcher server" daemon [_thread_in_native, id=21944, stack(0x0000002de1e00000,0x0000002de1f00000)]
  0x00000219722f1000 JavaThread "File watcher consumer" daemon [_thread_blocked, id=23456, stack(0x0000002de1f00000,0x0000002de2000000)]
  0x00000219722f7800 JavaThread "Cache worker for checksums cache (E:\my programming\android projects\ProjectKaro\.gradle\checksums)" [_thread_blocked, id=11444, stack(0x0000002de1100000,0x0000002de1200000)]
  0x00000219742f3800 JavaThread "Cache worker for cache directory md-supplier (C:\Users\souvik dey\.gradle\caches\7.2\md-supplier)" [_thread_blocked, id=24964, stack(0x0000002de2000000,0x0000002de2100000)]
  0x00000219741a2000 JavaThread "C2 CompilerThread1" daemon [_thread_blocked, id=27040, stack(0x0000002de2100000,0x0000002de2200000)]
  0x00000219742f1800 JavaThread "Cache worker for cache directory md-rule (C:\Users\souvik dey\.gradle\caches\7.2\md-rule)" [_thread_blocked, id=26732, stack(0x0000002de2200000,0x0000002de2300000)]
  0x00000219742f3000 JavaThread "Cache worker for execution history cache (C:\Users\souvik dey\.gradle\caches\7.2\executionHistory)" [_thread_blocked, id=27128, stack(0x0000002de2300000,0x0000002de2400000)]
  0x00000219742f4800 JavaThread "jar transforms" [_thread_blocked, id=16108, stack(0x0000002de2400000,0x0000002de2500000)]
  0x00000219742f5800 JavaThread "Cache worker for file content cache (C:\Users\souvik dey\.gradle\caches\7.2\fileContent)" [_thread_blocked, id=18904, stack(0x0000002de2500000,0x0000002de2600000)]
  0x00000219742f7000 JavaThread "jar transforms Thread 2" [_thread_blocked, id=20328, stack(0x0000002de2600000,0x0000002de2700000)]
  0x00000219742f2000 JavaThread "Cache worker for dependencies-accessors (E:\my programming\android projects\ProjectKaro\.gradle\7.2\dependencies-accessors)" [_thread_blocked, id=20492, stack(0x0000002de2700000,0x0000002de2800000)]
  0x00000219742f9800 JavaThread "jar transforms Thread 3" [_thread_blocked, id=12052, stack(0x0000002de2800000,0x0000002de2900000)]
  0x00000219742f8800 JavaThread "Cache worker for Build Output Cleanup Cache (E:\my programming\android projects\ProjectKaro\.gradle\buildOutputCleanup)" [_thread_blocked, id=13488, stack(0x0000002de2900000,0x0000002de2a00000)]
  0x00000219742fb000 JavaThread "Unconstrained build operations" [_thread_blocked, id=11404, stack(0x0000002de2a00000,0x0000002de2b00000)]
  0x00000219742fc800 JavaThread "Unconstrained build operations Thread 2" [_thread_blocked, id=17396, stack(0x0000002de2b00000,0x0000002de2c00000)]
  0x00000219742fe800 JavaThread "Unconstrained build operations Thread 3" [_thread_blocked, id=10132, stack(0x0000002de2c00000,0x0000002de2d00000)]
  0x00000219742fa000 JavaThread "Unconstrained build operations Thread 4" [_thread_blocked, id=11712, stack(0x0000002de2d00000,0x0000002de2e00000)]
  0x00000219742fc000 JavaThread "Unconstrained build operations Thread 5" [_thread_blocked, id=27772, stack(0x0000002de2e00000,0x0000002de2f00000)]
  0x00000219742fd800 JavaThread "Unconstrained build operations Thread 6" [_thread_blocked, id=9884, stack(0x0000002de2f00000,0x0000002de3000000)]
  0x00000219742ff000 JavaThread "Unconstrained build operations Thread 7" [_thread_blocked, id=26896, stack(0x0000002de3000000,0x0000002de3100000)]
  0x0000021974300000 JavaThread "Unconstrained build operations Thread 8" [_thread_blocked, id=11840, stack(0x0000002de3100000,0x0000002de3200000)]
  0x0000021975e8c800 JavaThread "Unconstrained build operations Thread 9" [_thread_blocked, id=17036, stack(0x0000002de3200000,0x0000002de3300000)]
  0x0000021975e92000 JavaThread "Unconstrained build operations Thread 10" [_thread_blocked, id=1064, stack(0x0000002de3300000,0x0000002de3400000)]
  0x0000021975e93000 JavaThread "Unconstrained build operations Thread 11" [_thread_blocked, id=10212, stack(0x0000002de3400000,0x0000002de3500000)]
  0x0000021975e8f000 JavaThread "Unconstrained build operations Thread 12" [_thread_blocked, id=28464, stack(0x0000002de3500000,0x0000002de3600000)]
  0x0000021975e8f800 JavaThread "Unconstrained build operations Thread 13" [_thread_blocked, id=22268, stack(0x0000002de3600000,0x0000002de3700000)]
  0x0000021975e90800 JavaThread "Unconstrained build operations Thread 14" [_thread_blocked, id=28408, stack(0x0000002de3700000,0x0000002de3800000)]
  0x0000021975e91000 JavaThread "Unconstrained build operations Thread 15" [_thread_blocked, id=6540, stack(0x0000002de3800000,0x0000002de3900000)]
  0x0000021975e8e000 JavaThread "Unconstrained build operations Thread 16" [_thread_blocked, id=7268, stack(0x0000002de3900000,0x0000002de3a00000)]
  0x0000021975e8d000 JavaThread "Unconstrained build operations Thread 17" [_thread_blocked, id=21224, stack(0x0000002de3a00000,0x0000002de3b00000)]
  0x0000021975e98800 JavaThread "Unconstrained build operations Thread 18" [_thread_blocked, id=3244, stack(0x0000002de3b00000,0x0000002de3c00000)]
  0x0000021975e97000 JavaThread "Unconstrained build operations Thread 19" [_thread_blocked, id=28424, stack(0x0000002de3c00000,0x0000002de3d00000)]
  0x0000021975e98000 JavaThread "Unconstrained build operations Thread 20" [_thread_blocked, id=8532, stack(0x0000002de3d00000,0x0000002de3e00000)]
  0x0000021975e95800 JavaThread "Unconstrained build operations Thread 21" [_thread_blocked, id=28220, stack(0x0000002de3e00000,0x0000002de3f00000)]
  0x0000021975e96000 JavaThread "Unconstrained build operations Thread 22" [_thread_blocked, id=9708, stack(0x0000002de3f00000,0x0000002de4000000)]
  0x0000021975e99800 JavaThread "Unconstrained build operations Thread 23" [_thread_blocked, id=15124, stack(0x0000002de4000000,0x0000002de4100000)]
  0x0000021975e94800 JavaThread "Unconstrained build operations Thread 24" [_thread_blocked, id=26668, stack(0x0000002de4100000,0x0000002de4200000)]
  0x0000021975e93800 JavaThread "Unconstrained build operations Thread 25" [_thread_blocked, id=10484, stack(0x0000002de4200000,0x0000002de4300000)]
  0x0000021975e9a000 JavaThread "Unconstrained build operations Thread 26" [_thread_blocked, id=996, stack(0x0000002de4300000,0x0000002de4400000)]
  0x0000021975e9b000 JavaThread "Unconstrained build operations Thread 27" [_thread_blocked, id=20848, stack(0x0000002de4400000,0x0000002de4500000)]
  0x0000021972d01800 JavaThread "Unconstrained build operations Thread 28" [_thread_blocked, id=27120, stack(0x0000002de4500000,0x0000002de4600000)]
  0x0000021972d07800 JavaThread "Unconstrained build operations Thread 29" [_thread_blocked, id=14012, stack(0x0000002de4600000,0x0000002de4700000)]
  0x0000021972d03000 JavaThread "Unconstrained build operations Thread 30" [_thread_blocked, id=27760, stack(0x0000002de4700000,0x0000002de4800000)]
  0x0000021972d06800 JavaThread "Unconstrained build operations Thread 31" [_thread_blocked, id=10476, stack(0x0000002de4800000,0x0000002de4900000)]
  0x0000021972d04000 JavaThread "Unconstrained build operations Thread 32" [_thread_blocked, id=4976, stack(0x0000002de4900000,0x0000002de4a00000)]
  0x0000021972d08000 JavaThread "Unconstrained build operations Thread 33" [_thread_blocked, id=2860, stack(0x0000002de4a00000,0x0000002de4b00000)]
  0x0000021972d02800 JavaThread "Unconstrained build operations Thread 34" [_thread_blocked, id=752, stack(0x0000002de4b00000,0x0000002de4c00000)]
  0x0000021972d05000 JavaThread "Unconstrained build operations Thread 35" [_thread_blocked, id=3480, stack(0x0000002de4c00000,0x0000002de4d00000)]
  0x0000021972d09000 JavaThread "Unconstrained build operations Thread 36" [_thread_blocked, id=24204, stack(0x0000002de4d00000,0x0000002de4e00000)]
  0x0000021972d09800 JavaThread "Unconstrained build operations Thread 37" [_thread_blocked, id=13080, stack(0x0000002de4e00000,0x0000002de4f00000)]
  0x0000021972d0a800 JavaThread "Unconstrained build operations Thread 38" [_thread_blocked, id=27020, stack(0x0000002de4f00000,0x0000002de5000000)]
  0x0000021972d0b800 JavaThread "Unconstrained build operations Thread 39" [_thread_blocked, id=1448, stack(0x0000002de5000000,0x0000002de5100000)]
  0x0000021972d05800 JavaThread "Unconstrained build operations Thread 40" [_thread_blocked, id=23616, stack(0x0000002de5100000,0x0000002de5200000)]
  0x0000021972d0c000 JavaThread "Unconstrained build operations Thread 41" [_thread_blocked, id=992, stack(0x0000002de5200000,0x0000002de5300000)]
  0x0000021972d0e000 JavaThread "Unconstrained build operations Thread 42" [_thread_blocked, id=27568, stack(0x0000002de5300000,0x0000002de5400000)]
  0x0000021972d0e800 JavaThread "Unconstrained build operations Thread 43" [_thread_blocked, id=27092, stack(0x0000002de5400000,0x0000002de5500000)]
  0x0000021972d0f800 JavaThread "Unconstrained build operations Thread 44" [_thread_blocked, id=9836, stack(0x0000002de5500000,0x0000002de5600000)]
  0x0000021972d0d000 JavaThread "Unconstrained build operations Thread 45" [_thread_blocked, id=9400, stack(0x0000002de5600000,0x0000002de5700000)]
  0x0000021972d10800 JavaThread "Unconstrained build operations Thread 46" [_thread_blocked, id=25464, stack(0x0000002de5700000,0x0000002de5800000)]
  0x00000219755c9800 JavaThread "Unconstrained build operations Thread 47" [_thread_blocked, id=18156, stack(0x0000002de5800000,0x0000002de5900000)]
  0x00000219755ca000 JavaThread "Unconstrained build operations Thread 48" [_thread_blocked, id=17856, stack(0x0000002de5900000,0x0000002de5a00000)]
  0x00000219755c8800 JavaThread "Unconstrained build operations Thread 49" [_thread_blocked, id=17628, stack(0x0000002de5a00000,0x0000002de5b00000)]
  0x00000219755c6000 JavaThread "Unconstrained build operations Thread 50" [_thread_blocked, id=28524, stack(0x0000002de5b00000,0x0000002de5c00000)]
  0x00000219755c7000 JavaThread "Unconstrained build operations Thread 51" [_thread_blocked, id=21076, stack(0x0000002de5c00000,0x0000002de5d00000)]
  0x00000219755c7800 JavaThread "Unconstrained build operations Thread 52" [_thread_blocked, id=28492, stack(0x0000002de5d00000,0x0000002de5e00000)]
  0x00000219755cb000 JavaThread "Unconstrained build operations Thread 53" [_thread_blocked, id=28432, stack(0x0000002de5e00000,0x0000002de5f00000)]
  0x00000219755c5000 JavaThread "Unconstrained build operations Thread 54" [_thread_blocked, id=12900, stack(0x0000002de5f00000,0x0000002de6000000)]
  0x00000219755d0000 JavaThread "Unconstrained build operations Thread 55" [_thread_blocked, id=28096, stack(0x0000002de6000000,0x0000002de6100000)]
  0x00000219755d0800 JavaThread "Unconstrained build operations Thread 56" [_thread_blocked, id=27528, stack(0x0000002de6100000,0x0000002de6200000)]
  0x00000219755cf000 JavaThread "Unconstrained build operations Thread 57" [_thread_blocked, id=28192, stack(0x0000002de6200000,0x0000002de6300000)]
  0x00000219755d1800 JavaThread "Unconstrained build operations Thread 58" [_thread_blocked, id=8412, stack(0x0000002de6300000,0x0000002de6400000)]
  0x00000219755cc000 JavaThread "Unconstrained build operations Thread 59" [_thread_blocked, id=20976, stack(0x0000002de6400000,0x0000002de6500000)]
  0x00000219755d2800 JavaThread "Unconstrained build operations Thread 60" [_thread_blocked, id=6424, stack(0x0000002de6500000,0x0000002de6600000)]
  0x00000219755cc800 JavaThread "Unconstrained build operations Thread 61" [_thread_blocked, id=18116, stack(0x0000002de6600000,0x0000002de6700000)]
  0x00000219755d3000 JavaThread "Unconstrained build operations Thread 62" [_thread_blocked, id=19012, stack(0x0000002de6700000,0x0000002de6800000)]
  0x00000219755cd800 JavaThread "Unconstrained build operations Thread 63" [_thread_blocked, id=26936, stack(0x0000002de6800000,0x0000002de6900000)]
  0x00000219755d4000 JavaThread "Unconstrained build operations Thread 64" [_thread_blocked, id=14404, stack(0x0000002de6900000,0x0000002de6a00000)]
  0x00000219755ce000 JavaThread "Unconstrained build operations Thread 65" [_thread_blocked, id=13544, stack(0x0000002de6a00000,0x0000002de6b00000)]
  0x0000021974289800 JavaThread "Unconstrained build operations Thread 66" [_thread_blocked, id=28404, stack(0x0000002de6b00000,0x0000002de6c00000)]
  0x000002197428a800 JavaThread "Unconstrained build operations Thread 67" [_thread_blocked, id=20144, stack(0x0000002de6c00000,0x0000002de6d00000)]
  0x0000021974284800 JavaThread "Unconstrained build operations Thread 68" [_thread_blocked, id=23864, stack(0x0000002de6d00000,0x0000002de6e00000)]
  0x0000021974287000 JavaThread "Unconstrained build operations Thread 69" [_thread_blocked, id=24184, stack(0x0000002de6e00000,0x0000002de6f00000)]
  0x000002197428b000 JavaThread "Unconstrained build operations Thread 70" [_thread_blocked, id=26620, stack(0x0000002de6f00000,0x0000002de7000000)]
  0x0000021974285800 JavaThread "Unconstrained build operations Thread 71" [_thread_blocked, id=19668, stack(0x0000002de7000000,0x0000002de7100000)]
  0x0000021974286800 JavaThread "Unconstrained build operations Thread 72" [_thread_blocked, id=15764, stack(0x0000002de7100000,0x0000002de7200000)]
  0x0000021974289000 JavaThread "Unconstrained build operations Thread 73" [_thread_blocked, id=6252, stack(0x0000002de7200000,0x0000002de7300000)]
  0x000002197428d000 JavaThread "Unconstrained build operations Thread 74" [_thread_blocked, id=26156, stack(0x0000002de7300000,0x0000002de7400000)]
  0x000002197428d800 JavaThread "Unconstrained build operations Thread 75" [_thread_blocked, id=21464, stack(0x0000002de7400000,0x0000002de7500000)]
  0x0000021974288000 JavaThread "Unconstrained build operations Thread 76" [_thread_blocked, id=15952, stack(0x0000002de7500000,0x0000002de7600000)]
  0x0000021974290000 JavaThread "Unconstrained build operations Thread 77" [_thread_blocked, id=24860, stack(0x0000002de7600000,0x0000002de7700000)]
  0x000002197428e800 JavaThread "Unconstrained build operations Thread 78" [_thread_blocked, id=21120, stack(0x0000002de7700000,0x0000002de7800000)]
  0x0000021974291000 JavaThread "Unconstrained build operations Thread 79" [_thread_blocked, id=16664, stack(0x0000002de7800000,0x0000002de7900000)]
  0x0000021974291800 JavaThread "Unconstrained build operations Thread 80" [_thread_blocked, id=24896, stack(0x0000002de7900000,0x0000002de7a00000)]
  0x000002197428f800 JavaThread "jar transforms Thread 4" [_thread_blocked, id=11980, stack(0x0000002de7a00000,0x0000002de7b00000)]
  0x000002197428c000 JavaThread "jar transforms Thread 5" [_thread_blocked, id=25340, stack(0x0000002de7b00000,0x0000002de7c00000)]
  0x0000021974292800 JavaThread "jar transforms Thread 6" [_thread_blocked, id=13664, stack(0x0000002de7c00000,0x0000002de7d00000)]
  0x0000021974293800 JavaThread "jar transforms Thread 7" [_thread_blocked, id=27236, stack(0x0000002de7d00000,0x0000002de7e00000)]
  0x0000021976381800 JavaThread "jar transforms Thread 8" [_thread_blocked, id=19272, stack(0x0000002de7e00000,0x0000002de7f00000)]
  0x0000021976384000 JavaThread "Memory manager" [_thread_blocked, id=26952, stack(0x0000002de7f00000,0x0000002de8000000)]

Other Threads:
  0x000002196f891800 VMThread "VM Thread" [stack: 0x0000002ddfc00000,0x0000002ddfd00000] [id=12048]
  0x00000219703bf800 WatcherThread [stack: 0x0000002de0600000,0x0000002de0700000] [id=16216]
  0x0000021954c75000 GCTaskThread "GC Thread#0" [stack: 0x0000002ddf700000,0x0000002ddf800000] [id=20956]
  0x0000021971080800 GCTaskThread "GC Thread#1" [stack: 0x0000002de0800000,0x0000002de0900000] [id=15160]
  0x0000021971513000 GCTaskThread "GC Thread#2" [stack: 0x0000002de0a00000,0x0000002de0b00000] [id=17484]
  0x0000021972632800 GCTaskThread "GC Thread#3" [stack: 0x0000002de0b00000,0x0000002de0c00000] [id=5280]
  0x00000219720a0800 GCTaskThread "GC Thread#4" [stack: 0x0000002de1800000,0x0000002de1900000] [id=23788]
  0x00000219719a3800 GCTaskThread "GC Thread#5" [stack: 0x0000002de1900000,0x0000002de1a00000] [id=9628]
  0x00000219718e4000 GCTaskThread "GC Thread#6" [stack: 0x0000002de1a00000,0x0000002de1b00000] [id=2768]
  0x0000021971c74800 GCTaskThread "GC Thread#7" [stack: 0x0000002de1b00000,0x0000002de1c00000] [id=11488]
  0x0000021954ca8800 ConcurrentGCThread "G1 Main Marker" [stack: 0x0000002ddf800000,0x0000002ddf900000] [id=25872]
  0x0000021954ca9800 ConcurrentGCThread "G1 Conc#0" [stack: 0x0000002ddf900000,0x0000002ddfa00000] [id=28580]
  0x0000021971627800 ConcurrentGCThread "G1 Conc#1" [stack: 0x0000002de1c00000,0x0000002de1d00000] [id=14868]
  0x0000021954d2c000 ConcurrentGCThread "G1 Refine#0" [stack: 0x0000002ddfa00000,0x0000002ddfb00000] [id=27968]
  0x0000021954d2d000 ConcurrentGCThread "G1 Young RemSet Sampling" [stack: 0x0000002ddfb00000,0x0000002ddfc00000] [id=2140]

Threads with active compile tasks:
C2 CompilerThread0   8262 5984       4       org.objectweb.asm.Frame::execute (2318 bytes)

VM state:not at safepoint (normal execution)

VM Mutex/Monitor currently owned by a thread: None

Heap address: 0x0000000080000000, size: 2048 MB, Compressed Oops mode: 32-bit
Narrow klass base: 0x0000000000000000, Narrow klass shift: 3
Compressed class space size: 1073741824 Address: 0x0000000100000000

Heap:
 garbage-first heap   total 143360K, used 56088K [0x0000000080000000, 0x0000000100000000)
  region size 1024K, 6 young (6144K), 3 survivors (3072K)
 Metaspace       used 59679K, capacity 61289K, committed 61516K, reserved 1101824K
  class space    used 7542K, capacity 8141K, committed 8268K, reserved 1048576K
Heap Regions: E=young(eden), S=young(survivor), O=old, HS=humongous(starts), HC=humongous(continues), CS=collection set, F=free, A=archive, TAMS=top-at-mark-start (previous, next)
|   0|0x0000000080000000, 0x0000000080100000, 0x0000000080100000|100%| O|  |TAMS 0x0000000080100000, 0x0000000080000000| Untracked 
|   1|0x0000000080100000, 0x0000000080200000, 0x0000000080200000|100%| O|  |TAMS 0x0000000080200000, 0x0000000080100000| Untracked 
|   2|0x0000000080200000, 0x0000000080300000, 0x0000000080300000|100%| O|  |TAMS 0x0000000080300000, 0x0000000080200000| Untracked 
|   3|0x0000000080300000, 0x0000000080400000, 0x0000000080400000|100%|HS|  |TAMS 0x0000000080400000, 0x0000000080300000| Complete 
|   4|0x0000000080400000, 0x0000000080500000, 0x0000000080500000|100%|HC|  |TAMS 0x0000000080500000, 0x0000000080400000| Complete 
|   5|0x0000000080500000, 0x0000000080600000, 0x0000000080600000|100%|HC|  |TAMS 0x0000000080600000, 0x0000000080500000| Complete 
|   6|0x0000000080600000, 0x0000000080700000, 0x0000000080700000|100%| O|  |TAMS 0x0000000080700000, 0x0000000080600000| Untracked 
|   7|0x0000000080700000, 0x0000000080800000, 0x0000000080800000|100%| O|  |TAMS 0x0000000080800000, 0x0000000080700000| Untracked 
|   8|0x0000000080800000, 0x0000000080900000, 0x0000000080900000|100%| O|  |TAMS 0x0000000080900000, 0x0000000080800000| Untracked 
|   9|0x0000000080900000, 0x0000000080a00000, 0x0000000080a00000|100%| O|  |TAMS 0x0000000080a00000, 0x0000000080900000| Untracked 
|  10|0x0000000080a00000, 0x0000000080b00000, 0x0000000080b00000|100%| O|  |TAMS 0x0000000080b00000, 0x0000000080a00000| Untracked 
|  11|0x0000000080b00000, 0x0000000080c00000, 0x0000000080c00000|100%| O|  |TAMS 0x0000000080c00000, 0x0000000080b00000| Untracked 
|  12|0x0000000080c00000, 0x0000000080d00000, 0x0000000080d00000|100%| O|  |TAMS 0x0000000080d00000, 0x0000000080c00000| Untracked 
|  13|0x0000000080d00000, 0x0000000080e00000, 0x0000000080e00000|100%| O|  |TAMS 0x0000000080e00000, 0x0000000080d00000| Untracked 
|  14|0x0000000080e00000, 0x0000000080f00000, 0x0000000080f00000|100%| O|  |TAMS 0x0000000080f00000, 0x0000000080e00000| Untracked 
|  15|0x0000000080f00000, 0x0000000081000000, 0x0000000081000000|100%| O|  |TAMS 0x0000000081000000, 0x0000000080f00000| Untracked 
|  16|0x0000000081000000, 0x0000000081100000, 0x0000000081100000|100%| O|  |TAMS 0x0000000081100000, 0x0000000081000000| Untracked 
|  17|0x0000000081100000, 0x0000000081200000, 0x0000000081200000|100%| O|  |TAMS 0x0000000081200000, 0x0000000081100000| Untracked 
|  18|0x0000000081200000, 0x0000000081300000, 0x0000000081300000|100%| O|  |TAMS 0x0000000081300000, 0x0000000081200000| Untracked 
|  19|0x0000000081300000, 0x0000000081400000, 0x0000000081400000|100%| O|  |TAMS 0x0000000081400000, 0x0000000081300000| Untracked 
|  20|0x0000000081400000, 0x0000000081500000, 0x0000000081500000|100%| O|  |TAMS 0x0000000081500000, 0x0000000081400000| Untracked 
|  21|0x0000000081500000, 0x0000000081600000, 0x0000000081600000|100%| O|  |TAMS 0x0000000081600000, 0x0000000081500000| Untracked 
|  22|0x0000000081600000, 0x0000000081700000, 0x0000000081700000|100%| O|  |TAMS 0x0000000081700000, 0x0000000081600000| Untracked 
|  23|0x0000000081700000, 0x0000000081800000, 0x0000000081800000|100%| O|  |TAMS 0x0000000081800000, 0x0000000081700000| Untracked 
|  24|0x0000000081800000, 0x0000000081900000, 0x0000000081900000|100%| O|  |TAMS 0x0000000081900000, 0x0000000081800000| Untracked 
|  25|0x0000000081900000, 0x0000000081a00000, 0x0000000081a00000|100%| O|  |TAMS 0x0000000081a00000, 0x0000000081900000| Untracked 
|  26|0x0000000081a00000, 0x0000000081b00000, 0x0000000081b00000|100%|HS|  |TAMS 0x0000000081b00000, 0x0000000081a00000| Complete 
|  27|0x0000000081b00000, 0x0000000081c00000, 0x0000000081c00000|100%|HS|  |TAMS 0x0000000081c00000, 0x0000000081b00000| Complete 
|  28|0x0000000081c00000, 0x0000000081d00000, 0x0000000081d00000|100%|HS|  |TAMS 0x0000000081d00000, 0x0000000081c00000| Complete 
|  29|0x0000000081d00000, 0x0000000081e00000, 0x0000000081e00000|100%|HS|  |TAMS 0x0000000081e00000, 0x0000000081d00000| Complete 
|  30|0x0000000081e00000, 0x0000000081f00000, 0x0000000081f00000|100%|HS|  |TAMS 0x0000000081f00000, 0x0000000081e00000| Complete 
|  31|0x0000000081f00000, 0x0000000082000000, 0x0000000082000000|100%|HC|  |TAMS 0x0000000082000000, 0x0000000081f00000| Complete 
|  32|0x0000000082000000, 0x0000000082100000, 0x0000000082100000|100%|HC|  |TAMS 0x0000000082100000, 0x0000000082000000| Complete 
|  33|0x0000000082100000, 0x0000000082200000, 0x0000000082200000|100%|HS|  |TAMS 0x0000000082200000, 0x0000000082100000| Complete 
|  34|0x0000000082200000, 0x0000000082300000, 0x0000000082300000|100%|HC|  |TAMS 0x0000000082300000, 0x0000000082200000| Complete 
|  35|0x0000000082300000, 0x0000000082400000, 0x0000000082400000|100%| O|  |TAMS 0x0000000082400000, 0x0000000082300000| Untracked 
|  36|0x0000000082400000, 0x0000000082500000, 0x0000000082500000|100%| O|  |TAMS 0x0000000082500000, 0x0000000082400000| Untracked 
|  37|0x0000000082500000, 0x0000000082600000, 0x0000000082600000|100%| O|  |TAMS 0x0000000082600000, 0x0000000082500000| Untracked 
|  38|0x0000000082600000, 0x0000000082700000, 0x0000000082700000|100%| O|  |TAMS 0x0000000082700000, 0x0000000082600000| Untracked 
|  39|0x0000000082700000, 0x0000000082800000, 0x0000000082800000|100%| O|  |TAMS 0x0000000082800000, 0x0000000082700000| Untracked 
|  40|0x0000000082800000, 0x0000000082900000, 0x0000000082900000|100%| O|  |TAMS 0x0000000082900000, 0x0000000082800000| Untracked 
|  41|0x0000000082900000, 0x0000000082a00000, 0x0000000082a00000|100%| O|  |TAMS 0x0000000082a00000, 0x0000000082900000| Untracked 
|  42|0x0000000082a00000, 0x0000000082b00000, 0x0000000082b00000|100%| O|  |TAMS 0x0000000082b00000, 0x0000000082a00000| Untracked 
|  43|0x0000000082b00000, 0x0000000082c00000, 0x0000000082c00000|100%| O|  |TAMS 0x0000000082c00000, 0x0000000082b00000| Untracked 
|  44|0x0000000082c00000, 0x0000000082d00000, 0x0000000082d00000|100%| O|  |TAMS 0x0000000082d00000, 0x0000000082c00000| Untracked 
|  45|0x0000000082d00000, 0x0000000082e00000, 0x0000000082e00000|100%| O|  |TAMS 0x0000000082e00000, 0x0000000082d00000| Untracked 
|  46|0x0000000082e00000, 0x0000000082f00000, 0x0000000082f00000|100%| O|  |TAMS 0x0000000082f00000, 0x0000000082e00000| Untracked 
|  47|0x0000000082f00000, 0x0000000083000000, 0x0000000083000000|100%| O|  |TAMS 0x0000000083000000, 0x0000000082f00000| Untracked 
|  48|0x0000000083000000, 0x0000000083100000, 0x0000000083100000|100%| O|  |TAMS 0x0000000083100000, 0x0000000083000000| Untracked 
|  49|0x0000000083100000, 0x0000000083100000, 0x0000000083200000|  0%| F|  |TAMS 0x0000000083100000, 0x0000000083100000| Untracked 
|  50|0x0000000083200000, 0x0000000083300000, 0x0000000083300000|100%| O|  |TAMS 0x0000000083300000, 0x0000000083200000| Untracked 
|  51|0x0000000083300000, 0x0000000083325c00, 0x0000000083400000| 14%| O|  |TAMS 0x0000000083325c00, 0x0000000083300000| Untracked 
|  52|0x0000000083400000, 0x0000000083400000, 0x0000000083500000|  0%| F|  |TAMS 0x0000000083400000, 0x0000000083400000| Untracked 
|  53|0x0000000083500000, 0x0000000083500000, 0x0000000083600000|  0%| F|  |TAMS 0x0000000083500000, 0x0000000083500000| Untracked 
|  54|0x0000000083600000, 0x0000000083600000, 0x0000000083700000|  0%| F|  |TAMS 0x0000000083600000, 0x0000000083600000| Untracked 
|  55|0x0000000083700000, 0x0000000083700000, 0x0000000083800000|  0%| F|  |TAMS 0x0000000083700000, 0x0000000083700000| Untracked 
|  56|0x0000000083800000, 0x0000000083800000, 0x0000000083900000|  0%| F|  |TAMS 0x0000000083800000, 0x0000000083800000| Untracked 
|  57|0x0000000083900000, 0x0000000083900000, 0x0000000083a00000|  0%| F|  |TAMS 0x0000000083900000, 0x0000000083900000| Untracked 
|  58|0x0000000083a00000, 0x0000000083a00000, 0x0000000083b00000|  0%| F|  |TAMS 0x0000000083a00000, 0x0000000083a00000| Untracked 
|  59|0x0000000083b00000, 0x0000000083b00000, 0x0000000083c00000|  0%| F|  |TAMS 0x0000000083b00000, 0x0000000083b00000| Untracked 
|  60|0x0000000083c00000, 0x0000000083c00000, 0x0000000083d00000|  0%| F|  |TAMS 0x0000000083c00000, 0x0000000083c00000| Untracked 
|  61|0x0000000083d00000, 0x0000000083d00000, 0x0000000083e00000|  0%| F|  |TAMS 0x0000000083d00000, 0x0000000083d00000| Untracked 
|  62|0x0000000083e00000, 0x0000000083e00000, 0x0000000083f00000|  0%| F|  |TAMS 0x0000000083e00000, 0x0000000083e00000| Untracked 
|  63|0x0000000083f00000, 0x0000000083f00000, 0x0000000084000000|  0%| F|  |TAMS 0x0000000083f00000, 0x0000000083f00000| Untracked 
|  64|0x0000000084000000, 0x0000000084000000, 0x0000000084100000|  0%| F|  |TAMS 0x0000000084000000, 0x0000000084000000| Untracked 
|  65|0x0000000084100000, 0x0000000084100000, 0x0000000084200000|  0%| F|  |TAMS 0x0000000084100000, 0x0000000084100000| Untracked 
|  66|0x0000000084200000, 0x0000000084200000, 0x0000000084300000|  0%| F|  |TAMS 0x0000000084200000, 0x0000000084200000| Untracked 
|  67|0x0000000084300000, 0x0000000084300000, 0x0000000084400000|  0%| F|  |TAMS 0x0000000084300000, 0x0000000084300000| Untracked 
|  68|0x0000000084400000, 0x0000000084400000, 0x0000000084500000|  0%| F|  |TAMS 0x0000000084400000, 0x0000000084400000| Untracked 
|  69|0x0000000084500000, 0x0000000084500000, 0x0000000084600000|  0%| F|  |TAMS 0x0000000084500000, 0x0000000084500000| Untracked 
|  70|0x0000000084600000, 0x0000000084600000, 0x0000000084700000|  0%| F|  |TAMS 0x0000000084600000, 0x0000000084600000| Untracked 
|  71|0x0000000084700000, 0x0000000084700000, 0x0000000084800000|  0%| F|  |TAMS 0x0000000084700000, 0x0000000084700000| Untracked 
|  72|0x0000000084800000, 0x0000000084800000, 0x0000000084900000|  0%| F|  |TAMS 0x0000000084800000, 0x0000000084800000| Untracked 
|  73|0x0000000084900000, 0x0000000084900000, 0x0000000084a00000|  0%| F|  |TAMS 0x0000000084900000, 0x0000000084900000| Untracked 
|  74|0x0000000084a00000, 0x0000000084a00000, 0x0000000084b00000|  0%| F|  |TAMS 0x0000000084a00000, 0x0000000084a00000| Untracked 
|  75|0x0000000084b00000, 0x0000000084b00000, 0x0000000084c00000|  0%| F|  |TAMS 0x0000000084b00000, 0x0000000084b00000| Untracked 
|  76|0x0000000084c00000, 0x0000000084c00000, 0x0000000084d00000|  0%| F|  |TAMS 0x0000000084c00000, 0x0000000084c00000| Untracked 
|  77|0x0000000084d00000, 0x0000000084d00000, 0x0000000084e00000|  0%| F|  |TAMS 0x0000000084d00000, 0x0000000084d00000| Untracked 
|  78|0x0000000084e00000, 0x0000000084e00000, 0x0000000084f00000|  0%| F|  |TAMS 0x0000000084e00000, 0x0000000084e00000| Untracked 
|  79|0x0000000084f00000, 0x0000000084f00000, 0x0000000085000000|  0%| F|  |TAMS 0x0000000084f00000, 0x0000000084f00000| Untracked 
|  80|0x0000000085000000, 0x0000000085000000, 0x0000000085100000|  0%| F|  |TAMS 0x0000000085000000, 0x0000000085000000| Untracked 
|  81|0x0000000085100000, 0x0000000085100000, 0x0000000085200000|  0%| F|  |TAMS 0x0000000085100000, 0x0000000085100000| Untracked 
|  82|0x0000000085200000, 0x0000000085200000, 0x0000000085300000|  0%| F|  |TAMS 0x0000000085200000, 0x0000000085200000| Untracked 
|  83|0x0000000085300000, 0x0000000085300000, 0x0000000085400000|  0%| F|  |TAMS 0x0000000085300000, 0x0000000085300000| Untracked 
|  84|0x0000000085400000, 0x0000000085400000, 0x0000000085500000|  0%| F|  |TAMS 0x0000000085400000, 0x0000000085400000| Untracked 
|  85|0x0000000085500000, 0x0000000085500000, 0x0000000085600000|  0%| F|  |TAMS 0x0000000085500000, 0x0000000085500000| Untracked 
|  86|0x0000000085600000, 0x0000000085600000, 0x0000000085700000|  0%| F|  |TAMS 0x0000000085600000, 0x0000000085600000| Untracked 
|  87|0x0000000085700000, 0x0000000085700000, 0x0000000085800000|  0%| F|  |TAMS 0x0000000085700000, 0x0000000085700000| Untracked 
|  88|0x0000000085800000, 0x0000000085800000, 0x0000000085900000|  0%| F|  |TAMS 0x0000000085800000, 0x0000000085800000| Untracked 
|  89|0x0000000085900000, 0x0000000085900000, 0x0000000085a00000|  0%| F|  |TAMS 0x0000000085900000, 0x0000000085900000| Untracked 
|  90|0x0000000085a00000, 0x0000000085a00000, 0x0000000085b00000|  0%| F|  |TAMS 0x0000000085a00000, 0x0000000085a00000| Untracked 
|  91|0x0000000085b00000, 0x0000000085b00000, 0x0000000085c00000|  0%| F|  |TAMS 0x0000000085b00000, 0x0000000085b00000| Untracked 
|  92|0x0000000085c00000, 0x0000000085c00000, 0x0000000085d00000|  0%| F|  |TAMS 0x0000000085c00000, 0x0000000085c00000| Untracked 
|  93|0x0000000085d00000, 0x0000000085d00000, 0x0000000085e00000|  0%| F|  |TAMS 0x0000000085d00000, 0x0000000085d00000| Untracked 
|  94|0x0000000085e00000, 0x0000000085e00000, 0x0000000085f00000|  0%| F|  |TAMS 0x0000000085e00000, 0x0000000085e00000| Untracked 
|  95|0x0000000085f00000, 0x0000000085f00000, 0x0000000086000000|  0%| F|  |TAMS 0x0000000085f00000, 0x0000000085f00000| Untracked 
|  96|0x0000000086000000, 0x0000000086000000, 0x0000000086100000|  0%| F|  |TAMS 0x0000000086000000, 0x0000000086000000| Untracked 
|  97|0x0000000086100000, 0x0000000086100000, 0x0000000086200000|  0%| F|  |TAMS 0x0000000086100000, 0x0000000086100000| Untracked 
|  98|0x0000000086200000, 0x0000000086200000, 0x0000000086300000|  0%| F|  |TAMS 0x0000000086200000, 0x0000000086200000| Untracked 
|  99|0x0000000086300000, 0x0000000086300000, 0x0000000086400000|  0%| F|  |TAMS 0x0000000086300000, 0x0000000086300000| Untracked 
| 100|0x0000000086400000, 0x0000000086400000, 0x0000000086500000|  0%| F|  |TAMS 0x0000000086400000, 0x0000000086400000| Untracked 
| 101|0x0000000086500000, 0x0000000086500000, 0x0000000086600000|  0%| F|  |TAMS 0x0000000086500000, 0x0000000086500000| Untracked 
| 102|0x0000000086600000, 0x0000000086600000, 0x0000000086700000|  0%| F|  |TAMS 0x0000000086600000, 0x0000000086600000| Untracked 
| 103|0x0000000086700000, 0x0000000086700000, 0x0000000086800000|  0%| F|  |TAMS 0x0000000086700000, 0x0000000086700000| Untracked 
| 104|0x0000000086800000, 0x0000000086800000, 0x0000000086900000|  0%| F|  |TAMS 0x0000000086800000, 0x0000000086800000| Untracked 
| 105|0x0000000086900000, 0x0000000086900000, 0x0000000086a00000|  0%| F|  |TAMS 0x0000000086900000, 0x0000000086900000| Untracked 
| 106|0x0000000086a00000, 0x0000000086aa0700, 0x0000000086b00000| 62%| S|CS|TAMS 0x0000000086a00000, 0x0000000086a00000| Complete 
| 107|0x0000000086b00000, 0x0000000086c00000, 0x0000000086c00000|100%| S|CS|TAMS 0x0000000086b00000, 0x0000000086b00000| Complete 
| 108|0x0000000086c00000, 0x0000000086d00000, 0x0000000086d00000|100%| S|CS|TAMS 0x0000000086c00000, 0x0000000086c00000| Complete 
| 109|0x0000000086d00000, 0x0000000086d00000, 0x0000000086e00000|  0%| F|  |TAMS 0x0000000086d00000, 0x0000000086d00000| Untracked 
| 110|0x0000000086e00000, 0x0000000086e00000, 0x0000000086f00000|  0%| F|  |TAMS 0x0000000086e00000, 0x0000000086e00000| Untracked 
| 111|0x0000000086f00000, 0x0000000086f00000, 0x0000000087000000|  0%| F|  |TAMS 0x0000000086f00000, 0x0000000086f00000| Untracked 
| 112|0x0000000087000000, 0x0000000087000000, 0x0000000087100000|  0%| F|  |TAMS 0x0000000087000000, 0x0000000087000000| Untracked 
| 113|0x0000000087100000, 0x0000000087100000, 0x0000000087200000|  0%| F|  |TAMS 0x0000000087100000, 0x0000000087100000| Untracked 
| 114|0x0000000087200000, 0x0000000087200000, 0x0000000087300000|  0%| F|  |TAMS 0x0000000087200000, 0x0000000087200000| Untracked 
| 115|0x0000000087300000, 0x0000000087300000, 0x0000000087400000|  0%| F|  |TAMS 0x0000000087300000, 0x0000000087300000| Untracked 
| 116|0x0000000087400000, 0x0000000087400000, 0x0000000087500000|  0%| F|  |TAMS 0x0000000087400000, 0x0000000087400000| Untracked 
| 117|0x0000000087500000, 0x0000000087500000, 0x0000000087600000|  0%| F|  |TAMS 0x0000000087500000, 0x0000000087500000| Untracked 
| 118|0x0000000087600000, 0x0000000087600000, 0x0000000087700000|  0%| F|  |TAMS 0x0000000087600000, 0x0000000087600000| Untracked 
| 119|0x0000000087700000, 0x0000000087700000, 0x0000000087800000|  0%| F|  |TAMS 0x0000000087700000, 0x0000000087700000| Untracked 
| 120|0x0000000087800000, 0x0000000087800000, 0x0000000087900000|  0%| F|  |TAMS 0x0000000087800000, 0x0000000087800000| Untracked 
| 121|0x0000000087900000, 0x0000000087900000, 0x0000000087a00000|  0%| F|  |TAMS 0x0000000087900000, 0x0000000087900000| Untracked 
| 122|0x0000000087a00000, 0x0000000087a00000, 0x0000000087b00000|  0%| F|  |TAMS 0x0000000087a00000, 0x0000000087a00000| Untracked 
| 123|0x0000000087b00000, 0x0000000087b00000, 0x0000000087c00000|  0%| F|  |TAMS 0x0000000087b00000, 0x0000000087b00000| Untracked 
| 124|0x0000000087c00000, 0x0000000087c00000, 0x0000000087d00000|  0%| F|  |TAMS 0x0000000087c00000, 0x0000000087c00000| Untracked 
| 125|0x0000000087d00000, 0x0000000087d00000, 0x0000000087e00000|  0%| F|  |TAMS 0x0000000087d00000, 0x0000000087d00000| Untracked 
| 126|0x0000000087e00000, 0x0000000087e00000, 0x0000000087f00000|  0%| F|  |TAMS 0x0000000087e00000, 0x0000000087e00000| Untracked 
| 127|0x0000000087f00000, 0x0000000087f00000, 0x0000000088000000|  0%| F|  |TAMS 0x0000000087f00000, 0x0000000087f00000| Untracked 
| 128|0x0000000088000000, 0x0000000088000000, 0x0000000088100000|  0%| F|  |TAMS 0x0000000088000000, 0x0000000088000000| Untracked 
| 129|0x0000000088100000, 0x0000000088100000, 0x0000000088200000|  0%| F|  |TAMS 0x0000000088100000, 0x0000000088100000| Untracked 
| 130|0x0000000088200000, 0x0000000088200000, 0x0000000088300000|  0%| F|  |TAMS 0x0000000088200000, 0x0000000088200000| Untracked 
| 131|0x0000000088300000, 0x0000000088300000, 0x0000000088400000|  0%| F|  |TAMS 0x0000000088300000, 0x0000000088300000| Untracked 
| 132|0x0000000088400000, 0x0000000088400000, 0x0000000088500000|  0%| F|  |TAMS 0x0000000088400000, 0x0000000088400000| Untracked 
| 133|0x0000000088500000, 0x0000000088500000, 0x0000000088600000|  0%| F|  |TAMS 0x0000000088500000, 0x0000000088500000| Untracked 
| 134|0x0000000088600000, 0x0000000088600000, 0x0000000088700000|  0%| F|  |TAMS 0x0000000088600000, 0x0000000088600000| Untracked 
| 135|0x0000000088700000, 0x0000000088700000, 0x0000000088800000|  0%| F|  |TAMS 0x0000000088700000, 0x0000000088700000| Untracked 
| 136|0x0000000088800000, 0x0000000088800000, 0x0000000088900000|  0%| F|  |TAMS 0x0000000088800000, 0x0000000088800000| Untracked 
| 137|0x0000000088900000, 0x0000000088a00000, 0x0000000088a00000|100%| E|  |TAMS 0x0000000088900000, 0x0000000088900000| Complete 
| 138|0x0000000088a00000, 0x0000000088b00000, 0x0000000088b00000|100%| E|CS|TAMS 0x0000000088a00000, 0x0000000088a00000| Complete 
| 139|0x0000000088b00000, 0x0000000088c00000, 0x0000000088c00000|100%| E|CS|TAMS 0x0000000088b00000, 0x0000000088b00000| Complete 

Card table byte_map: [0x00000219685e0000,0x00000219689e0000] _byte_map_base: 0x00000219681e0000

Marking Bits (Prev, Next): (CMBitMap*) 0x0000021954c9fcd0, (CMBitMap*) 0x0000021954c9fc98
 Prev Bits: [0x000002196ade0000, 0x000002196cde0000)
 Next Bits: [0x0000021968de0000, 0x000002196ade0000)

Polling page: 0x0000021953600000

Metaspace:

Usage:
  Non-class:     51.90 MB capacity,    50.92 MB ( 98%) used,   849.45 KB (  2%) free+waste,   154.69 KB ( <1%) overhead. 
      Class:      7.95 MB capacity,     7.37 MB ( 93%) used,   524.05 KB (  6%) free+waste,    73.06 KB ( <1%) overhead. 
       Both:     59.85 MB capacity,    58.29 MB ( 97%) used,     1.34 MB (  2%) free+waste,   227.75 KB ( <1%) overhead. 

Virtual space:
  Non-class space:       52.00 MB reserved,      52.00 MB (100%) committed 
      Class space:        1.00 GB reserved,       8.07 MB ( <1%) committed 
             Both:        1.05 GB reserved,      60.07 MB (  6%) committed 

Chunk freelists:
   Non-Class:  100.00 KB
       Class:  51.00 KB
        Both:  151.00 KB

MaxMetaspaceSize: 17179869184.00 GB
CompressedClassSpaceSize: 1.00 GB

CodeHeap 'non-profiled nmethods': size=120000Kb used=3260Kb max_used=3260Kb free=116739Kb
 bounds [0x0000021960230000, 0x0000021960560000, 0x0000021967760000]
CodeHeap 'profiled nmethods': size=120000Kb used=12802Kb max_used=12802Kb free=107197Kb
 bounds [0x0000021958d00000, 0x0000021959990000, 0x0000021960230000]
CodeHeap 'non-nmethods': size=5760Kb used=2248Kb max_used=2282Kb free=3511Kb
 bounds [0x0000021958760000, 0x00000219589d0000, 0x0000021958d00000]
 total_blobs=6877 nmethods=6045 adapters=743
 compilation: enabled
              stopped_count=0, restarted_count=0
 full_count=0

Compilation events (20 events):
Event: 8.231 Thread 0x000002196f8bb000 6064       1       com.sun.management.internal.DiagnosticCommandArgumentInfo::getName (5 bytes)
Event: 8.231 Thread 0x000002196f8bb000 nmethod 6064 0x000002196055b810 code [0x000002196055b9c0, 0x000002196055ba78]
Event: 8.231 Thread 0x000002196f8bb000 6065       1       com.sun.management.internal.DiagnosticCommandInfo::getArgumentsInfo (5 bytes)
Event: 8.231 Thread 0x000002196f8bb000 nmethod 6065 0x000002196055bb10 code [0x000002196055bcc0, 0x000002196055bd78]
Event: 8.231 Thread 0x000002196f8bb000 6066       3       java.lang.Class::getConstructor (31 bytes)
Event: 8.232 Thread 0x000002196f8bb000 nmethod 6066 0x0000021959977f10 code [0x0000021959978180, 0x00000219599789a8]
Event: 8.233 Thread 0x000002196f8bb000 6067       3       java.util.Collections$EmptyMap::values (4 bytes)
Event: 8.234 Thread 0x000002196f8bb000 nmethod 6067 0x0000021959978c90 code [0x0000021959978e40, 0x0000021959978f98]
Event: 8.234 Thread 0x000002196f8bb000 6068       3       java.util.Collections$EmptySet::toArray (11 bytes)
Event: 8.234 Thread 0x000002196f8bb000 nmethod 6068 0x0000021959979090 code [0x0000021959979260, 0x0000021959979538]
Event: 8.235 Thread 0x000002196f8bb000 6069       3       java.lang.invoke.ClassSpecializer$SpeciesData::transformHelper (56 bytes)
Event: 8.236 Thread 0x000002196f8bb000 nmethod 6069 0x0000021959979610 code [0x0000021959979840, 0x000002195997a138]
Event: 8.236 Thread 0x000002196f8bb000 6070       3       java.util.IdentityHashMap::containsKey (55 bytes)
Event: 8.236 Thread 0x000002196f8bb000 nmethod 6070 0x000002195997a390 code [0x000002195997a580, 0x000002195997a9a8]
Event: 8.236 Thread 0x000002196f8bb000 6071  s!   3       com.sun.jmx.mbeanserver.DefaultMXBeanMappingFactory::mappingForType (110 bytes)
Event: 8.237 Thread 0x00000219741a2000 nmethod 6004 0x000002196055be10 code [0x000002196055c020, 0x000002196055cd10]
Event: 8.237 Thread 0x00000219741a2000 5982       4       java.lang.Class::getInterfaces (6 bytes)
Event: 8.238 Thread 0x000002196f8bb000 nmethod 6071 0x000002195997ab90 code [0x000002195997aee0, 0x000002195997c218]
Event: 8.239 Thread 0x000002196f8bb000 6073       3       javax.management.StandardMBean::getDescription (11 bytes)
Event: 8.239 Thread 0x000002196f8bb000 nmethod 6073 0x000002195997c990 code [0x000002195997cb40, 0x000002195997cd38]

GC Heap History (20 events):
Event: 2.585 GC heap before
{Heap before GC invocations=2 (full 0):
 garbage-first heap   total 98304K, used 59712K [0x0000000080000000, 0x0000000100000000)
  region size 1024K, 53 young (54272K), 8 survivors (8192K)
 Metaspace       used 20710K, capacity 21097K, committed 21248K, reserved 1067008K
  class space    used 2542K, capacity 2695K, committed 2816K, reserved 1048576K
}
Event: 2.596 GC heap after
{Heap after GC invocations=3 (full 0):
 garbage-first heap   total 98304K, used 16989K [0x0000000080000000, 0x0000000100000000)
  region size 1024K, 3 young (3072K), 3 survivors (3072K)
 Metaspace       used 20710K, capacity 21097K, committed 21248K, reserved 1067008K
  class space    used 2542K, capacity 2695K, committed 2816K, reserved 1048576K
}
Event: 3.169 GC heap before
{Heap before GC invocations=4 (full 0):
 garbage-first heap   total 98304K, used 65117K [0x0000000080000000, 0x0000000100000000)
  region size 1024K, 50 young (51200K), 3 survivors (3072K)
 Metaspace       used 25659K, capacity 26231K, committed 26368K, reserved 1073152K
  class space    used 3340K, capacity 3540K, committed 3584K, reserved 1048576K
}
Event: 3.174 GC heap after
{Heap after GC invocations=5 (full 0):
 garbage-first heap   total 98304K, used 18749K [0x0000000080000000, 0x0000000100000000)
  region size 1024K, 4 young (4096K), 4 survivors (4096K)
 Metaspace       used 25659K, capacity 26231K, committed 26368K, reserved 1073152K
  class space    used 3340K, capacity 3540K, committed 3584K, reserved 1048576K
}
Event: 3.805 GC heap before
{Heap before GC invocations=5 (full 0):
 garbage-first heap   total 98304K, used 68925K [0x0000000080000000, 0x0000000100000000)
  region size 1024K, 53 young (54272K), 4 survivors (4096K)
 Metaspace       used 30702K, capacity 31389K, committed 31616K, reserved 1077248K
  class space    used 4115K, capacity 4370K, committed 4480K, reserved 1048576K
}
Event: 3.811 GC heap after
{Heap after GC invocations=6 (full 0):
 garbage-first heap   total 98304K, used 20198K [0x0000000080000000, 0x0000000100000000)
  region size 1024K, 4 young (4096K), 4 survivors (4096K)
 Metaspace       used 30702K, capacity 31389K, committed 31616K, reserved 1077248K
  class space    used 4115K, capacity 4370K, committed 4480K, reserved 1048576K
}
Event: 4.159 GC heap before
{Heap before GC invocations=6 (full 0):
 garbage-first heap   total 98304K, used 33510K [0x0000000080000000, 0x0000000100000000)
  region size 1024K, 18 young (18432K), 4 survivors (4096K)
 Metaspace       used 35026K, capacity 35802K, committed 35840K, reserved 1081344K
  class space    used 4557K, capacity 4863K, committed 4864K, reserved 1048576K
}
Event: 4.170 GC heap after
{Heap after GC invocations=7 (full 0):
 garbage-first heap   total 98304K, used 22528K [0x0000000080000000, 0x0000000100000000)
  region size 1024K, 6 young (6144K), 6 survivors (6144K)
 Metaspace       used 35026K, capacity 35802K, committed 35840K, reserved 1081344K
  class space    used 4557K, capacity 4863K, committed 4864K, reserved 1048576K
}
Event: 4.729 GC heap before
{Heap before GC invocations=8 (full 0):
 garbage-first heap   total 98304K, used 70656K [0x0000000080000000, 0x0000000100000000)
  region size 1024K, 51 young (52224K), 6 survivors (6144K)
 Metaspace       used 38686K, capacity 39564K, committed 39628K, reserved 1083392K
  class space    used 4944K, capacity 5281K, committed 5324K, reserved 1048576K
}
Event: 4.738 GC heap after
{Heap after GC invocations=9 (full 0):
 garbage-first heap   total 118784K, used 26611K [0x0000000080000000, 0x0000000100000000)
  region size 1024K, 7 young (7168K), 7 survivors (7168K)
 Metaspace       used 38686K, capacity 39564K, committed 39628K, reserved 1083392K
  class space    used 4944K, capacity 5281K, committed 5324K, reserved 1048576K
}
Event: 5.465 GC heap before
{Heap before GC invocations=9 (full 0):
 garbage-first heap   total 118784K, used 80883K [0x0000000080000000, 0x0000000100000000)
  region size 1024K, 60 young (61440K), 7 survivors (7168K)
 Metaspace       used 43451K, capacity 44472K, committed 44620K, reserved 1087488K
  class space    used 5544K, capacity 5906K, committed 5964K, reserved 1048576K
}
Event: 5.472 GC heap after
{Heap after GC invocations=10 (full 0):
 garbage-first heap   total 118784K, used 28443K [0x0000000080000000, 0x0000000100000000)
  region size 1024K, 6 young (6144K), 6 survivors (6144K)
 Metaspace       used 43451K, capacity 44472K, committed 44620K, reserved 1087488K
  class space    used 5544K, capacity 5906K, committed 5964K, reserved 1048576K
}
Event: 6.241 GC heap before
{Heap before GC invocations=10 (full 0):
 garbage-first heap   total 118784K, used 83739K [0x0000000080000000, 0x0000000100000000)
  region size 1024K, 60 young (61440K), 6 survivors (6144K)
 Metaspace       used 47166K, capacity 48356K, committed 48588K, reserved 1091584K
  class space    used 6046K, capacity 6518K, committed 6604K, reserved 1048576K
}
Event: 6.250 GC heap after
{Heap after GC invocations=11 (full 0):
 garbage-first heap   total 118784K, used 31945K [0x0000000080000000, 0x0000000100000000)
  region size 1024K, 6 young (6144K), 6 survivors (6144K)
 Metaspace       used 47166K, capacity 48356K, committed 48588K, reserved 1091584K
  class space    used 6046K, capacity 6518K, committed 6604K, reserved 1048576K
}
Event: 6.938 GC heap before
{Heap before GC invocations=11 (full 0):
 garbage-first heap   total 118784K, used 94409K [0x0000000080000000, 0x0000000100000000)
  region size 1024K, 59 young (60416K), 6 survivors (6144K)
 Metaspace       used 48706K, capacity 50040K, committed 50380K, reserved 1093632K
  class space    used 6228K, capacity 6741K, committed 6860K, reserved 1048576K
}
Event: 6.950 GC heap after
{Heap after GC invocations=12 (full 0):
 garbage-first heap   total 118784K, used 50701K [0x0000000080000000, 0x0000000100000000)
  region size 1024K, 8 young (8192K), 8 survivors (8192K)
 Metaspace       used 48706K, capacity 50040K, committed 50380K, reserved 1093632K
  class space    used 6228K, capacity 6741K, committed 6860K, reserved 1048576K
}
Event: 7.547 GC heap before
{Heap before GC invocations=12 (full 0):
 garbage-first heap   total 118784K, used 90637K [0x0000000080000000, 0x0000000100000000)
  region size 1024K, 47 young (48128K), 8 survivors (8192K)
 Metaspace       used 54126K, capacity 55638K, committed 55884K, reserved 1097728K
  class space    used 6919K, capacity 7455K, committed 7500K, reserved 1048576K
}
Event: 7.556 GC heap after
{Heap after GC invocations=13 (full 0):
 garbage-first heap   total 143360K, used 53273K [0x0000000080000000, 0x0000000100000000)
  region size 1024K, 2 young (2048K), 2 survivors (2048K)
 Metaspace       used 54126K, capacity 55638K, committed 55884K, reserved 1097728K
  class space    used 6919K, capacity 7455K, committed 7500K, reserved 1048576K
}
Event: 8.147 GC heap before
{Heap before GC invocations=13 (full 0):
 garbage-first heap   total 143360K, used 83993K [0x0000000080000000, 0x0000000100000000)
  region size 1024K, 33 young (33792K), 2 survivors (2048K)
 Metaspace       used 58718K, capacity 60182K, committed 60236K, reserved 1101824K
  class space    used 7432K, capacity 7985K, committed 8012K, reserved 1048576K
}
Event: 8.153 GC heap after
{Heap after GC invocations=14 (full 0):
 garbage-first heap   total 143360K, used 54040K [0x0000000080000000, 0x0000000100000000)
  region size 1024K, 3 young (3072K), 3 survivors (3072K)
 Metaspace       used 58718K, capacity 60182K, committed 60236K, reserved 1101824K
  class space    used 7432K, capacity 7985K, committed 8012K, reserved 1048576K
}

Deoptimization events (20 events):
Event: 7.122 Thread 0x000002197192b000 Uncommon trap: trap_request=0xffffff45 fr.pc=0x00000219603f3648 relative=0x0000000000000da8
Event: 7.122 Thread 0x000002197192b000 Uncommon trap: reason=unstable_fused_if action=reinterpret pc=0x00000219603f3648 method=org.objectweb.asm.ByteVector.putUTF8(Ljava/lang/String;)Lorg/objectweb/asm/ByteVector; @ 93 c2
Event: 7.122 Thread 0x000002197192b000 DEOPT PACKING pc=0x00000219603f3648 sp=0x0000002de10f7b70
Event: 7.122 Thread 0x000002197192b000 DEOPT UNPACKING pc=0x000002195878662f sp=0x0000002de10f7ac8 mode 2
Event: 7.123 Thread 0x000002197192b000 Uncommon trap: trap_request=0xffffff4d fr.pc=0x000002196040fd18 relative=0x0000000000005f18
Event: 7.123 Thread 0x000002197192b000 Uncommon trap: reason=unstable_if action=reinterpret pc=0x000002196040fd18 method=org.objectweb.asm.Frame.execute(IILorg/objectweb/asm/Symbol;Lorg/objectweb/asm/SymbolTable;)V @ 1 c2
Event: 7.123 Thread 0x000002197192b000 DEOPT PACKING pc=0x000002196040fd18 sp=0x0000002de10f7d60
Event: 7.123 Thread 0x000002197192b000 DEOPT UNPACKING pc=0x000002195878662f sp=0x0000002de10f7d08 mode 2
Event: 7.144 Thread 0x000002197192b000 Uncommon trap: trap_request=0xffffff45 fr.pc=0x0000021960366904 relative=0x0000000000000224
Event: 7.144 Thread 0x000002197192b000 Uncommon trap: reason=unstable_fused_if action=reinterpret pc=0x0000021960366904 method=org.objectweb.asm.ByteVector.putUTF8(Ljava/lang/String;)Lorg/objectweb/asm/ByteVector; @ 93 c2
Event: 7.144 Thread 0x000002197192b000 DEOPT PACKING pc=0x0000021960366904 sp=0x0000002de10f7ea0
Event: 7.144 Thread 0x000002197192b000 DEOPT UNPACKING pc=0x000002195878662f sp=0x0000002de10f7e20 mode 2
Event: 7.556 Thread 0x00000219703a7000 Uncommon trap: trap_request=0xffffff6e fr.pc=0x00000219604eb9ec relative=0x000000000000052c
Event: 7.556 Thread 0x00000219703a7000 Uncommon trap: reason=speculate_class_check action=maybe_recompile pc=0x00000219604eb9ec method=jdk.internal.ref.PhantomCleanable.clean()V @ 12 c2
Event: 7.556 Thread 0x00000219703a7000 DEOPT PACKING pc=0x00000219604eb9ec sp=0x0000002de05ff2f0
Event: 7.556 Thread 0x00000219703a7000 DEOPT UNPACKING pc=0x000002195878662f sp=0x0000002de05ff2d0 mode 2
Event: 8.077 Thread 0x000002197192b000 Uncommon trap: trap_request=0xfffffff4 fr.pc=0x00000219604d772c relative=0x0000000000000c0c
Event: 8.077 Thread 0x000002197192b000 Uncommon trap: reason=null_check action=make_not_entrant pc=0x00000219604d772c method=java.lang.ThreadLocal$ThreadLocalMap.getEntryAfterMiss(Ljava/lang/ThreadLocal;ILjava/lang/ThreadLocal$ThreadLocalMap$Entry;)Ljava/lang/ThreadLocal$ThreadLocalMap$Entry; 
Event: 8.077 Thread 0x000002197192b000 DEOPT PACKING pc=0x00000219604d772c sp=0x0000002de10f6280
Event: 8.077 Thread 0x000002197192b000 DEOPT UNPACKING pc=0x000002195878662f sp=0x0000002de10f6158 mode 2

Classes redefined (0 events):
No events

Internal exceptions (20 events):
Event: 6.915 Thread 0x00000219722f4000 Exception <a 'java/lang/NoSuchMethodError'{0x000000008409e3f8}: <clinit>> (0x000000008409e3f8) thrown at [./src/hotspot/share/prims/jni.cpp, line 1362]
Event: 6.915 Thread 0x00000219722f4000 Exception <a 'java/lang/NoSuchMethodError'{0x000000008409f508}: <clinit>> (0x000000008409f508) thrown at [./src/hotspot/share/prims/jni.cpp, line 1362]
Event: 6.915 Thread 0x00000219722f4000 Exception <a 'java/lang/NoSuchMethodError'{0x00000000840a0810}: <clinit>> (0x00000000840a0810) thrown at [./src/hotspot/share/prims/jni.cpp, line 1362]
Event: 6.915 Thread 0x00000219722f4000 Exception <a 'java/lang/NoSuchMethodError'{0x00000000840a1a90}: <clinit>> (0x00000000840a1a90) thrown at [./src/hotspot/share/prims/jni.cpp, line 1362]
Event: 6.917 Thread 0x00000219722f4000 Exception <a 'java/lang/NoSuchMethodError'{0x00000000840b4030}: <clinit>> (0x00000000840b4030) thrown at [./src/hotspot/share/prims/jni.cpp, line 1362]
Event: 6.919 Thread 0x00000219722f4000 Exception <a 'java/lang/NoSuchMethodError'{0x00000000840be5d8}: <clinit>> (0x00000000840be5d8) thrown at [./src/hotspot/share/prims/jni.cpp, line 1362]
Event: 6.922 Thread 0x00000219722f4000 Exception <a 'java/lang/NoSuchMethodError'{0x00000000840d2178}: <clinit>> (0x00000000840d2178) thrown at [./src/hotspot/share/prims/jni.cpp, line 1362]
Event: 6.928 Thread 0x000002197192b000 Exception <a 'java/lang/ClassNotFoundException'{0x0000000083f4bf78}: build_80bz6rnrn7bsyb7hicok8w3xlBeanInfo> (0x0000000083f4bf78) thrown at [./src/hotspot/share/classfile/systemDictionary.cpp, line 231]
Event: 6.928 Thread 0x000002197192b000 Exception <a 'java/lang/ClassNotFoundException'{0x0000000083f56f30}: build_80bz6rnrn7bsyb7hicok8w3xlCustomizer> (0x0000000083f56f30) thrown at [./src/hotspot/share/classfile/systemDictionary.cpp, line 231]
Event: 6.973 Thread 0x000002197192b000 Exception <a 'java/lang/ClassNotFoundException'{0x00000000872a3660}: org/gradle/api/internal/plugins/DefaultObjectConfigurationActionBeanInfo> (0x00000000872a3660) thrown at [./src/hotspot/share/classfile/systemDictionary.cpp, line 231]
Event: 6.974 Thread 0x000002197192b000 Exception <a 'java/lang/ClassNotFoundException'{0x00000000872d9b90}: org/gradle/api/internal/plugins/DefaultObjectConfigurationActionCustomizer> (0x00000000872d9b90) thrown at [./src/hotspot/share/classfile/systemDictionary.cpp, line 231]
Event: 7.110 Thread 0x000002197192b000 Exception <a 'java/lang/NoSuchMethodError'{0x000000008670db70}: 'java.lang.Object java.lang.invoke.DirectMethodHandle$Holder.invokeStatic(java.lang.Object, java.lang.Object, java.lang.Object, java.lang.Object, int)'> (0x000000008670db70) thrown at [./src/hotspot/share/interpreter/linkResolver.cpp, line 773]
Event: 7.111 Thread 0x000002197192b000 Exception <a 'java/lang/NoSuchMethodError'{0x0000000086712568}: 'java.lang.Object java.lang.invoke.DirectMethodHandle$Holder.invokeSpecial(java.lang.Object, java.lang.Object, java.lang.Object, java.lang.Object, java.lang.Object, int)'> (0x0000000086712568) thrown at [./src/hotspot/share/interpreter/linkResolver.cpp, line 773]
Event: 7.111 Thread 0x000002197192b000 Exception <a 'java/lang/NoSuchMethodError'{0x0000000086716ba8}: 'java.lang.Object java.lang.invoke.Invokers$Holder.linkToTargetMethod(java.lang.Object, java.lang.Object, java.lang.Object, int, java.lang.Object)'> (0x0000000086716ba8) thrown at [./src/hotspot/share/interpreter/linkResolver.cpp, line 773]
Event: 7.353 Thread 0x000002197192b000 Exception <a 'java/lang/NoSuchMethodError'{0x0000000085980d08}: 'java.lang.Object java.lang.invoke.DirectMethodHandle$Holder.invokeSpecial(java.lang.Object, java.lang.Object, int, int, java.lang.Object, java.lang.Object, java.lang.Object)'> (0x0000000085980d08) thrown at [./src/hotspot/share/interpreter/linkResolver.cpp, line 773]
Event: 7.353 Thread 0x000002197192b000 Exception <a 'java/lang/NoSuchMethodError'{0x0000000085985500}: 'java.lang.Object java.lang.invoke.DelegatingMethodHandle$Holder.reinvoke_L(java.lang.Object, int, int, java.lang.Object, java.lang.Object, java.lang.Object)'> (0x0000000085985500) thrown at [./src/hotspot/share/interpreter/linkResolver.cpp, line 773]
Event: 7.562 Thread 0x000002197192b000 Exception <a 'java/lang/NoSuchMethodError'{0x0000000088b39cd8}: 'int java.lang.invoke.DirectMethodHandle$Holder.invokeInterface(java.lang.Object, java.lang.Object, java.lang.Object, java.lang.Object)'> (0x0000000088b39cd8) thrown at [./src/hotspot/share/interpreter/linkResolver.cpp, line 773]
Event: 7.984 Thread 0x000002197192b000 Exception <a 'java/lang/NoSuchMethodError'{0x0000000087589760}: 'void java.lang.invoke.DirectMethodHandle$Holder.invokeInterface(java.lang.Object, java.lang.Object, java.lang.Object, java.lang.Object)'> (0x0000000087589760) thrown at [./src/hotspot/share/interpreter/linkResolver.cpp, line 773]
Event: 8.077 Thread 0x000002197192b000 Implicit null exception at 0x00000219604d6bee to 0x00000219604d7704
Event: 8.173 Thread 0x000002197192b000 Exception <a 'java/lang/IncompatibleClassChangeError'{0x0000000088b0d9a8}: Found class java.lang.Object, but interface was expected> (0x0000000088b0d9a8) thrown at [./src/hotspot/share/interpreter/linkResolver.cpp, line 839]

Events (20 events):
Event: 8.234 Executing VM operation: CGC_Operation
Event: 8.234 loading class java/lang/management/BufferPoolMXBean
Event: 8.234 loading class java/lang/management/BufferPoolMXBean done
Event: 8.234 loading class sun/management/ManagementFactoryHelper$1 done
Event: 8.234 Executing VM operation: CGC_Operation done
Event: 8.234 loading class sun/nio/ch/FileChannelImpl$1
Event: 8.234 loading class sun/nio/ch/FileChannelImpl$1 done
Event: 8.237 loading class com/sun/management/internal/HotSpotDiagnostic
Event: 8.237 loading class com/sun/management/HotSpotDiagnosticMXBean
Event: 8.237 loading class com/sun/management/HotSpotDiagnosticMXBean done
Event: 8.238 loading class com/sun/management/internal/HotSpotDiagnostic done
Event: 8.238 loading class com/sun/management/VMOption
Event: 8.238 loading class com/sun/management/VMOption done
Event: 8.238 loading class com/sun/management/VMOption$Origin
Event: 8.239 loading class com/sun/management/VMOption$Origin done
Event: 8.239 loading class jdk/management/jfr/SettingDescriptorInfo
Event: 8.240 loading class jdk/management/jfr/SettingDescriptorInfo done
Event: 8.240 loading class jdk/management/jfr/SettingDescriptorInfo$1
Event: 8.240 loading class jdk/management/jfr/SettingDescriptorInfo$1 done
Event: 8.240 loading class jdk/management/jfr/FlightRecorderMXBeanImpl


Dynamic libraries:
0x00007ff712f70000 - 0x00007ff712f7a000 	C:\Program Files\Android\Android Studio\jre\bin\java.exe
0x00007ffab9850000 - 0x00007ffab9a47000 	C:\WINDOWS\SYSTEM32\ntdll.dll
0x00007ffab7960000 - 0x00007ffab7a1d000 	C:\WINDOWS\System32\KERNEL32.DLL
0x00007ffab7040000 - 0x00007ffab730d000 	C:\WINDOWS\System32\KERNELBASE.dll
0x00007ffab7700000 - 0x00007ffab7800000 	C:\WINDOWS\System32\ucrtbase.dll
0x00007ffaa3830000 - 0x00007ffaa3847000 	C:\Program Files\Android\Android Studio\jre\bin\VCRUNTIME140.dll
0x00007ffaa3850000 - 0x00007ffaa3869000 	C:\Program Files\Android\Android Studio\jre\bin\jli.dll
0x00007ffab8fd0000 - 0x00007ffab9170000 	C:\WINDOWS\System32\USER32.dll
0x00007ffab7010000 - 0x00007ffab7032000 	C:\WINDOWS\System32\win32u.dll
0x00007ffaa1370000 - 0x00007ffaa160a000 	C:\WINDOWS\WinSxS\amd64_microsoft.windows.common-controls_6595b64144ccf1df_6.0.19041.1110_none_60b5254171f9507e\COMCTL32.dll
0x00007ffab8490000 - 0x00007ffab84ba000 	C:\WINDOWS\System32\GDI32.dll
0x00007ffab8d60000 - 0x00007ffab8dfe000 	C:\WINDOWS\System32\msvcrt.dll
0x00007ffab73d0000 - 0x00007ffab74db000 	C:\WINDOWS\System32\gdi32full.dll
0x00007ffab6f70000 - 0x00007ffab700d000 	C:\WINDOWS\System32\msvcp_win.dll
0x00007ffab8f30000 - 0x00007ffab8f60000 	C:\WINDOWS\System32\IMM32.DLL
0x00007ffa9a3a0000 - 0x00007ffa9a43d000 	C:\Program Files\Android\Android Studio\jre\bin\msvcp140.dll
0x00007ffa69200000 - 0x00007ffa69cd5000 	C:\Program Files\Android\Android Studio\jre\bin\server\jvm.dll
0x00007ffab8c10000 - 0x00007ffab8cbe000 	C:\WINDOWS\System32\ADVAPI32.dll
0x00007ffab9350000 - 0x00007ffab93ec000 	C:\WINDOWS\System32\sechost.dll
0x00007ffab8e00000 - 0x00007ffab8f25000 	C:\WINDOWS\System32\RPCRT4.dll
0x00007ffab8f60000 - 0x00007ffab8f68000 	C:\WINDOWS\System32\PSAPI.DLL
0x00007ffab19d0000 - 0x00007ffab19d9000 	C:\WINDOWS\SYSTEM32\WSOCK32.dll
0x00007ffaacf20000 - 0x00007ffaacf47000 	C:\WINDOWS\SYSTEM32\WINMM.dll
0x00007ffab0640000 - 0x00007ffab064a000 	C:\WINDOWS\SYSTEM32\VERSION.dll
0x00007ffab91d0000 - 0x00007ffab923b000 	C:\WINDOWS\System32\WS2_32.dll
0x00007ffab4e30000 - 0x00007ffab4e42000 	C:\WINDOWS\SYSTEM32\kernel.appcore.dll
0x00007ffab1940000 - 0x00007ffab1951000 	C:\Program Files\Android\Android Studio\jre\bin\verify.dll
0x00007ffaa25b0000 - 0x00007ffaa2794000 	C:\WINDOWS\SYSTEM32\DBGHELP.DLL
0x00007ffa9ec10000 - 0x00007ffa9ec3c000 	C:\WINDOWS\SYSTEM32\dbgcore.DLL
0x00007ffab7340000 - 0x00007ffab73c2000 	C:\WINDOWS\System32\bcryptPrimitives.dll
0x00007ffab00b0000 - 0x00007ffab00d9000 	C:\Program Files\Android\Android Studio\jre\bin\java.dll
0x00007ffab19c0000 - 0x00007ffab19cb000 	C:\Program Files\Android\Android Studio\jre\bin\jimage.dll
0x00007ffab18e0000 - 0x00007ffab18f8000 	C:\Program Files\Android\Android Studio\jre\bin\zip.dll
0x00007ffab84c0000 - 0x00007ffab8c04000 	C:\WINDOWS\System32\SHELL32.dll
0x00007ffab5030000 - 0x00007ffab57c4000 	C:\WINDOWS\SYSTEM32\windows.storage.dll
0x00007ffab7f10000 - 0x00007ffab8264000 	C:\WINDOWS\System32\combase.dll
0x00007ffab6900000 - 0x00007ffab692c000 	C:\WINDOWS\SYSTEM32\Wldp.dll
0x00007ffab78b0000 - 0x00007ffab795d000 	C:\WINDOWS\System32\SHCORE.dll
0x00007ffab92f0000 - 0x00007ffab9345000 	C:\WINDOWS\System32\shlwapi.dll
0x00007ffab6eb0000 - 0x00007ffab6ecf000 	C:\WINDOWS\SYSTEM32\profapi.dll
0x00007ffaae640000 - 0x00007ffaae65a000 	C:\Program Files\Android\Android Studio\jre\bin\net.dll
0x00007ffaa5710000 - 0x00007ffaa581a000 	C:\WINDOWS\SYSTEM32\WINHTTP.dll
0x00007ffab6610000 - 0x00007ffab667a000 	C:\WINDOWS\system32\mswsock.dll
0x00007ffaae4f0000 - 0x00007ffaae504000 	C:\Program Files\Android\Android Studio\jre\bin\nio.dll
0x00007ffa9ae40000 - 0x00007ffa9ae67000 	C:\Users\souvik dey\.gradle\native\e1d6ef7f7dcc3fd88c89a11ec53ec762bb8ba0a96d01ffa2cd45eb1d1d8dd5c5\windows-amd64\native-platform.dll
0x00007ffa8e4b0000 - 0x00007ffa8e5f4000 	C:\Users\souvik dey\.gradle\native\5664cfc778a61ccfe75a443a1ab52a65af34e5dc3c78e0209fed803814484fcb\windows-amd64\native-platform-file-events.dll
0x00007ffab0ff0000 - 0x00007ffab0ffa000 	C:\Program Files\Android\Android Studio\jre\bin\management.dll
0x00007ffaa5870000 - 0x00007ffaa587d000 	C:\Program Files\Android\Android Studio\jre\bin\management_ext.dll
0x00007ffab67d0000 - 0x00007ffab67e8000 	C:\WINDOWS\SYSTEM32\CRYPTSP.dll
0x00007ffab5fa0000 - 0x00007ffab5fd4000 	C:\WINDOWS\system32\rsaenh.dll
0x00007ffab7310000 - 0x00007ffab7337000 	C:\WINDOWS\System32\bcrypt.dll
0x00007ffab6e30000 - 0x00007ffab6e5e000 	C:\WINDOWS\SYSTEM32\USERENV.dll
0x00007ffab67f0000 - 0x00007ffab67fc000 	C:\WINDOWS\SYSTEM32\CRYPTBASE.dll
0x00007ffab6320000 - 0x00007ffab635b000 	C:\WINDOWS\SYSTEM32\IPHLPAPI.DLL
0x00007ffab8270000 - 0x00007ffab8278000 	C:\WINDOWS\System32\NSI.dll
0x00007ffaad670000 - 0x00007ffaad687000 	C:\WINDOWS\SYSTEM32\dhcpcsvc6.DLL
0x00007ffaaf450000 - 0x00007ffaaf46d000 	C:\WINDOWS\SYSTEM32\dhcpcsvc.DLL
0x00007ffab6360000 - 0x00007ffab642b000 	C:\WINDOWS\SYSTEM32\DNSAPI.dll

dbghelp: loaded successfully - version: 4.0.5 - missing functions: none
symbol engine: initialized successfully - sym options: 0x614 - pdb path: .;C:\Program Files\Android\Android Studio\jre\bin;C:\WINDOWS\SYSTEM32;C:\WINDOWS\WinSxS\amd64_microsoft.windows.common-controls_6595b64144ccf1df_6.0.19041.1110_none_60b5254171f9507e;C:\Program Files\Android\Android Studio\jre\bin\server;C:\Users\souvik dey\.gradle\native\e1d6ef7f7dcc3fd88c89a11ec53ec762bb8ba0a96d01ffa2cd45eb1d1d8dd5c5\windows-amd64;C:\Users\souvik dey\.gradle\native\5664cfc778a61ccfe75a443a1ab52a65af34e5dc3c78e0209fed803814484fcb\windows-amd64

VM Arguments:
jvm_args: --add-opens=java.base/java.util=ALL-UNNAMED --add-opens=java.base/java.lang=ALL-UNNAMED --add-opens=java.base/java.lang.invoke=ALL-UNNAMED --add-opens=java.base/java.util=ALL-UNNAMED --add-opens=java.prefs/java.util.prefs=ALL-UNNAMED --add-opens=java.prefs/java.util.prefs=ALL-UNNAMED --add-opens=java.base/java.nio.charset=ALL-UNNAMED --add-opens=java.base/java.net=ALL-UNNAMED --add-opens=java.base/java.util.concurrent.atomic=ALL-UNNAMED -Xmx2048m -Dfile.encoding=UTF-8 -Duser.country=IN -Duser.language=en -Duser.variant 
java_command: org.gradle.launcher.daemon.bootstrap.GradleDaemon 7.2
java_class_path (initial): C:\Users\souvik dey\.gradle\wrapper\dists\gradle-7.2-bin\2dnblmf4td7x66yl1d74lt32g\gradle-7.2\lib\gradle-launcher-7.2.jar
Launcher Type: SUN_STANDARD

[Global flags]
     intx CICompilerCount                          = 4                                         {product} {ergonomic}
     uint ConcGCThreads                            = 2                                         {product} {ergonomic}
     uint G1ConcRefinementThreads                  = 8                                         {product} {ergonomic}
   size_t G1HeapRegionSize                         = 1048576                                   {product} {ergonomic}
    uintx GCDrainStackTargetSize                   = 64                                        {product} {ergonomic}
   size_t InitialHeapSize                          = 100663296                                 {product} {ergonomic}
   size_t MarkStackSize                            = 4194304                                   {product} {ergonomic}
   size_t MaxHeapSize                              = 2147483648                                {product} {command line}
   size_t MaxNewSize                               = 1287651328                                {product} {ergonomic}
   size_t MinHeapDeltaBytes                        = 1048576                                   {product} {ergonomic}
    uintx NonNMethodCodeHeapSize                   = 5836300                                {pd product} {ergonomic}
    uintx NonProfiledCodeHeapSize                  = 122910970                              {pd product} {ergonomic}
    uintx ProfiledCodeHeapSize                     = 122910970                              {pd product} {ergonomic}
    uintx ReservedCodeCacheSize                    = 251658240                              {pd product} {ergonomic}
     bool SegmentedCodeCache                       = true                                      {product} {ergonomic}
     bool UseCompressedClassPointers               = true                                 {lp64_product} {ergonomic}
     bool UseCompressedOops                        = true                                 {lp64_product} {ergonomic}
     bool UseG1GC                                  = true                                      {product} {ergonomic}
     bool UseLargePagesIndividualAllocation        = false                                  {pd product} {ergonomic}

Logging:
Log output configuration:
 #0: stdout all=warning uptime,level,tags
 #1: stderr all=off uptime,level,tags

Environment Variables:
PATH=C:\Program Files\Python310\Scripts\;C:\Program Files\Python310\;C:\WINDOWS\system32;C:\WINDOWS;C:\WINDOWS\System32\Wbem;C:\WINDOWS\System32\WindowsPowerShell\v1.0\;C:\WINDOWS\System32\OpenSSH\;C:\MinGW\bin;C:\Program Files\Git\cmd;C:\Users\souvik dey\AppData\Local\Microsoft\WindowsApps;C:\Users\souvik dey\AppData\Local\atom\bin;C:\Users\souvik dey\AppData\Local\GitHubDesktop\bin
USERNAME=souvik dey
OS=Windows_NT
PROCESSOR_IDENTIFIER=AMD64 Family 23 Model 24 Stepping 1, AuthenticAMD



---------------  S Y S T E M  ---------------

OS: Windows 10 , 64 bit Build 19041 (10.0.19041.1741)
OS uptime: 16 days 0:38 hours
Hyper-V role detected

CPU:total 8 (initial active 8) (8 cores per cpu, 2 threads per core) family 23 model 24 stepping 1 microcode 0x0, cmov, cx8, fxsr, mmx, sse, sse2, sse3, ssse3, sse4.1, sse4.2, popcnt, avx, avx2, aes, clmul, mmxext, 3dnowpref, lzcnt, sse4a, ht, tsc, tscinvbit, tscinv, bmi1, bmi2, adx, s

Memory: 4k page, system-wide physical 6058M (404M free)
TotalPageFile size 24490M (AvailPageFile size 6M)
current process WorkingSet (physical memory assigned to process): 335M, peak: 335M
current process commit charge ("private bytes"): 374M, peak: 376M

vm_info: OpenJDK 64-Bit Server VM (11.0.11+9-b60-7590822) for windows-amd64 JRE (11.0.11+9-b60-7590822), built on Jul 29 2021 21:43:44 by "builder" with MS VC++ 14.0 (VS2015)

END.
